P: Retrieving Release
P: Retrieving Release.gpg
P: Validating Release
I: Good signature from "Debian Archive Automatic Signing Key (6.0/squeeze) <ftpmaster@debian.org>"
P: Parsing Release
P: Validating Packages.gz
P: Parsing Packages
P: Validating libc-bin
P: Validating gcc-4.7-base
P: Validating multiarch-support
P: Validating libgcc1
P: Validating libc6
P: Validating libbz2-1.0
P: Validating liblzma5
P: Validating libselinux1
P: Validating zlib1g
P: Validating tar
P: Validating dpkg
P: Validating perl-base
P: Validating debconf
P: Validating libpam0g
P: Validating libsemanage-common
P: Validating libsepol1
P: Validating libustr-1.0-1
P: Validating libsemanage1
P: Validating libdb5.1
P: Validating libpam-modules-bin
P: Validating libpam-modules
P: Validating sensible-utils
P: Validating debianutils
P: Validating passwd
P: Validating adduser
P: Validating libstdc++6
P: Validating libapt-pkg4.12
P: Validating gpgv
P: Validating debian-archive-keyring
P: Validating readline-common
P: Validating libtinfo5
P: Validating libreadline6
P: Validating libusb-0.1-4
P: Validating gnupg
P: Validating apt
P: Validating libapt-inst1.5
P: Validating apt-utils
P: Validating aptitude-common
P: Validating libboost-iostreams1.49.0
P: Validating libncursesw5
P: Validating libsigc++-2.0-0c2a
P: Validating libcwidget3
P: Validating libuuid1
P: Validating libxapian22
P: Validating libept1.4.12
P: Validating libsqlite3-0
P: Validating aptitude
P: Validating mawk
P: Validating base-files
P: Validating base-passwd
P: Validating dash
P: Validating bash
P: Validating libncurses5
P: Validating bsdutils
P: Validating bsdmainutils
P: Validating libattr1
P: Validating libacl1
P: Validating coreutils
P: Validating cpio
P: Validating lsb-base
P: Validating libpam-runtime
P: Validating cron
P: Validating liblocale-gettext-perl
P: Validating libtext-iconv-perl
P: Validating libtext-charwidth-perl
P: Validating libtext-wrapi18n-perl
P: Validating debconf-i18n
P: Validating diffutils
P: Validating dmidecode
P: Validating e2fslibs
P: Validating libblkid1
P: Validating libcomerr2
P: Validating libss2
P: Validating tzdata
P: Validating libmount1
P: Validating mount
P: Validating sysvinit-utils
P: Validating insserv
P: Validating sysv-rc
P: Validating initscripts
P: Validating libslang2
P: Validating util-linux
P: Validating e2fsprogs
P: Validating findutils
P: Validating grep
P: Validating groff-base
P: Validating gzip
P: Validating hostname
P: Validating iproute
P: Validating ifupdown
P: Validating install-info
P: Validating info
P: Validating libnfnetlink0
P: Validating iptables
P: Validating libssl1.0.0
P: Validating iputils-ping
P: Validating isc-dhcp-common
P: Validating isc-dhcp-client
P: Validating libkmod2
P: Validating kmod
P: Validating libgdbm3
P: Validating libnewt0.52
P: Validating libpipeline1
P: Validating libpopt0
P: Validating libprocps0
P: Validating libudev0
P: Validating login
P: Validating logrotate
P: Validating man-db
P: Validating manpages
P: Validating nano
P: Validating ncurses-base
P: Validating ncurses-bin
P: Validating net-tools
P: Validating netbase
P: Validating netcat-traditional
P: Validating procps
P: Validating rsyslog
P: Validating sed
P: Validating sysvinit
P: Validating tasksel-data
P: Validating tasksel
P: Validating traceroute
P: Validating udev
P: Validating vim-common
P: Validating vim-tiny
P: Validating libgpg-error0
P: Validating libgcrypt11
P: Validating libp11-kit0
P: Validating libtasn1-3
P: Validating libgnutls26
P: Validating libidn11
P: Validating wget
P: Validating whiptail
P: Validating xz-utils
P: Extracting libc-bin
P: Extracting gcc-4.7-base
P: Extracting libgcc1
P: Extracting libc6
P: Extracting multiarch-support
P: Extracting liblzma5
P: Extracting libselinux1
P: Extracting zlib1g
P: Extracting tar
P: Extracting libbz2-1.0
P: Extracting dpkg
P: Extracting perl-base
P: Extracting debconf
P: Extracting libpam0g
P: Extracting libsepol1
P: Extracting libpam-modules-bin
P: Extracting libdb5.1
P: Extracting libpam-modules
P: Extracting sensible-utils
P: Extracting debianutils
P: Extracting libsemanage-common
P: Extracting libustr-1.0-1
P: Extracting libsemanage1
P: Extracting passwd
P: Extracting libtinfo5
P: Extracting libuuid1
P: Extracting mawk
P: Extracting base-files
P: Extracting base-passwd
P: Extracting dash
P: Extracting bash
P: Extracting libncurses5
P: Extracting bsdutils
P: Extracting libattr1
P: Extracting libacl1
P: Extracting coreutils
P: Extracting lsb-base
P: Extracting libpam-runtime
P: Extracting liblocale-gettext-perl
P: Extracting libtext-iconv-perl
P: Extracting libtext-charwidth-perl
P: Extracting libtext-wrapi18n-perl
P: Extracting debconf-i18n
P: Extracting diffutils
P: Extracting e2fslibs
P: Extracting libblkid1
P: Extracting libcomerr2
P: Extracting libss2
P: Extracting tzdata
P: Extracting libmount1
P: Extracting mount
P: Extracting sysvinit-utils
P: Extracting insserv
P: Extracting sysv-rc
P: Extracting initscripts
P: Extracting libslang2
P: Extracting util-linux
P: Extracting e2fsprogs
P: Extracting findutils
P: Extracting grep
P: Extracting gzip
P: Extracting hostname
P: Extracting login
P: Extracting ncurses-base
P: Extracting ncurses-bin
P: Extracting sed
P: Extracting sysvinit
P: Extracting xz-utils
O: Selecting previously unselected package dpkg.
O: (Reading database ... 
O: dpkg: regarding .../dpkg_1.16.10_amd64.deb containing dpkg, pre-dependency problem:
O:  dpkg pre-depends on libbz2-1.0
O:   libbz2-1.0 is not installed.
O: 
O: dpkg: warning: ignoring pre-dependency problem!
O: dpkg: regarding .../dpkg_1.16.10_amd64.deb containing dpkg, pre-dependency problem:
O:  dpkg pre-depends on libc6 (>= 2.11)
O: 
O: dpkg: warning: ignoring pre-dependency problem!
O: dpkg: regarding .../dpkg_1.16.10_amd64.deb containing dpkg, pre-dependency problem:
O:  dpkg pre-depends on liblzma5 (>= 5.1.1alpha+20120614)
O: 
O: dpkg: warning: ignoring pre-dependency problem!
O: dpkg: regarding .../dpkg_1.16.10_amd64.deb containing dpkg, pre-dependency problem:
O:  dpkg pre-depends on libselinux1 (>= 1.32)
O: 
O: dpkg: warning: ignoring pre-dependency problem!
O: dpkg: regarding .../dpkg_1.16.10_amd64.deb containing dpkg, pre-dependency problem:
O:  dpkg pre-depends on zlib1g (>= 1:1.1.4)
O: 
O: dpkg: warning: ignoring pre-dependency problem!
O: dpkg: regarding .../dpkg_1.16.10_amd64.deb containing dpkg, pre-dependency problem:
O:  dpkg pre-depends on tar (>= 1.23)
O: 
O: dpkg: warning: ignoring pre-dependency problem!
O: 0 files and directories currently installed.)
O: Unpacking dpkg (from .../dpkg_1.16.10_amd64.deb) ...
P: Unpacking package dpkg
O: Setting up dpkg (1.16.10) ...
P: Configuring package dpkg
O: dpkg: dpkg: dependency problems, but configuring anyway as you requested:
O:  dpkg depends on libbz2-1.0; however:
O:   Package libbz2-1.0 is not installed.
O:  dpkg depends on libc6 (>= 2.11); however:
O:   Package libc6 is not installed.
O:  dpkg depends on liblzma5 (>= 5.1.1alpha+20120614); however:
O:   Package liblzma5 is not installed.
O:  dpkg depends on libselinux1 (>= 1.32); however:
O:   Package libselinux1 is not installed.
O:  dpkg depends on zlib1g (>= 1:1.1.4); however:
O:   Package zlib1g is not installed.
O:  dpkg depends on tar (>= 1.23); however:
O:   Package tar is not installed.
O: 
P: Configuring helper cdebootstrap-helper-rc.d
O: Selecting previously unselected package cdebootstrap-helper-rc.d.
O: (Reading database ... 282 files and directories currently installed.)
O: Unpacking cdebootstrap-helper-rc.d (from .../cdebootstrap-helper-rc.d.deb) ...
O: Setting up cdebootstrap-helper-rc.d (1) ...
P: Configuring helper cdebootstrap-helper-makedev
O: Selecting previously unselected package cdebootstrap-helper-makedev.
O: (Reading database ... 
O: 283 files and directories currently installed.)
O: Unpacking cdebootstrap-helper-makedev (from .../cdebootstrap-helper-makedev.deb) ...
O: Setting up cdebootstrap-helper-makedev (1) ...
O: Selecting previously unselected package libc-bin.
O: (Reading database ... 
O: 283 files and directories currently installed.)
O: Unpacking libc-bin (from .../libc-bin_2.13-38_amd64.deb) ...
P: Unpacking package libc-bin
O: Selecting previously unselected package gcc-4.7-base:amd64.
O: Unpacking gcc-4.7-base:amd64 (from .../gcc-4.7-base_4.7.2-5_amd64.deb) ...
P: Unpacking package gcc-4.7-base:amd64
O: Selecting previously unselected package libgcc1:amd64.
O: dpkg: regarding .../libgcc1_4.7.2-5_amd64.deb containing libgcc1:amd64, pre-dependency problem:
O:  libgcc1 pre-depends on multiarch-support
O:   multiarch-support is not installed.
O: 
O: dpkg: warning: ignoring pre-dependency problem!
O: Unpacking libgcc1:amd64 (from .../libgcc1_4.7.2-5_amd64.deb) ...
P: Unpacking package libgcc1:amd64
O: Selecting previously unselected package libc6:amd64.
O: Unpacking libc6:amd64 (from .../libc6_2.13-38_amd64.deb) ...
P: Unpacking package libc6:amd64
O: Selecting previously unselected package multiarch-support.
O: Unpacking multiarch-support (from .../multiarch-support_2.13-38_amd64.deb) ...
P: Unpacking package multiarch-support
O: Selecting previously unselected package liblzma5:amd64.
O: dpkg: regarding .../liblzma5_5.1.1alpha+20120614-2_amd64.deb containing liblzma5:amd64, pre-dependency problem:
O:  liblzma5 pre-depends on multiarch-support
O:   multiarch-support is unpacked, but has never been configured.
O: 
O: dpkg: warning: ignoring pre-dependency problem!
O: Unpacking liblzma5:amd64 (from .../liblzma5_5.1.1alpha+20120614-2_amd64.deb) ...
P: Unpacking package liblzma5:amd64
O: Selecting previously unselected package libselinux1:amd64.
O: dpkg: regarding .../libselinux1_2.1.9-5_amd64.deb containing libselinux1:amd64, pre-dependency problem:
O:  libselinux1 pre-depends on multiarch-support
O:   multiarch-support is unpacked, but has never been configured.
O: 
O: dpkg: warning: ignoring pre-dependency problem!
O: Unpacking libselinux1:amd64 (from .../libselinux1_2.1.9-5_amd64.deb) ...
P: Unpacking package libselinux1:amd64
O: Selecting previously unselected package zlib1g:amd64.
O: dpkg: regarding .../zlib1g_1.2.7.dfsg-13_amd64.deb containing zlib1g:amd64, pre-dependency problem:
O:  zlib1g pre-depends on multiarch-support
O:   multiarch-support is unpacked, but has never been configured.
O: 
O: dpkg: warning: ignoring pre-dependency problem!
O: Unpacking zlib1g:amd64 (from .../zlib1g_1.2.7.dfsg-13_amd64.deb) ...
P: Unpacking package zlib1g:amd64
O: Selecting previously unselected package tar.
O: dpkg: regarding .../tar_1.26+dfsg-0.1_amd64.deb containing tar, pre-dependency problem:
O:  tar pre-depends on libc6 (>= 2.8)
O:   libc6:amd64 is unpacked, but has never been configured.
O: 
O: dpkg: warning: ignoring pre-dependency problem!
O: Unpacking tar (from .../tar_1.26+dfsg-0.1_amd64.deb) ...
P: Unpacking package tar
O: Selecting previously unselected package libbz2-1.0:amd64.
O: dpkg: regarding .../libbz2-1.0_1.0.6-4_amd64.deb containing libbz2-1.0:amd64, pre-dependency problem:
O:  libbz2-1.0 pre-depends on multiarch-support
O:   multiarch-support is unpacked, but has never been configured.
O: 
O: dpkg: warning: ignoring pre-dependency problem!
O: Unpacking libbz2-1.0:amd64 (from .../libbz2-1.0_1.0.6-4_amd64.deb) ...
P: Unpacking package libbz2-1.0:amd64
O: Selecting previously unselected package perl-base.
O: dpkg: regarding .../perl-base_5.14.2-21_amd64.deb containing perl-base, pre-dependency problem:
O:  perl-base pre-depends on libc6 (>= 2.11)
O:   libc6:amd64 is unpacked, but has never been configured.
O: 
O: dpkg: warning: ignoring pre-dependency problem!
O: Unpacking perl-base (from .../perl-base_5.14.2-21_amd64.deb) ...
P: Unpacking package perl-base
O: Selecting previously unselected package debconf.
O: dpkg: regarding .../debconf_1.5.49_all.deb containing debconf, pre-dependency problem:
O:  debconf pre-depends on perl-base (>= 5.6.1-4)
O:   perl-base is unpacked, but has never been configured.
O: 
O: dpkg: warning: ignoring pre-dependency problem!
O: Unpacking debconf (from .../debconf_1.5.49_all.deb) ...
P: Unpacking package debconf
O: Selecting previously unselected package libpam0g:amd64.
O: dpkg: regarding .../libpam0g_1.1.3-7.1_amd64.deb containing libpam0g:amd64, pre-dependency problem:
O:  libpam0g pre-depends on multiarch-support
O:   multiarch-support is unpacked, but has never been configured.
O: 
O: dpkg: warning: ignoring pre-dependency problem!
O: Unpacking libpam0g:amd64 (from .../libpam0g_1.1.3-7.1_amd64.deb) ...
P: Unpacking package libpam0g:amd64
O: Selecting previously unselected package libsepol1:amd64.
O: dpkg: regarding .../libsepol1_2.1.4-3_amd64.deb containing libsepol1:amd64, pre-dependency problem:
O:  libsepol1 pre-depends on multiarch-support
O:   multiarch-support is unpacked, but has never been configured.
O: 
O: dpkg: warning: ignoring pre-dependency problem!
O: Unpacking libsepol1:amd64 (from .../libsepol1_2.1.4-3_amd64.deb) ...
P: Unpacking package libsepol1:amd64
O: Selecting previously unselected package libpam-modules-bin.
O: Unpacking libpam-modules-bin (from .../libpam-modules-bin_1.1.3-7.1_amd64.deb) ...
P: Unpacking package libpam-modules-bin
O: Selecting previously unselected package libdb5.1:amd64.
O: dpkg: regarding .../libdb5.1_5.1.29-5_amd64.deb containing libdb5.1:amd64, pre-dependency problem:
O:  libdb5.1 pre-depends on multiarch-support
O:   multiarch-support is unpacked, but has never been configured.
O: 
O: dpkg: warning: ignoring pre-dependency problem!
O: Unpacking libdb5.1:amd64 (from .../libdb5.1_5.1.29-5_amd64.deb) ...
P: Unpacking package libdb5.1:amd64
O: Selecting previously unselected package libpam-modules:amd64.
O: dpkg: regarding .../libpam-modules_1.1.3-7.1_amd64.deb containing libpam-modules:amd64, pre-dependency problem:
O:  libpam-modules pre-depends on libc6 (>= 2.8)
O:   libc6:amd64 is unpacked, but has never been configured.
O: 
O: dpkg: warning: ignoring pre-dependency problem!
O: dpkg: regarding .../libpam-modules_1.1.3-7.1_amd64.deb containing libpam-modules:amd64, pre-dependency problem:
O:  libpam-modules pre-depends on libdb5.1
O:   libdb5.1:amd64 is unpacked, but has never been configured.
O: 
O: dpkg: warning: ignoring pre-dependency problem!
O: dpkg: regarding .../libpam-modules_1.1.3-7.1_amd64.deb containing libpam-modules:amd64, pre-dependency problem:
O:  libpam-modules pre-depends on libpam0g (>= 1.1.3-2)
O:   libpam0g:amd64 is unpacked, but has never been configured.
O: 
O: dpkg: warning: ignoring pre-dependency problem!
O: dpkg: regarding .../libpam-modules_1.1.3-7.1_amd64.deb containing libpam-modules:amd64, pre-dependency problem:
O:  libpam-modules pre-depends on libselinux1 (>= 2.0.85)
O:   libselinux1:amd64 is unpacked, but has never been configured.
O: 
O: dpkg: warning: ignoring pre-dependency problem!
O: dpkg: regarding .../libpam-modules_1.1.3-7.1_amd64.deb containing libpam-modules:amd64, pre-dependency problem:
O:  libpam-modules pre-depends on debconf (>= 0.5) | debconf-2.0
O:   debconf is unpacked, but has never been configured.
O:   debconf provides debconf-2.0 but is unpacked but not configured.
O: 
O: dpkg: warning: ignoring pre-dependency problem!
O: dpkg: regarding .../libpam-modules_1.1.3-7.1_amd64.deb containing libpam-modules:amd64, pre-dependency problem:
O:  libpam-modules pre-depends on libpam-modules-bin (= 1.1.3-7.1)
O:   libpam-modules-bin is unpacked, but has never been configured.
O: 
O: dpkg: warning: ignoring pre-dependency problem!
O: Unpacking libpam-modules:amd64 (from .../libpam-modules_1.1.3-7.1_amd64.deb) ...
P: Unpacking package libpam-modules:amd64
O: Use of uninitialized value in concatenation (.) or string at /usr/share/perl5/Debconf/Config.pm line 22.
O: Selecting previously unselected package sensible-utils.
O: Unpacking sensible-utils (from .../sensible-utils_0.0.7_all.deb) ...
P: Unpacking package sensible-utils
O: Selecting previously unselected package debianutils.
O: dpkg: regarding .../debianutils_4.3.2_amd64.deb containing debianutils, pre-dependency problem:
O:  debianutils pre-depends on libc6 (>= 2.7)
O:   libc6:amd64 is unpacked, but has never been configured.
O: 
O: dpkg: warning: ignoring pre-dependency problem!
O: Unpacking debianutils (from .../debianutils_4.3.2_amd64.deb) ...
P: Unpacking package debianutils
O: Selecting previously unselected package libsemanage-common.
O: Unpacking libsemanage-common (from .../libsemanage-common_2.1.6-6_all.deb) ...
P: Unpacking package libsemanage-common
O: Selecting previously unselected package libustr-1.0-1:amd64.
O: dpkg: regarding .../libustr-1.0-1_1.0.4-3_amd64.deb containing libustr-1.0-1:amd64, pre-dependency problem:
O:  libustr-1.0-1 pre-depends on multiarch-support
O:   multiarch-support is unpacked, but has never been configured.
O: 
O: dpkg: warning: ignoring pre-dependency problem!
O: Unpacking libustr-1.0-1:amd64 (from .../libustr-1.0-1_1.0.4-3_amd64.deb) ...
P: Unpacking package libustr-1.0-1:amd64
O: Selecting previously unselected package libsemanage1:amd64.
O: dpkg: regarding .../libsemanage1_2.1.6-6_amd64.deb containing libsemanage1:amd64, pre-dependency problem:
O:  libsemanage1 pre-depends on multiarch-support
O:   multiarch-support is unpacked, but has never been configured.
O: 
O: dpkg: warning: ignoring pre-dependency problem!
O: Unpacking libsemanage1:amd64 (from .../libsemanage1_2.1.6-6_amd64.deb) ...
P: Unpacking package libsemanage1:amd64
O: Selecting previously unselected package passwd.
O: Unpacking passwd (from .../passwd_4.1.5.1-1_amd64.deb) ...
P: Unpacking package passwd
O: Selecting previously unselected package libtinfo5:amd64.
O: dpkg: regarding .../libtinfo5_5.9-10_amd64.deb containing libtinfo5:amd64, pre-dependency problem:
O:  libtinfo5 pre-depends on multiarch-support
O:   multiarch-support is unpacked, but has never been configured.
O: 
O: dpkg: warning: ignoring pre-dependency problem!
O: Unpacking libtinfo5:amd64 (from .../libtinfo5_5.9-10_amd64.deb) ...
P: Unpacking package libtinfo5:amd64
O: Selecting previously unselected package libuuid1:amd64.
O: dpkg: regarding .../libuuid1_2.20.1-5.3_amd64.deb containing libuuid1:amd64, pre-dependency problem:
O:  libuuid1 pre-depends on multiarch-support
O:   multiarch-support is unpacked, but has never been configured.
O: 
O: dpkg: warning: ignoring pre-dependency problem!
O: Unpacking libuuid1:amd64 (from .../libuuid1_2.20.1-5.3_amd64.deb) ...
P: Unpacking package libuuid1:amd64
O: Selecting previously unselected package mawk.
O: dpkg: regarding .../mawk_1.3.3-17_amd64.deb containing mawk, pre-dependency problem:
O:  mawk pre-depends on libc6 (>= 2.11)
O:   libc6:amd64 is unpacked, but has never been configured.
O: 
O: dpkg: warning: ignoring pre-dependency problem!
O: Unpacking mawk (from .../mawk_1.3.3-17_amd64.deb) ...
P: Unpacking package mawk
O: Selecting previously unselected package base-files.
O: dpkg: regarding .../base-files_7.1_amd64.deb containing base-files, pre-dependency problem:
O:  base-files pre-depends on awk
O:   mawk provides awk but is unpacked but not configured.
O: 
O: dpkg: warning: ignoring pre-dependency problem!
O: Unpacking base-files (from .../base-files_7.1_amd64.deb) ...
P: Unpacking package base-files
O: Selecting previously unselected package base-passwd.
O: Unpacking base-passwd (from .../base-passwd_3.5.26_amd64.deb) ...
P: Unpacking package base-passwd
O: Selecting previously unselected package dash.
O: dpkg: regarding .../dash_0.5.7-3_amd64.deb containing dash, pre-dependency problem:
O:  dash pre-depends on libc6 (>= 2.4)
O:   libc6:amd64 is unpacked, but has never been configured.
O: 
O: dpkg: warning: ignoring pre-dependency problem!
O: Unpacking dash (from .../dash_0.5.7-3_amd64.deb) ...
P: Unpacking package dash
O: Adding 'diversion of /bin/sh to /bin/sh.distrib by dash'
O: Adding 'diversion of /usr/share/man/man1/sh.1.gz to /usr/share/man/man1/sh.distrib.1.gz by dash'
O: Selecting previously unselected package bash.
O: dpkg: regarding .../bash_4.2+dfsg-0.1_amd64.deb containing bash, pre-dependency problem:
O:  bash pre-depends on dash (>= 0.5.5.1-2.2)
O:   dash is unpacked, but has never been configured.
O: 
O: dpkg: warning: ignoring pre-dependency problem!
O: dpkg: regarding .../bash_4.2+dfsg-0.1_amd64.deb containing bash, pre-dependency problem:
O:  bash pre-depends on libc6 (>= 2.11)
O:   libc6:amd64 is unpacked, but has never been configured.
O: 
O: dpkg: warning: ignoring pre-dependency problem!
O: dpkg: regarding .../bash_4.2+dfsg-0.1_amd64.deb containing bash, pre-dependency problem:
O:  bash pre-depends on libtinfo5
O:   libtinfo5:amd64 is unpacked, but has never been configured.
O: 
O: dpkg: warning: ignoring pre-dependency problem!
O: Unpacking bash (from .../bash_4.2+dfsg-0.1_amd64.deb) ...
P: Unpacking package bash
O: Selecting previously unselected package libncurses5:amd64.
O: dpkg: regarding .../libncurses5_5.9-10_amd64.deb containing libncurses5:amd64, pre-dependency problem:
O:  libncurses5 pre-depends on multiarch-support
O:   multiarch-support is unpacked, but has never been configured.
O: 
O: dpkg: warning: ignoring pre-dependency problem!
O: dpkg: regarding .../libncurses5_5.9-10_amd64.deb containing libncurses5:amd64, pre-dependency problem:
O:  libncurses5 pre-depends on libtinfo5 (>= 5.9-3)
O:   libtinfo5:amd64 is unpacked, but has never been configured.
O: 
O: dpkg: warning: ignoring pre-dependency problem!
O: Unpacking libncurses5:amd64 (from .../libncurses5_5.9-10_amd64.deb) ...
P: Unpacking package libncurses5:amd64
O: Selecting previously unselected package bsdutils.
O: Unpacking bsdutils (from .../bsdutils_2.20.1-5.3_amd64.deb) ...
P: Unpacking package bsdutils
O: Selecting previously unselected package libattr1:amd64.
O: dpkg: regarding .../libattr1_2.4.46-8_amd64.deb containing libattr1:amd64, pre-dependency problem:
O:  libattr1 pre-depends on multiarch-support
O:   multiarch-support is unpacked, but has never been configured.
O: 
O: dpkg: warning: ignoring pre-dependency problem!
O: Unpacking libattr1:amd64 (from .../libattr1_2.4.46-8_amd64.deb) ...
P: Unpacking package libattr1:amd64
O: Selecting previously unselected package libacl1:amd64.
O: dpkg: regarding .../libacl1_2.2.51-8_amd64.deb containing libacl1:amd64, pre-dependency problem:
O:  libacl1 pre-depends on multiarch-support
O:   multiarch-support is unpacked, but has never been configured.
O: 
O: dpkg: warning: ignoring pre-dependency problem!
O: Unpacking libacl1:amd64 (from .../libacl1_2.2.51-8_amd64.deb) ...
P: Unpacking package libacl1:amd64
O: Selecting previously unselected package coreutils.
O: dpkg: regarding .../coreutils_8.13-3.5_amd64.deb containing coreutils, pre-dependency problem:
O:  coreutils pre-depends on libacl1 (>= 2.2.51-8)
O:   libacl1:amd64 is unpacked, but has never been configured.
O: 
O: dpkg: warning: ignoring pre-dependency problem!
O: dpkg: regarding .../coreutils_8.13-3.5_amd64.deb containing coreutils, pre-dependency problem:
O:  coreutils pre-depends on libattr1 (>= 1:2.4.46-8)
O:   libattr1:amd64 is unpacked, but has never been configured.
O: 
O: dpkg: warning: ignoring pre-dependency problem!
O: dpkg: regarding .../coreutils_8.13-3.5_amd64.deb containing coreutils, pre-dependency problem:
O:  coreutils pre-depends on libc6 (>= 2.7)
O:   libc6:amd64 is unpacked, but has never been configured.
O: 
O: dpkg: warning: ignoring pre-dependency problem!
O: dpkg: regarding .../coreutils_8.13-3.5_amd64.deb containing coreutils, pre-dependency problem:
O:  coreutils pre-depends on libselinux1 (>= 1.32)
O:   libselinux1:amd64 is unpacked, but has never been configured.
O: 
O: dpkg: warning: ignoring pre-dependency problem!
O: Unpacking coreutils (from .../coreutils_8.13-3.5_amd64.deb) ...
P: Unpacking package coreutils
O: Selecting previously unselected package lsb-base.
O: Unpacking lsb-base (from .../lsb-base_4.1+Debian8_all.deb) ...
P: Unpacking package lsb-base
O: Selecting previously unselected package libpam-runtime.
O: Unpacking libpam-runtime (from .../libpam-runtime_1.1.3-7.1_all.deb) ...
P: Unpacking package libpam-runtime
O: Selecting previously unselected package liblocale-gettext-perl.
O: dpkg: regarding .../liblocale-gettext-perl_1.05-7+b1_amd64.deb containing liblocale-gettext-perl, pre-dependency problem:
O:  liblocale-gettext-perl pre-depends on perl-base (>= 5.14.2-3)
O:   perl-base is unpacked, but has never been configured.
O: 
O: dpkg: warning: ignoring pre-dependency problem!
O: dpkg: regarding .../liblocale-gettext-perl_1.05-7+b1_amd64.deb containing liblocale-gettext-perl, pre-dependency problem:
O:  liblocale-gettext-perl pre-depends on perlapi-5.14.2
O:   perl-base provides perlapi-5.14.2 but is unpacked but not configured.
O: 
O: dpkg: warning: ignoring pre-dependency problem!
O: Unpacking liblocale-gettext-perl (from .../liblocale-gettext-perl_1.05-7+b1_amd64.deb) ...
P: Unpacking package liblocale-gettext-perl
O: Selecting previously unselected package libtext-iconv-perl.
O: Unpacking libtext-iconv-perl (from .../libtext-iconv-perl_1.7-5_amd64.deb) ...
P: Unpacking package libtext-iconv-perl
O: Selecting previously unselected package libtext-charwidth-perl.
O: Unpacking libtext-charwidth-perl (from .../libtext-charwidth-perl_0.04-7+b1_amd64.deb) ...
P: Unpacking package libtext-charwidth-perl
O: Selecting previously unselected package libtext-wrapi18n-perl.
O: Unpacking libtext-wrapi18n-perl (from .../libtext-wrapi18n-perl_0.06-7_all.deb) ...
P: Unpacking package libtext-wrapi18n-perl
O: Selecting previously unselected package debconf-i18n.
O: Unpacking debconf-i18n (from .../debconf-i18n_1.5.49_all.deb) ...
P: Unpacking package debconf-i18n
O: Selecting previously unselected package diffutils.
O: dpkg: regarding .../diffutils_3.2-6_amd64.deb containing diffutils, pre-dependency problem:
O:  diffutils pre-depends on libc6 (>= 2.4)
O:   libc6:amd64 is unpacked, but has never been configured.
O: 
O: dpkg: warning: ignoring pre-dependency problem!
O: Unpacking diffutils (from .../diffutils_3.2-6_amd64.deb) ...
P: Unpacking package diffutils
O: Selecting previously unselected package e2fslibs:amd64.
O: dpkg: regarding .../e2fslibs_1.42.5-1.1_amd64.deb containing e2fslibs:amd64, pre-dependency problem:
O:  e2fslibs pre-depends on multiarch-support
O:   multiarch-support is unpacked, but has never been configured.
O: 
O: dpkg: warning: ignoring pre-dependency problem!
O: Unpacking e2fslibs:amd64 (from .../e2fslibs_1.42.5-1.1_amd64.deb) ...
P: Unpacking package e2fslibs:amd64
O: Selecting previously unselected package libblkid1:amd64.
O: dpkg: regarding .../libblkid1_2.20.1-5.3_amd64.deb containing libblkid1:amd64, pre-dependency problem:
O:  libblkid1 pre-depends on multiarch-support
O:   multiarch-support is unpacked, but has never been configured.
O: 
O: dpkg: warning: ignoring pre-dependency problem!
O: Unpacking libblkid1:amd64 (from .../libblkid1_2.20.1-5.3_amd64.deb) ...
P: Unpacking package libblkid1:amd64
O: Selecting previously unselected package libcomerr2:amd64.
O: dpkg: regarding .../libcomerr2_1.42.5-1.1_amd64.deb containing libcomerr2:amd64, pre-dependency problem:
O:  libcomerr2 pre-depends on multiarch-support
O:   multiarch-support is unpacked, but has never been configured.
O: 
O: dpkg: warning: ignoring pre-dependency problem!
O: Unpacking libcomerr2:amd64 (from .../libcomerr2_1.42.5-1.1_amd64.deb) ...
P: Unpacking package libcomerr2:amd64
O: Selecting previously unselected package libss2:amd64.
O: dpkg: regarding .../libss2_1.42.5-1.1_amd64.deb containing libss2:amd64, pre-dependency problem:
O:  libss2 pre-depends on multiarch-support
O:   multiarch-support is unpacked, but has never been configured.
O: 
O: dpkg: warning: ignoring pre-dependency problem!
O: Unpacking libss2:amd64 (from .../libss2_1.42.5-1.1_amd64.deb) ...
P: Unpacking package libss2:amd64
O: Selecting previously unselected package tzdata.
O: Unpacking tzdata (from .../tzdata_2013b-2_all.deb) ...
P: Unpacking package tzdata
O: Selecting previously unselected package libmount1.
O: dpkg: regarding .../libmount1_2.20.1-5.3_amd64.deb containing libmount1, pre-dependency problem:
O:  libmount1 pre-depends on multiarch-support
O:   multiarch-support is unpacked, but has never been configured.
O: 
O: dpkg: warning: ignoring pre-dependency problem!
O: Unpacking libmount1 (from .../libmount1_2.20.1-5.3_amd64.deb) ...
P: Unpacking package libmount1
O: Selecting previously unselected package mount.
O: Unpacking mount (from .../mount_2.20.1-5.3_amd64.deb) ...
P: Unpacking package mount
O: dpkg: regarding .../mount_2.20.1-5.3_amd64.deb containing mount, pre-dependency problem:
O:  mount pre-depends on libblkid1 (>= 2.20.1)
O:   libblkid1:amd64 is unpacked, but has never been configured.
O: 
O: dpkg: warning: ignoring pre-dependency problem!
O: dpkg: regarding .../mount_2.20.1-5.3_amd64.deb containing mount, pre-dependency problem:
O:  mount pre-depends on libc6 (>= 2.8)
O:   libc6:amd64 is unpacked, but has never been configured.
O: 
O: dpkg: warning: ignoring pre-dependency problem!
O: dpkg: regarding .../mount_2.20.1-5.3_amd64.deb containing mount, pre-dependency problem:
O:  mount pre-depends on libmount1 (>= 2.20.1)
O:   libmount1 is unpacked, but has never been configured.
O: 
O: dpkg: warning: ignoring pre-dependency problem!
O: dpkg: regarding .../mount_2.20.1-5.3_amd64.deb containing mount, pre-dependency problem:
O:  mount pre-depends on libselinux1 (>= 2.0.15)
O:   libselinux1:amd64 is unpacked, but has never been configured.
O: 
O: dpkg: warning: ignoring pre-dependency problem!
O: dpkg: regarding .../mount_2.20.1-5.3_amd64.deb containing mount, pre-dependency problem:
O:  mount pre-depends on libsepol1 (>= 1.14)
O:   libsepol1:amd64 is unpacked, but has never been configured.
O: 
O: dpkg: warning: ignoring pre-dependency problem!
O: Selecting previously unselected package sysvinit-utils.
O: Unpacking sysvinit-utils (from .../sysvinit-utils_2.88dsf-41_amd64.deb) ...
P: Unpacking package sysvinit-utils
O: Selecting previously unselected package insserv.
O: Unpacking insserv (from .../insserv_1.14.0-5_amd64.deb) ...
P: Unpacking package insserv
O: Selecting previously unselected package sysv-rc.
O: Unpacking sysv-rc (from .../sysv-rc_2.88dsf-41_all.deb) ...
P: Unpacking package sysv-rc
O: Selecting previously unselected package initscripts.
O: Unpacking initscripts (from .../initscripts_2.88dsf-41_amd64.deb) ...
P: Unpacking package initscripts
O: Selecting previously unselected package libslang2:amd64.
O: Unpacking libslang2:amd64 (from .../libslang2_2.2.4-15_amd64.deb) ...
P: Unpacking package libslang2:amd64
O: dpkg: regarding .../libslang2_2.2.4-15_amd64.deb containing libslang2:amd64, pre-dependency problem:
O:  libslang2 pre-depends on multiarch-support
O:   multiarch-support is unpacked, but has never been configured.
O: 
O: dpkg: warning: ignoring pre-dependency problem!
O: Selecting previously unselected package util-linux.
O: dpkg: regarding .../util-linux_2.20.1-5.3_amd64.deb containing util-linux, pre-dependency problem:
O:  util-linux pre-depends on libblkid1 (>= 2.20.1)
O:   libblkid1:amd64 is unpacked, but has never been configured.
O: 
O: dpkg: warning: ignoring pre-dependency problem!
O: dpkg: regarding .../util-linux_2.20.1-5.3_amd64.deb containing util-linux, pre-dependency problem:
O:  util-linux pre-depends on libc6 (>= 2.11)
O:   libc6:amd64 is unpacked, but has never been configured.
O: 
O: dpkg: warning: ignoring pre-dependency problem!
O: dpkg: regarding .../util-linux_2.20.1-5.3_amd64.deb containing util-linux, pre-dependency problem:
O:  util-linux pre-depends on libncurses5 (>= 5.5-5~)
O:   libncurses5:amd64 is unpacked, but has never been configured.
O: 
O: dpkg: warning: ignoring pre-dependency problem!
O: dpkg: regarding .../util-linux_2.20.1-5.3_amd64.deb containing util-linux, pre-dependency problem:
O:  util-linux pre-depends on libselinux1 (>= 1.32)
O:   libselinux1:amd64 is unpacked, but has never been configured.
O: 
O: dpkg: warning: ignoring pre-dependency problem!
O: dpkg: regarding .../util-linux_2.20.1-5.3_amd64.deb containing util-linux, pre-dependency problem:
O:  util-linux pre-depends on libslang2 (>= 2.2.4)
O:   libslang2:amd64 is unpacked, but has never been configured.
O: 
O: dpkg: warning: ignoring pre-dependency problem!
O: dpkg: regarding .../util-linux_2.20.1-5.3_amd64.deb containing util-linux, pre-dependency problem:
O:  util-linux pre-depends on libtinfo5
O:   libtinfo5:amd64 is unpacked, but has never been configured.
O: 
O: dpkg: warning: ignoring pre-dependency problem!
O: dpkg: regarding .../util-linux_2.20.1-5.3_amd64.deb containing util-linux, pre-dependency problem:
O:  util-linux pre-depends on libuuid1 (>= 2.16)
O:   libuuid1:amd64 is unpacked, but has never been configured.
O: 
O: dpkg: warning: ignoring pre-dependency problem!
O: dpkg: regarding .../util-linux_2.20.1-5.3_amd64.deb containing util-linux, pre-dependency problem:
O:  util-linux pre-depends on zlib1g (>= 1:1.1.4)
O:   zlib1g:amd64 is unpacked, but has never been configured.
O: 
O: dpkg: warning: ignoring pre-dependency problem!
O: Unpacking util-linux (from .../util-linux_2.20.1-5.3_amd64.deb) ...
P: Unpacking package util-linux
O: Selecting previously unselected package e2fsprogs.
O: dpkg: regarding .../e2fsprogs_1.42.5-1.1_amd64.deb containing e2fsprogs, pre-dependency problem:
O:  e2fsprogs pre-depends on e2fslibs (= 1.42.5-1.1)
O:   e2fslibs:amd64 is unpacked, but has never been configured.
O: 
O: dpkg: warning: ignoring pre-dependency problem!
O: dpkg: regarding .../e2fsprogs_1.42.5-1.1_amd64.deb containing e2fsprogs, pre-dependency problem:
O:  e2fsprogs pre-depends on libblkid1 (>= 2.17.2)
O:   libblkid1:amd64 is unpacked, but has never been configured.
O: 
O: dpkg: warning: ignoring pre-dependency problem!
O: dpkg: regarding .../e2fsprogs_1.42.5-1.1_amd64.deb containing e2fsprogs, pre-dependency problem:
O:  e2fsprogs pre-depends on libc6 (>= 2.11)
O:   libc6:amd64 is unpacked, but has never been configured.
O: 
O: dpkg: warning: ignoring pre-dependency problem!
O: dpkg: regarding .../e2fsprogs_1.42.5-1.1_amd64.deb containing e2fsprogs, pre-dependency problem:
O:  e2fsprogs pre-depends on libcomerr2 (>= 1.42~WIP-2011-10-05-1)
O:   libcomerr2:amd64 is unpacked, but has never been configured.
O: 
O: dpkg: warning: ignoring pre-dependency problem!
O: dpkg: regarding .../e2fsprogs_1.42.5-1.1_amd64.deb containing e2fsprogs, pre-dependency problem:
O:  e2fsprogs pre-depends on libss2 (>= 1.34-1)
O:   libss2:amd64 is unpacked, but has never been configured.
O: 
O: dpkg: warning: ignoring pre-dependency problem!
O: dpkg: regarding .../e2fsprogs_1.42.5-1.1_amd64.deb containing e2fsprogs, pre-dependency problem:
O:  e2fsprogs pre-depends on libuuid1 (>= 2.16)
O:   libuuid1:amd64 is unpacked, but has never been configured.
O: 
O: dpkg: warning: ignoring pre-dependency problem!
O: dpkg: regarding .../e2fsprogs_1.42.5-1.1_amd64.deb containing e2fsprogs, pre-dependency problem:
O:  e2fsprogs pre-depends on util-linux (>= 2.15~rc1-1)
O:   util-linux is unpacked, but has never been configured.
O: 
O: dpkg: warning: ignoring pre-dependency problem!
O: Unpacking e2fsprogs (from .../e2fsprogs_1.42.5-1.1_amd64.deb) ...
P: Unpacking package e2fsprogs
O: Selecting previously unselected package findutils.
O: dpkg: regarding .../findutils_4.4.2-4_amd64.deb containing findutils, pre-dependency problem:
O:  findutils pre-depends on libc6 (>= 2.7)
O:   libc6:amd64 is unpacked, but has never been configured.
O: 
O: dpkg: warning: ignoring pre-dependency problem!
O: Unpacking findutils (from .../findutils_4.4.2-4_amd64.deb) ...
P: Unpacking package findutils
O: Selecting previously unselected package grep.
O: dpkg: regarding .../grep_2.12-2_amd64.deb containing grep, pre-dependency problem:
O:  grep pre-depends on libc6 (>= 2.4)
O:   libc6:amd64 is unpacked, but has never been configured.
O: 
O: dpkg: warning: ignoring pre-dependency problem!
O: Unpacking grep (from .../grep_2.12-2_amd64.deb) ...
P: Unpacking package grep
O: Selecting previously unselected package gzip.
O: dpkg: regarding .../gzip_1.5-1.1_amd64.deb containing gzip, pre-dependency problem:
O:  gzip pre-depends on libc6 (>= 2.6)
O:   libc6:amd64 is unpacked, but has never been configured.
O: 
O: dpkg: warning: ignoring pre-dependency problem!
O: Unpacking gzip (from .../gzip_1.5-1.1_amd64.deb) ...
P: Unpacking package gzip
O: Selecting previously unselected package hostname.
O: dpkg: regarding .../hostname_3.11_amd64.deb containing hostname, pre-dependency problem:
O:  hostname pre-depends on libc6 (>= 2.4)
O:   libc6:amd64 is unpacked, but has never been configured.
O: 
O: dpkg: warning: ignoring pre-dependency problem!
O: Unpacking hostname (from .../hostname_3.11_amd64.deb) ...
P: Unpacking package hostname
O: Selecting previously unselected package login.
O: Unpacking login (from .../login_4.1.5.1-1_amd64.deb) ...
P: Unpacking package login
O: dpkg: regarding .../login_4.1.5.1-1_amd64.deb containing login, pre-dependency problem:
O:  login pre-depends on libc6 (>= 2.7)
O:   libc6:amd64 is unpacked, but has never been configured.
O: 
O: dpkg: warning: ignoring pre-dependency problem!
O: dpkg: regarding .../login_4.1.5.1-1_amd64.deb containing login, pre-dependency problem:
O:  login pre-depends on libpam0g (>= 0.99.7.1)
O:   libpam0g:amd64 is unpacked, but has never been configured.
O: 
O: dpkg: warning: ignoring pre-dependency problem!
O: dpkg: regarding .../login_4.1.5.1-1_amd64.deb containing login, pre-dependency problem:
O:  login pre-depends on libpam-runtime
O:   libpam-runtime is unpacked, but has never been configured.
O: 
O: dpkg: warning: ignoring pre-dependency problem!
O: dpkg: regarding .../login_4.1.5.1-1_amd64.deb containing login, pre-dependency problem:
O:  login pre-depends on libpam-modules
O:   libpam-modules:amd64 is unpacked, but has never been configured.
O: 
O: dpkg: warning: ignoring pre-dependency problem!
O: Selecting previously unselected package ncurses-base.
O: Unpacking ncurses-base (from .../ncurses-base_5.9-10_all.deb) ...
P: Unpacking package ncurses-base
O: Selecting previously unselected package ncurses-bin.
O: dpkg: regarding .../ncurses-bin_5.9-10_amd64.deb containing ncurses-bin, pre-dependency problem:
O:  ncurses-bin pre-depends on libc6 (>= 2.4)
O:   libc6:amd64 is unpacked, but has never been configured.
O: 
O: dpkg: warning: ignoring pre-dependency problem!
O: dpkg: regarding .../ncurses-bin_5.9-10_amd64.deb containing ncurses-bin, pre-dependency problem:
O:  ncurses-bin pre-depends on libtinfo5 (>= 5.9-3~)
O:   libtinfo5:amd64 is unpacked, but has never been configured.
O: 
O: dpkg: warning: ignoring pre-dependency problem!
O: Unpacking ncurses-bin (from .../ncurses-bin_5.9-10_amd64.deb) ...
P: Unpacking package ncurses-bin
O: Selecting previously unselected package sed.
O: Unpacking sed (from .../sed_4.2.1-10_amd64.deb) ...
P: Unpacking package sed
O: dpkg: regarding .../sed_4.2.1-10_amd64.deb containing sed, pre-dependency problem:
O:  sed pre-depends on libc6 (>= 2.4)
O:   libc6:amd64 is unpacked, but has never been configured.
O: 
O: dpkg: warning: ignoring pre-dependency problem!
O: dpkg: regarding .../sed_4.2.1-10_amd64.deb containing sed, pre-dependency problem:
O:  sed pre-depends on libselinux1 (>= 1.32)
O:   libselinux1:amd64 is unpacked, but has never been configured.
O: 
O: dpkg: warning: ignoring pre-dependency problem!
O: Selecting previously unselected package sysvinit.
O: Unpacking sysvinit (from .../sysvinit_2.88dsf-41_amd64.deb) ...
P: Unpacking package sysvinit
O: dpkg: regarding .../sysvinit_2.88dsf-41_amd64.deb containing sysvinit, pre-dependency problem:
O:  sysvinit pre-depends on initscripts (>= 2.88dsf-13.3)
O:   initscripts is unpacked, but has never been configured.
O: 
O: dpkg: warning: ignoring pre-dependency problem!
O: dpkg: regarding .../sysvinit_2.88dsf-41_amd64.deb containing sysvinit, pre-dependency problem:
O:  sysvinit pre-depends on sysv-rc | file-rc
O:   sysv-rc is unpacked, but has never been configured.
O:   file-rc is not installed.
O: 
O: dpkg: warning: ignoring pre-dependency problem!
O: dpkg: regarding .../sysvinit_2.88dsf-41_amd64.deb containing sysvinit, pre-dependency problem:
O:  sysvinit pre-depends on sysvinit-utils (>= 2.86.ds1-66)
O:   sysvinit-utils is unpacked, but has never been configured.
O: 
O: dpkg: warning: ignoring pre-dependency problem!
O: Selecting previously unselected package xz-utils.
O: Unpacking xz-utils (from .../xz-utils_5.1.1alpha+20120614-2_amd64.deb) ...
P: Unpacking package xz-utils
O: Setting up lsb-base (4.1+Debian8) ...
P: Configuring package lsb-base
O: Setting up ncurses-base (5.9-10) ...
P: Configuring package ncurses-base
O: Setting up sensible-utils (0.0.7) ...
P: Configuring package sensible-utils
O: Setting up libsemanage-common (2.1.6-6) ...
P: Configuring package libsemanage-common
O: Setting up gcc-4.7-base:amd64 (4.7.2-5) ...
P: Configuring package gcc-4.7-base:amd64
O: Setting up libc-bin (2.13-38) ...
P: Configuring package libc-bin
O: Setting up libc6:amd64 (2.13-38) ...
P: Configuring package libc6:amd64
O: Use of uninitialized value in concatenation (.) or string at /usr/share/perl5/Debconf/Config.pm line 22.
O: Setting up debianutils (4.3.2) ...
P: Configuring package debianutils
O: Setting up bsdutils (1:2.20.1-5.3) ...
P: Configuring package bsdutils
O: Setting up perl-base (5.14.2-21) ...
P: Configuring package perl-base
O: Setting up diffutils (1:3.2-6) ...
P: Configuring package diffutils
O: Setting up tar (1.26+dfsg-0.1) ...
P: Configuring package tar
O: update-alternatives: 
O: using /usr/sbin/rmt-tar to provide /usr/sbin/rmt (rmt) in auto mode
O: 
O: Setting up libtext-iconv-perl (1.7-5) ...
P: Configuring package libtext-iconv-perl
O: Setting up base-passwd (3.5.26) ...
P: Configuring package base-passwd
O: Setting up mawk (1.3.3-17) ...
P: Configuring package mawk
O: Setting up grep (2.12-2) ...
P: Configuring package grep
O: Setting up hostname (3.11) ...
P: Configuring package hostname
O: Setting up findutils (4.4.2-4) ...
P: Configuring package findutils
O: Setting up insserv (1.14.0-5) ...
P: Configuring package insserv
O: Setting up gzip (1.5-1.1) ...
P: Configuring package gzip
O: Setting up liblocale-gettext-perl (1.05-7+b1) ...
P: Configuring package liblocale-gettext-perl
O: Setting up multiarch-support (2.13-38) ...
P: Configuring package multiarch-support
O: Setting up libselinux1:amd64 (2.1.9-5) ...
P: Configuring package libselinux1:amd64
O: Setting up libtext-charwidth-perl (0.04-7+b1) ...
P: Configuring package libtext-charwidth-perl
O: Setting up libtext-wrapi18n-perl (0.06-7) ...
P: Configuring package libtext-wrapi18n-perl
O: Setting up libustr-1.0-1:amd64 (1.0.4-3) ...
P: Configuring package libustr-1.0-1:amd64
O: Setting up debconf (1.5.49) ...
P: Configuring package debconf
O: Setting up dash (0.5.7-3) ...
P: Configuring package dash
O: Setting up libpam0g:amd64 (1.1.3-7.1) ...
P: Configuring package libpam0g:amd64
O: Setting up libsepol1:amd64 (2.1.4-3) ...
P: Configuring package libsepol1:amd64
O: Setting up tzdata (2013b-2) ...
P: Configuring package tzdata
O: 
O: Current default time zone: 'Etc/UTC'
O: Local time is now:      Fri May 24 05:23:03 UTC 2013.
O: Universal Time is now:  Fri May 24 05:23:03 UTC 2013.
O: Run 'dpkg-reconfigure tzdata' if you wish to change it.
O: 
O: Setting up zlib1g:amd64 (1:1.2.7.dfsg-13) ...
P: Configuring package zlib1g:amd64
O: Setting up libgcc1:amd64 (1:4.7.2-5) ...
P: Configuring package libgcc1:amd64
O: Setting up base-files (7.1) ...
P: Configuring package base-files
O: Setting up libattr1:amd64 (1:2.4.46-8) ...
P: Configuring package libattr1:amd64
O: Setting up sed (4.2.1-10) ...
P: Configuring package sed
O: Setting up e2fslibs:amd64 (1.42.5-1.1) ...
P: Configuring package e2fslibs:amd64
O: Setting up libcomerr2:amd64 (1.42.5-1.1) ...
P: Configuring package libcomerr2:amd64
O: Setting up debconf-i18n (1.5.49) ...
P: Configuring package debconf-i18n
O: Setting up libacl1:amd64 (2.2.51-8) ...
P: Configuring package libacl1:amd64
O: Setting up libslang2:amd64 (2.2.4-15) ...
P: Configuring package libslang2:amd64
O: Setting up libss2:amd64 (1.42.5-1.1) ...
P: Configuring package libss2:amd64
O: Setting up libpam-modules-bin (1.1.3-7.1) ...
P: Configuring package libpam-modules-bin
O: Setting up liblzma5:amd64 (5.1.1alpha+20120614-2) ...
P: Configuring package liblzma5:amd64
O: Setting up libdb5.1:amd64 (5.1.29-5) ...
P: Configuring package libdb5.1:amd64
O: Setting up libbz2-1.0:amd64 (1.0.6-4) ...
P: Configuring package libbz2-1.0:amd64
O: Setting up libtinfo5:amd64 (5.9-10) ...
P: Configuring package libtinfo5:amd64
O: Setting up sysvinit-utils (2.88dsf-41) ...
P: Configuring package sysvinit-utils
O: Setting up bash (4.2+dfsg-0.1) ...
P: Configuring package bash
O: update-alternatives: using /usr/share/man/man7/bash-builtins.7.gz to provide /usr/share/man/man7/builtins.7.gz (builtins.7.gz) in auto mode
O: Setting up coreutils (8.13-3.5) ...
P: Configuring package coreutils
O: Setting up ncurses-bin (5.9-10) ...
P: Configuring package ncurses-bin
O: Setting up sysv-rc (2.88dsf-41) ...
P: Configuring package sysv-rc
O: Setting up libpam-modules:amd64 (1.1.3-7.1) ...
P: Configuring package libpam-modules:amd64
O: Setting up libsemanage1:amd64 (2.1.6-6) ...
P: Configuring package libsemanage1:amd64
O: Setting up libncurses5:amd64 (5.9-10) ...
P: Configuring package libncurses5:amd64
O: Setting up passwd (1:4.1.5.1-1) ...
P: Configuring package passwd
O: Shadow passwords are now on.
O: Setting up libpam-runtime (1.1.3-7.1) ...
P: Configuring package libpam-runtime
O: Setting up xz-utils (5.1.1alpha+20120614-2) ...
P: Configuring package xz-utils
O: update-alternatives: using /usr/bin/xz to provide /usr/bin/lzma (lzma) in auto mode
O: Setting up login (1:4.1.5.1-1) ...
P: Configuring package login
O: Setting up libuuid1:amd64 (2.20.1-5.3) ...
P: Configuring package libuuid1:amd64
O: Setting up libblkid1:amd64 (2.20.1-5.3) ...
P: Configuring package libblkid1:amd64
O: Setting up libmount1 (2.20.1-5.3) ...
P: Configuring package libmount1
O: Setting up mount (2.20.1-5.3) ...
P: Configuring package mount
O: Setting up initscripts (2.88dsf-41) ...
P: Configuring package initscripts
O: guest environment detected: Linking /dev/shm to /run/shm
O: ************************************
O: All rc.d operations denied by policy
O: ************************************
O: invoke-rc.d: policy-rc.d denied execution of start.
O: Setting up util-linux (2.20.1-5.3) ...
P: Configuring package util-linux
O: update-alternatives: using /bin/more to provide /usr/bin/pager (pager) in auto mode
O: Setting up sysvinit (2.88dsf-41) ...
P: Configuring package sysvinit
O: Not restarting sysvinit
O: Setting up e2fsprogs (1.42.5-1.1) ...
P: Configuring package e2fsprogs
O: (Reading database ... 
O: 6275 files and directories currently installed.)
O: Preparing to replace gcc-4.7-base:amd64 4.7.2-5 (using .../gcc-4.7-base_4.7.2-5_amd64.deb) ...
O: Unpacking replacement gcc-4.7-base:amd64 ...
P: Unpacking package gcc-4.7-base:amd64
O: Preparing to replace libgcc1:amd64 1:4.7.2-5 (using .../libgcc1_4.7.2-5_amd64.deb) ...
O: Unpacking replacement libgcc1:amd64 ...
P: Unpacking package libgcc1:amd64
O: Preparing to replace libc6:amd64 2.13-38 (using .../libc6_2.13-38_amd64.deb) ...
O: Unpacking replacement libc6:amd64 ...
P: Unpacking package libc6:amd64
O: Preparing to replace libbz2-1.0:amd64 1.0.6-4 (using .../libbz2-1.0_1.0.6-4_amd64.deb) ...
O: Unpacking replacement libbz2-1.0:amd64 ...
P: Unpacking package libbz2-1.0:amd64
O: Selecting previously unselected package libstdc++6:amd64.
O: Unpacking libstdc++6:amd64 (from .../libstdc++6_4.7.2-5_amd64.deb) ...
P: Unpacking package libstdc++6:amd64
O: Preparing to replace zlib1g:amd64 1:1.2.7.dfsg-13 (using .../zlib1g_1.2.7.dfsg-13_amd64.deb) ...
O: Unpacking replacement zlib1g:amd64 ...
P: Unpacking package zlib1g:amd64
O: Selecting previously unselected package libapt-pkg4.12:amd64.
O: Unpacking libapt-pkg4.12:amd64 (from .../libapt-pkg4.12_0.9.7.8_amd64.deb) ...
P: Unpacking package libapt-pkg4.12:amd64
O: Selecting previously unselected package gpgv.
O: Unpacking gpgv (from .../gpgv_1.4.12-7_amd64.deb) ...
P: Unpacking package gpgv
O: Selecting previously unselected package debian-archive-keyring.
O: Unpacking debian-archive-keyring (from .../debian-archive-keyring_2012.4_all.deb) ...
P: Unpacking package debian-archive-keyring
O: Preparing to replace liblzma5:amd64 5.1.1alpha+20120614-2 (using .../liblzma5_5.1.1alpha+20120614-2_amd64.deb) ...
O: Unpacking replacement liblzma5:amd64 ...
P: Unpacking package liblzma5:amd64
O: Preparing to replace libselinux1:amd64 2.1.9-5 (using .../libselinux1_2.1.9-5_amd64.deb) ...
O: Unpacking replacement libselinux1:amd64 ...
P: Unpacking package libselinux1:amd64
O: Selecting previously unselected package readline-common.
O: Unpacking readline-common (from .../readline-common_6.2+dfsg-0.1_all.deb) ...
P: Unpacking package readline-common
O: Preparing to replace libtinfo5:amd64 5.9-10 (using .../libtinfo5_5.9-10_amd64.deb) ...
O: Unpacking replacement libtinfo5:amd64 ...
P: Unpacking package libtinfo5:amd64
O: Selecting previously unselected package libreadline6:amd64.
O: Unpacking libreadline6:amd64 (from .../libreadline6_6.2+dfsg-0.1_amd64.deb) ...
P: Unpacking package libreadline6:amd64
O: Selecting previously unselected package libusb-0.1-4:amd64.
O: Unpacking libusb-0.1-4:amd64 (from .../libusb-0.1-4_0.1.12-20+nmu1_amd64.deb) ...
P: Unpacking package libusb-0.1-4:amd64
O: Selecting previously unselected package gnupg.
O: Unpacking gnupg (from .../gnupg_1.4.12-7_amd64.deb) ...
P: Unpacking package gnupg
O: Selecting previously unselected package apt.
O: Unpacking apt (from .../apt_0.9.7.8_amd64.deb) ...
P: Unpacking package apt
O: Setting up gcc-4.7-base:amd64 (4.7.2-5) ...
P: Configuring package gcc-4.7-base:amd64
O: Setting up readline-common (6.2+dfsg-0.1) ...
P: Configuring package readline-common
O: Setting up libc6:amd64 (2.13-38) ...
P: Configuring package libc6:amd64
O: Setting up libbz2-1.0:amd64 (1.0.6-4) ...
P: Configuring package libbz2-1.0:amd64
O: Setting up zlib1g:amd64 (1:1.2.7.dfsg-13) ...
P: Configuring package zlib1g:amd64
O: Setting up gpgv (1.4.12-7) ...
P: Configuring package gpgv
O: Setting up debian-archive-keyring (2012.4) ...
P: Configuring package debian-archive-keyring
O: Setting up liblzma5:amd64 (5.1.1alpha+20120614-2) ...
P: Configuring package liblzma5:amd64
O: Setting up libselinux1:amd64 (2.1.9-5) ...
P: Configuring package libselinux1:amd64
O: Setting up libtinfo5:amd64 (5.9-10) ...
P: Configuring package libtinfo5:amd64
O: Setting up libreadline6:amd64 (6.2+dfsg-0.1) ...
P: Configuring package libreadline6:amd64
O: Setting up libusb-0.1-4:amd64 (2:0.1.12-20+nmu1) ...
P: Configuring package libusb-0.1-4:amd64
O: Setting up gnupg (1.4.12-7) ...
P: Configuring package gnupg
O: Setting up libgcc1:amd64 (1:4.7.2-5) ...
P: Configuring package libgcc1:amd64
O: Setting up libstdc++6:amd64 (4.7.2-5) ...
P: Configuring package libstdc++6:amd64
O: Setting up libapt-pkg4.12:amd64 (0.9.7.8) ...
P: Configuring package libapt-pkg4.12:amd64
O: Setting up apt (0.9.7.8) ...
P: Configuring package apt
O: gpg: 
O: keyring `/etc/apt/trusted.gpg' created
O: gpg: key B98321F9: "Squeeze Stable Release Key <debian-release@lists.debian.org>" not changed
O: gpg: key 473041FA: "Debian Archive Automatic Signing Key (6.0/squeeze) <ftpmaster@debian.org>" not changed
O: gpg: key 65FFB764: "Wheezy Stable Release Key <debian-release@lists.debian.org>" not changed
O: gpg: 
O: key 46925553: "Debian Archive Automatic Signing Key (7.0/wheezy) <ftpmaster@debian.org>" not changed
O: gpg: Total number processed: 4
O: gpg:              unchanged: 4
O: gpg: /etc/apt//trustdb.gpg: trustdb created
P: Configuring helper cdebootstrap-helper-apt
O: Selecting previously unselected package cdebootstrap-helper-apt.
O: (Reading database ... 
O: 6616 files and directories currently installed.)
O: Unpacking cdebootstrap-helper-apt (from .../cdebootstrap-helper-apt.deb) ...
O: Setting up cdebootstrap-helper-apt (1) ...
O: Get:1 bootstrap: . Release.gpg [1672 B]
O: Get:2 bootstrap: . Release [159 kB]
O: Reading package lists...
O: 
O: Reading package lists...
O: 
O: Building dependency tree...
O: 
O: libacl1 is already the newest version.
O: libapt-pkg4.12 is already the newest version.
O: libattr1 is already the newest version.
O: libbz2-1.0 is already the newest version.
O: libdb5.1 is already the newest version.
O: e2fslibs is already the newest version.
O: libcomerr2 is already the newest version.
O: libss2 is already the newest version.
O: libc6 is already the newest version.
O: gcc-4.7-base is already the newest version.
O: libgcc1 is already the newest version.
O: libstdc++6 is already the newest version.
O: libselinux1 is already the newest version.
O: libsemanage1 is already the newest version.
O: libsepol1 is already the newest version.
O: libusb-0.1-4 is already the newest version.
O: libncurses5 is already the newest version.
O: libtinfo5 is already the newest version.
O: libpam-modules is already the newest version.
O: libpam0g is already the newest version.
O: libreadline6 is already the newest version.
O: libslang2 is already the newest version.
O: libustr-1.0-1 is already the newest version.
O: libblkid1 is already the newest version.
O: libuuid1 is already the newest version.
O: liblzma5 is already the newest version.
O: zlib1g is already the newest version.
O: Suggested packages:
O:   perl-modules debtags cpp wamerican wordlist whois vacation libarchive1
O:   anacron checksecurity groff ppp rdnssd texinfo-doc-nonfree iproute-doc
O:   resolvconf avahi-autoipd libcwidget-dev rng-tools xapian-tools less
O:   www-browser man-browser spell rsyslog-mysql rsyslog-pgsql rsyslog-doc
O:   rsyslog-gnutls rsyslog-gssapi rsyslog-relp indent
O: Recommended packages:
O:   aptitude-doc-en aptitude-doc apt-xapian-index libparse-debianchangelog-perl
O:   exim4 postfix mail-transport-agent libatm1 libgpm2 libfribidi0 mailx psmisc
O:   laptop-detect usbutils pciutils
O: The following NEW packages will be installed:
O:   adduser apt-utils aptitude aptitude-common bsdmainutils cpio cron dmidecode
O:   groff-base ifupdown info install-info iproute iptables iputils-ping
O:   isc-dhcp-client isc-dhcp-common kmod libapt-inst1.5 libboost-iostreams1.49.0
O:   libcwidget3 libept1.4.12 libgcrypt11 libgdbm3 libgnutls26 libgpg-error0
O:   libidn11 libkmod2 libncursesw5 libnewt0.52 libnfnetlink0 libp11-kit0
O:   libpipeline1 libpopt0 libprocps0 libsigc++-2.0-0c2a libsqlite3-0 libssl1.0.0
O:   libtasn1-3 libudev0 libxapian22 logrotate man-db manpages nano net-tools
O:   netbase netcat-traditional procps rsyslog tasksel tasksel-data traceroute
O:   udev vim-common vim-tiny wget whiptail
O: 0 upgraded, 58 newly installed, 0 to remove and 0 not upgraded.
O: Need to get 0 B/19.7 MB of archives.
O: After this operation, 55.1 MB of additional disk space will be used.
O: WARNING: The following packages cannot be authenticated!
O:   adduser cron iproute ifupdown libapt-inst1.5 install-info libgdbm3 libkmod2
O:   libncursesw5 libnewt0.52 libpipeline1 libpopt0 libprocps0 libsigc++-2.0-0c2a
O:   libssl1.0.0 libudev0 tasksel-data tasksel procps udev libgpg-error0
O:   libgcrypt11 libp11-kit0 libtasn1-3 libgnutls26 libidn11 libsqlite3-0
O:   apt-utils aptitude-common libboost-iostreams1.49.0 libcwidget3 libxapian22
O:   libept1.4.12 aptitude bsdmainutils cpio dmidecode groff-base info
O:   libnfnetlink0 iptables iputils-ping isc-dhcp-common isc-dhcp-client kmod
O:   logrotate man-db manpages nano net-tools netbase netcat-traditional rsyslog
O:   traceroute vim-common vim-tiny wget whiptail
O: debconf: delaying package configuration, since apt-utils is not installed
O: Authentication warning overridden.
O: Selecting previously unselected package adduser.
O: (Reading database ... 
O: 6617 files and directories currently installed.)
O: Unpacking adduser (from .../adduser_3.113+nmu3_all.deb) ...
P: Unpacking package adduser
O: Selecting previously unselected package cron.
O: Unpacking cron (from .../cron_3.0pl1-124_amd64.deb) ...
P: Unpacking package cron
O: Selecting previously unselected package iproute.
O: Unpacking iproute (from .../iproute_20120521-3+b3_amd64.deb) ...
P: Unpacking package iproute
O: Selecting previously unselected package ifupdown.
O: Unpacking ifupdown (from .../ifupdown_0.7.8_amd64.deb) ...
P: Unpacking package ifupdown
O: Selecting previously unselected package libapt-inst1.5:amd64.
O: Unpacking libapt-inst1.5:amd64 (from .../libapt-inst1.5_0.9.7.8_amd64.deb) ...
P: Unpacking package libapt-inst1.5:amd64
O: Selecting previously unselected package install-info.
O: Unpacking install-info (from .../install-info_4.13a.dfsg.1-10_amd64.deb) ...
P: Unpacking package install-info
O: Setting up install-info (4.13a.dfsg.1-10) ...
P: Configuring package install-info
O: Selecting previously unselected package libgdbm3:amd64.
O: (Reading database ... 
O: 6942 files and directories currently installed.)
O: Unpacking libgdbm3:amd64 (from .../libgdbm3_1.8.3-11_amd64.deb) ...
P: Unpacking package libgdbm3:amd64
O: Selecting previously unselected package libkmod2:amd64.
O: Unpacking libkmod2:amd64 (from .../libkmod2_9-3_amd64.deb) ...
P: Unpacking package libkmod2:amd64
O: Selecting previously unselected package libncursesw5:amd64.
O: Unpacking libncursesw5:amd64 (from .../libncursesw5_5.9-10_amd64.deb) ...
P: Unpacking package libncursesw5:amd64
O: Selecting previously unselected package libnewt0.52.
O: Unpacking libnewt0.52 (from .../libnewt0.52_0.52.14-11.1_amd64.deb) ...
P: Unpacking package libnewt0.52
O: Selecting previously unselected package libpipeline1:amd64.
O: Unpacking libpipeline1:amd64 (from .../libpipeline1_1.2.1-1_amd64.deb) ...
P: Unpacking package libpipeline1:amd64
O: Selecting previously unselected package libpopt0:amd64.
O: Unpacking libpopt0:amd64 (from .../libpopt0_1.16-7_amd64.deb) ...
P: Unpacking package libpopt0:amd64
O: Selecting previously unselected package libprocps0:amd64.
O: Unpacking libprocps0:amd64 (from .../libprocps0_3.3.3-3_amd64.deb) ...
P: Unpacking package libprocps0:amd64
O: Selecting previously unselected package libsigc++-2.0-0c2a:amd64.
O: Unpacking libsigc++-2.0-0c2a:amd64 (from .../libsigc++-2.0-0c2a_2.2.10-0.2_amd64.deb) ...
P: Unpacking package libsigc++-2.0-0c2a:amd64
O: Selecting previously unselected package libssl1.0.0:amd64.
O: Unpacking libssl1.0.0:amd64 (from .../libssl1.0.0_1.0.1e-2_amd64.deb) ...
P: Unpacking package libssl1.0.0:amd64
O: Selecting previously unselected package libudev0:amd64.
O: Unpacking libudev0:amd64 (from .../libudev0_175-7.2_amd64.deb) ...
P: Unpacking package libudev0:amd64
O: Selecting previously unselected package tasksel-data.
O: Unpacking tasksel-data (from .../tasksel-data_3.14+nmu2_all.deb) ...
P: Unpacking package tasksel-data
O: Selecting previously unselected package tasksel.
O: Unpacking tasksel (from .../tasksel_3.14+nmu2_all.deb) ...
P: Unpacking package tasksel
O: Selecting previously unselected package procps.
O: Unpacking procps (from .../procps_3.3.3-3_amd64.deb) ...
P: Unpacking package procps
O: Selecting previously unselected package udev.
O: Unpacking udev (from .../udev_175-7.2_amd64.deb) ...
P: Unpacking package udev
O: Selecting previously unselected package libgpg-error0:amd64.
O: Unpacking libgpg-error0:amd64 (from .../libgpg-error0_1.10-3.1_amd64.deb) ...
P: Unpacking package libgpg-error0:amd64
O: Selecting previously unselected package libgcrypt11:amd64.
O: Unpacking libgcrypt11:amd64 (from .../libgcrypt11_1.5.0-5_amd64.deb) ...
P: Unpacking package libgcrypt11:amd64
O: Selecting previously unselected package libp11-kit0:amd64.
O: Unpacking libp11-kit0:amd64 (from .../libp11-kit0_0.12-3_amd64.deb) ...
P: Unpacking package libp11-kit0:amd64
O: Selecting previously unselected package libtasn1-3:amd64.
O: Unpacking libtasn1-3:amd64 (from .../libtasn1-3_2.13-2_amd64.deb) ...
P: Unpacking package libtasn1-3:amd64
O: Selecting previously unselected package libgnutls26:amd64.
O: Unpacking libgnutls26:amd64 (from .../libgnutls26_2.12.20-6_amd64.deb) ...
P: Unpacking package libgnutls26:amd64
O: Selecting previously unselected package libidn11:amd64.
O: Unpacking libidn11:amd64 (from .../libidn11_1.25-2_amd64.deb) ...
P: Unpacking package libidn11:amd64
O: Selecting previously unselected package libsqlite3-0:amd64.
O: Unpacking libsqlite3-0:amd64 (from .../libsqlite3-0_3.7.13-1+deb7u1_amd64.deb) ...
P: Unpacking package libsqlite3-0:amd64
O: Selecting previously unselected package apt-utils.
O: Unpacking apt-utils (from .../apt-utils_0.9.7.8_amd64.deb) ...
P: Unpacking package apt-utils
O: Selecting previously unselected package aptitude-common.
O: Unpacking aptitude-common (from .../aptitude-common_0.6.8.2-1_all.deb) ...
P: Unpacking package aptitude-common
O: Selecting previously unselected package libboost-iostreams1.49.0.
O: Unpacking libboost-iostreams1.49.0 (from .../libboost-iostreams1.49.0_1.49.0-3.2_amd64.deb) ...
P: Unpacking package libboost-iostreams1.49.0
O: Selecting previously unselected package libcwidget3.
O: Unpacking libcwidget3 (from .../libcwidget3_0.5.16-3.4_amd64.deb) ...
P: Unpacking package libcwidget3
O: Selecting previously unselected package libxapian22.
O: Unpacking libxapian22 (from .../libxapian22_1.2.12-2_amd64.deb) ...
P: Unpacking package libxapian22
O: Selecting previously unselected package libept1.4.12.
O: Unpacking libept1.4.12 (from .../libept1.4.12_1.0.9_amd64.deb) ...
P: Unpacking package libept1.4.12
O: Selecting previously unselected package aptitude.
O: Unpacking aptitude (from .../aptitude_0.6.8.2-1_amd64.deb) ...
P: Unpacking package aptitude
O: Selecting previously unselected package bsdmainutils.
O: Unpacking bsdmainutils (from .../bsdmainutils_9.0.3_amd64.deb) ...
P: Unpacking package bsdmainutils
O: Selecting previously unselected package cpio.
O: Unpacking cpio (from .../cpio_2.11+dfsg-0.1_amd64.deb) ...
P: Unpacking package cpio
O: Selecting previously unselected package dmidecode.
O: Unpacking dmidecode (from .../dmidecode_2.11-9_amd64.deb) ...
P: Unpacking package dmidecode
O: Selecting previously unselected package groff-base.
O: Unpacking groff-base (from .../groff-base_1.21-9_amd64.deb) ...
P: Unpacking package groff-base
O: Selecting previously unselected package info.
O: Unpacking info (from .../info_4.13a.dfsg.1-10_amd64.deb) ...
P: Unpacking package info
O: Selecting previously unselected package libnfnetlink0.
O: Unpacking libnfnetlink0 (from .../libnfnetlink0_1.0.0-1.1_amd64.deb) ...
P: Unpacking package libnfnetlink0
O: Selecting previously unselected package iptables.
O: Unpacking iptables (from .../iptables_1.4.14-3.1_amd64.deb) ...
P: Unpacking package iptables
O: Selecting previously unselected package iputils-ping.
O: Unpacking iputils-ping (from .../iputils-ping_20101006-1+b1_amd64.deb) ...
P: Unpacking package iputils-ping
O: Selecting previously unselected package isc-dhcp-common.
O: Unpacking isc-dhcp-common (from .../isc-dhcp-common_4.2.2.dfsg.1-5+deb70u3_amd64.deb) ...
P: Unpacking package isc-dhcp-common
O: Selecting previously unselected package isc-dhcp-client.
O: Unpacking isc-dhcp-client (from .../isc-dhcp-client_4.2.2.dfsg.1-5+deb70u3_amd64.deb) ...
P: Unpacking package isc-dhcp-client
O: Selecting previously unselected package kmod.
O: Unpacking kmod (from .../bootstrap/kmod_9-3_amd64.deb) ...
P: Unpacking package kmod
O: Selecting previously unselected package logrotate.
O: Unpacking logrotate (from .../logrotate_3.8.1-4_amd64.deb) ...
P: Unpacking package logrotate
O: Selecting previously unselected package man-db.
O: Unpacking man-db (from .../man-db_2.6.2-1_amd64.deb) ...
P: Unpacking package man-db
O: Selecting previously unselected package manpages.
O: Unpacking manpages (from .../manpages_3.44-1_all.deb) ...
P: Unpacking package manpages
O: Selecting previously unselected package nano.
O: Unpacking nano (from .../nano_2.2.6-1+b1_amd64.deb) ...
P: Unpacking package nano
O: Selecting previously unselected package net-tools.
O: Unpacking net-tools (from .../net-tools_1.60-24.2_amd64.deb) ...
P: Unpacking package net-tools
O: Selecting previously unselected package netbase.
O: Unpacking netbase (from .../bootstrap/netbase_5.0_all.deb) ...
P: Unpacking package netbase
O: Selecting previously unselected package netcat-traditional.
O: Unpacking netcat-traditional (from .../netcat-traditional_1.10-40_amd64.deb) ...
P: Unpacking package netcat-traditional
O: Selecting previously unselected package rsyslog.
O: Unpacking rsyslog (from .../rsyslog_5.8.11-3_amd64.deb) ...
P: Unpacking package rsyslog
O: Selecting previously unselected package traceroute.
O: Unpacking traceroute (from .../traceroute_2.0.18-3_amd64.deb) ...
P: Unpacking package traceroute
O: Selecting previously unselected package vim-common.
O: Unpacking vim-common (from .../vim-common_7.3.547-7_amd64.deb) ...
P: Unpacking package vim-common
O: Selecting previously unselected package vim-tiny.
O: Unpacking vim-tiny (from .../vim-tiny_7.3.547-7_amd64.deb) ...
P: Unpacking package vim-tiny
O: Selecting previously unselected package wget.
O: Unpacking wget (from .../wget_1.13.4-3_amd64.deb) ...
P: Unpacking package wget
O: Selecting previously unselected package whiptail.
O: Unpacking whiptail (from .../whiptail_0.52.14-11.1_amd64.deb) ...
P: Unpacking package whiptail
O: Processing triggers for install-info ...
O: Setting up adduser (3.113+nmu3) ...
P: Configuring package adduser
O: Setting up cron (3.0pl1-124) ...
P: Configuring package cron
O: Adding group `crontab' (GID 102) ...
O: Done.
O: ************************************
O: All rc.d operations denied by policy
O: ************************************
O: invoke-rc.d: policy-rc.d denied execution of start.
O: Setting up iproute (20120521-3+b3) ...
P: Configuring package iproute
O: Setting up ifupdown (0.7.8) ...
P: Configuring package ifupdown
O: Creating /etc/network/interfaces.
O: Setting up libapt-inst1.5:amd64 (0.9.7.8) ...
P: Configuring package libapt-inst1.5:amd64
O: Setting up libgdbm3:amd64 (1.8.3-11) ...
P: Configuring package libgdbm3:amd64
O: Setting up libkmod2:amd64 (9-3) ...
P: Configuring package libkmod2:amd64
O: Setting up libncursesw5:amd64 (5.9-10) ...
P: Configuring package libncursesw5:amd64
O: Setting up libnewt0.52 (0.52.14-11.1) ...
P: Configuring package libnewt0.52
O: Setting up libpipeline1:amd64 (1.2.1-1) ...
P: Configuring package libpipeline1:amd64
O: Setting up libpopt0:amd64 (1.16-7) ...
P: Configuring package libpopt0:amd64
O: Setting up libprocps0:amd64 (1:3.3.3-3) ...
P: Configuring package libprocps0:amd64
O: Setting up libsigc++-2.0-0c2a:amd64 (2.2.10-0.2) ...
P: Configuring package libsigc++-2.0-0c2a:amd64
O: Setting up libssl1.0.0:amd64 (1.0.1e-2) ...
P: Configuring package libssl1.0.0:amd64
O: Setting up libudev0:amd64 (175-7.2) ...
P: Configuring package libudev0:amd64
O: Setting up procps (1:3.3.3-3) ...
P: Configuring package procps
O: update-alternatives: using /usr/bin/w.procps to provide /usr/bin/w (w) in auto mode
O: ************************************
O: All rc.d operations denied by policy
O: ************************************
O: invoke-rc.d: policy-rc.d denied execution of start.
O: Setting up udev (175-7.2) ...
P: Configuring package udev
O: A chroot environment has been detected, udev not started.
O: Setting up libgpg-error0:amd64 (1.10-3.1) ...
P: Configuring package libgpg-error0:amd64
O: Setting up libgcrypt11:amd64 (1.5.0-5) ...
P: Configuring package libgcrypt11:amd64
O: Setting up libp11-kit0:amd64 (0.12-3) ...
P: Configuring package libp11-kit0:amd64
O: Setting up libtasn1-3:amd64 (2.13-2) ...
P: Configuring package libtasn1-3:amd64
O: Setting up libgnutls26:amd64 (2.12.20-6) ...
P: Configuring package libgnutls26:amd64
O: Setting up libidn11:amd64 (1.25-2) ...
P: Configuring package libidn11:amd64
O: Setting up libsqlite3-0:amd64 (3.7.13-1+deb7u1) ...
P: Configuring package libsqlite3-0:amd64
O: Setting up apt-utils (0.9.7.8) ...
P: Configuring package apt-utils
O: Setting up aptitude-common (0.6.8.2-1) ...
P: Configuring package aptitude-common
O: Setting up libboost-iostreams1.49.0 (1.49.0-3.2) ...
P: Configuring package libboost-iostreams1.49.0
O: Setting up libcwidget3 (0.5.16-3.4) ...
P: Configuring package libcwidget3
O: Setting up libxapian22 (1.2.12-2) ...
P: Configuring package libxapian22
O: Setting up libept1.4.12 (1.0.9) ...
P: Configuring package libept1.4.12
O: Setting up aptitude (0.6.8.2-1) ...
P: Configuring package aptitude
O: update-alternatives: using /usr/bin/aptitude-curses to provide /usr/bin/aptitude (aptitude) in auto mode
O: Setting up bsdmainutils (9.0.3) ...
P: Configuring package bsdmainutils
O: update-alternatives: using /usr/bin/bsd-write to provide /usr/bin/write (write) in auto mode
O: update-alternatives: using /usr/bin/bsd-from to provide /usr/bin/from (from) in auto mode
O: Setting up cpio (2.11+dfsg-0.1) ...
P: Configuring package cpio
O: update-alternatives: using /bin/mt-gnu to provide /bin/mt (mt) in auto mode
O: Setting up dmidecode (2.11-9) ...
P: Configuring package dmidecode
O: Setting up groff-base (1.21-9) ...
P: Configuring package groff-base
O: Setting up info (4.13a.dfsg.1-10) ...
P: Configuring package info
O: update-alternatives: using /usr/bin/info to provide /usr/bin/infobrowser (infobrowser) in auto mode
O: Setting up libnfnetlink0 (1.0.0-1.1) ...
P: Configuring package libnfnetlink0
O: Setting up iptables (1.4.14-3.1) ...
P: Configuring package iptables
O: Setting up iputils-ping (3:20101006-1+b1) ...
P: Configuring package iputils-ping
O: Setting up isc-dhcp-common (4.2.2.dfsg.1-5+deb70u3) ...
P: Configuring package isc-dhcp-common
O: Setting up isc-dhcp-client (4.2.2.dfsg.1-5+deb70u3) ...
P: Configuring package isc-dhcp-client
O: Setting up kmod (9-3) ...
P: Configuring package kmod
O: Setting up logrotate (3.8.1-4) ...
P: Configuring package logrotate
O: Setting up man-db (2.6.2-1) ...
P: Configuring package man-db
O: Building database of manual pages ...
O: Setting up manpages (3.44-1) ...
P: Configuring package manpages
O: Setting up nano (2.2.6-1+b1) ...
P: Configuring package nano
O: update-alternatives: using /bin/nano to provide /usr/bin/editor (editor) in auto mode
O: update-alternatives: using /bin/nano to provide /usr/bin/pico (pico) in auto mode
O: Setting up net-tools (1.60-24.2) ...
P: Configuring package net-tools
O: Setting up netbase (5.0) ...
P: Configuring package netbase
O: Setting up netcat-traditional (1.10-40) ...
P: Configuring package netcat-traditional
O: update-alternatives: using /bin/nc.traditional to provide /bin/nc (nc) in auto mode
O: Setting up rsyslog (5.8.11-3) ...
P: Configuring package rsyslog
O: ************************************
O: All rc.d operations denied by policy
O: ************************************
O: invoke-rc.d: policy-rc.d denied execution of start.
O: Setting up traceroute (1:2.0.18-3) ...
P: Configuring package traceroute
O: update-alternatives: using /usr/bin/traceroute.db to provide /usr/bin/traceroute (traceroute) in auto mode
O: update-alternatives: using /usr/bin/traceroute6.db to provide /usr/bin/traceroute6 (traceroute6) in auto mode
O: update-alternatives: using /usr/bin/lft.db to provide /usr/bin/lft (lft) in auto mode
O: update-alternatives: using /usr/bin/traceproto.db to provide /usr/bin/traceproto (traceproto) in auto mode
O: update-alternatives: using /usr/sbin/tcptraceroute.db to provide /usr/sbin/tcptraceroute (tcptraceroute) in auto mode
O: Setting up vim-common (2:7.3.547-7) ...
P: Configuring package vim-common
O: Setting up vim-tiny (2:7.3.547-7) ...
P: Configuring package vim-tiny
O: update-alternatives: 
O: using /usr/bin/vim.tiny to provide /usr/bin/rview (rview) in auto mode
O: 
O: update-alternatives: 
O: using /usr/bin/vim.tiny to provide /usr/bin/vi (vi) in auto mode
O: 
O: update-alternatives: 
O: using /usr/bin/vim.tiny to provide /usr/bin/view (view) in auto mode
O: 
O: update-alternatives: using /usr/bin/vim.tiny to provide /usr/bin/ex (ex) in auto mode
O: Setting up wget (1.13.4-3) ...
P: Configuring package wget
O: Setting up whiptail (0.52.14-11.1) ...
P: Configuring package whiptail
O: Setting up tasksel-data (3.14+nmu2) ...
P: Configuring package tasksel-data
O: Setting up tasksel (3.14+nmu2) ...
P: Configuring package tasksel
P: Deconfiguring helper cdebootstrap-helper-apt
O: (Reading database ... 
O: 9311 files and directories currently installed.)
O: Removing cdebootstrap-helper-apt ...
O: Purging configuration files for cdebootstrap-helper-apt ...
O: Reading package lists...
O: 
P: Deconfiguring helper cdebootstrap-helper-rc.d
O: (Reading database ... 
O: 9310 files and directories currently installed.)
O: Removing cdebootstrap-helper-rc.d ...
P: Deconfiguring helper cdebootstrap-helper-makedev
O: (Reading database ... 
O: 9309 files and directories currently installed.)
O: Removing cdebootstrap-helper-makedev ...
O: Purging configuration files for cdebootstrap-helper-makedev ...
P: Writing apt sources.list
P: Writing hosts
P: Writing resolv.conf
