2013-05-24 05:21:47 startup archives install
2013-05-24 05:21:47 install dpkg:amd64 <none> 1.16.10
2013-05-24 05:21:47 status half-installed dpkg:amd64 1.16.10
2013-05-24 05:21:48 status unpacked dpkg:amd64 1.16.10
2013-05-24 05:21:48 status unpacked dpkg:amd64 1.16.10
2013-05-24 05:21:48 configure dpkg:amd64 1.16.10 1.16.10
2013-05-24 05:21:48 status unpacked dpkg:amd64 1.16.10
2013-05-24 05:21:48 status unpacked dpkg:amd64 1.16.10
2013-05-24 05:21:48 status unpacked dpkg:amd64 1.16.10
2013-05-24 05:21:48 status unpacked dpkg:amd64 1.16.10
2013-05-24 05:21:48 status unpacked dpkg:amd64 1.16.10
2013-05-24 05:21:48 status half-configured dpkg:amd64 1.16.10
2013-05-24 05:21:48 status installed dpkg:amd64 1.16.10
2013-05-24 05:21:52 startup archives install
2013-05-24 05:21:52 install cdebootstrap-helper-rc.d:all <none> 1
2013-05-24 05:21:52 status half-installed cdebootstrap-helper-rc.d:all 1
2013-05-24 05:21:52 status unpacked cdebootstrap-helper-rc.d:all 1
2013-05-24 05:21:52 status unpacked cdebootstrap-helper-rc.d:all 1
2013-05-24 05:21:52 configure cdebootstrap-helper-rc.d:all 1 1
2013-05-24 05:21:52 status unpacked cdebootstrap-helper-rc.d:all 1
2013-05-24 05:21:52 status half-configured cdebootstrap-helper-rc.d:all 1
2013-05-24 05:21:52 status installed cdebootstrap-helper-rc.d:all 1
2013-05-24 05:21:53 startup archives install
2013-05-24 05:21:53 install cdebootstrap-helper-makedev:all <none> 1
2013-05-24 05:21:53 status half-installed cdebootstrap-helper-makedev:all 1
2013-05-24 05:21:53 status unpacked cdebootstrap-helper-makedev:all 1
2013-05-24 05:21:53 status unpacked cdebootstrap-helper-makedev:all 1
2013-05-24 05:21:53 configure cdebootstrap-helper-makedev:all 1 1
2013-05-24 05:21:53 status unpacked cdebootstrap-helper-makedev:all 1
2013-05-24 05:21:53 status half-configured cdebootstrap-helper-makedev:all 1
2013-05-24 05:21:54 status installed cdebootstrap-helper-makedev:all 1
2013-05-24 05:21:54 startup archives unpack
2013-05-24 05:21:54 install libc-bin:amd64 <none> 2.13-38
2013-05-24 05:21:54 status half-installed libc-bin:amd64 2.13-38
2013-05-24 05:21:54 status unpacked libc-bin:amd64 2.13-38
2013-05-24 05:21:54 status unpacked libc-bin:amd64 2.13-38
2013-05-24 05:21:55 install gcc-4.7-base:amd64 <none> 4.7.2-5
2013-05-24 05:21:55 status half-installed gcc-4.7-base:amd64 4.7.2-5
2013-05-24 05:21:55 status unpacked gcc-4.7-base:amd64 4.7.2-5
2013-05-24 05:21:55 status unpacked gcc-4.7-base:amd64 4.7.2-5
2013-05-24 05:21:55 install libgcc1:amd64 <none> 1:4.7.2-5
2013-05-24 05:21:55 status half-installed libgcc1:amd64 1:4.7.2-5
2013-05-24 05:21:56 status unpacked libgcc1:amd64 1:4.7.2-5
2013-05-24 05:21:56 status unpacked libgcc1:amd64 1:4.7.2-5
2013-05-24 05:21:56 install libc6:amd64 <none> 2.13-38
2013-05-24 05:21:56 status half-installed libc6:amd64 2.13-38
2013-05-24 05:21:57 status unpacked libc6:amd64 2.13-38
2013-05-24 05:21:57 status unpacked libc6:amd64 2.13-38
2013-05-24 05:21:58 install multiarch-support:amd64 <none> 2.13-38
2013-05-24 05:21:58 status half-installed multiarch-support:amd64 2.13-38
2013-05-24 05:21:58 status unpacked multiarch-support:amd64 2.13-38
2013-05-24 05:21:58 status unpacked multiarch-support:amd64 2.13-38
2013-05-24 05:21:58 install liblzma5:amd64 <none> 5.1.1alpha+20120614-2
2013-05-24 05:21:58 status half-installed liblzma5:amd64 5.1.1alpha+20120614-2
2013-05-24 05:21:59 status unpacked liblzma5:amd64 5.1.1alpha+20120614-2
2013-05-24 05:21:59 status unpacked liblzma5:amd64 5.1.1alpha+20120614-2
2013-05-24 05:21:59 install libselinux1:amd64 <none> 2.1.9-5
2013-05-24 05:21:59 status half-installed libselinux1:amd64 2.1.9-5
2013-05-24 05:21:59 status unpacked libselinux1:amd64 2.1.9-5
2013-05-24 05:22:00 status unpacked libselinux1:amd64 2.1.9-5
2013-05-24 05:22:00 install zlib1g:amd64 <none> 1:1.2.7.dfsg-13
2013-05-24 05:22:00 status half-installed zlib1g:amd64 1:1.2.7.dfsg-13
2013-05-24 05:22:00 status unpacked zlib1g:amd64 1:1.2.7.dfsg-13
2013-05-24 05:22:00 status unpacked zlib1g:amd64 1:1.2.7.dfsg-13
2013-05-24 05:22:01 install tar:amd64 <none> 1.26+dfsg-0.1
2013-05-24 05:22:01 status half-installed tar:amd64 1.26+dfsg-0.1
2013-05-24 05:22:01 status unpacked tar:amd64 1.26+dfsg-0.1
2013-05-24 05:22:01 status unpacked tar:amd64 1.26+dfsg-0.1
2013-05-24 05:22:01 install libbz2-1.0:amd64 <none> 1.0.6-4
2013-05-24 05:22:01 status half-installed libbz2-1.0:amd64 1.0.6-4
2013-05-24 05:22:02 status unpacked libbz2-1.0:amd64 1.0.6-4
2013-05-24 05:22:02 status unpacked libbz2-1.0:amd64 1.0.6-4
2013-05-24 05:22:02 install perl-base:amd64 <none> 5.14.2-21
2013-05-24 05:22:02 status half-installed perl-base:amd64 5.14.2-21
2013-05-24 05:22:03 status unpacked perl-base:amd64 5.14.2-21
2013-05-24 05:22:03 status unpacked perl-base:amd64 5.14.2-21
2013-05-24 05:22:03 install debconf:all <none> 1.5.49
2013-05-24 05:22:03 status half-installed debconf:all 1.5.49
2013-05-24 05:22:04 status unpacked debconf:all 1.5.49
2013-05-24 05:22:04 status unpacked debconf:all 1.5.49
2013-05-24 05:22:04 install libpam0g:amd64 <none> 1.1.3-7.1
2013-05-24 05:22:04 status half-installed libpam0g:amd64 1.1.3-7.1
2013-05-24 05:22:04 status unpacked libpam0g:amd64 1.1.3-7.1
2013-05-24 05:22:04 status unpacked libpam0g:amd64 1.1.3-7.1
2013-05-24 05:22:05 install libsepol1:amd64 <none> 2.1.4-3
2013-05-24 05:22:05 status half-installed libsepol1:amd64 2.1.4-3
2013-05-24 05:22:05 status unpacked libsepol1:amd64 2.1.4-3
2013-05-24 05:22:05 status unpacked libsepol1:amd64 2.1.4-3
2013-05-24 05:22:05 install libpam-modules-bin:amd64 <none> 1.1.3-7.1
2013-05-24 05:22:05 status half-installed libpam-modules-bin:amd64 1.1.3-7.1
2013-05-24 05:22:06 status unpacked libpam-modules-bin:amd64 1.1.3-7.1
2013-05-24 05:22:06 status unpacked libpam-modules-bin:amd64 1.1.3-7.1
2013-05-24 05:22:06 install libdb5.1:amd64 <none> 5.1.29-5
2013-05-24 05:22:06 status half-installed libdb5.1:amd64 5.1.29-5
2013-05-24 05:22:07 status unpacked libdb5.1:amd64 5.1.29-5
2013-05-24 05:22:07 status unpacked libdb5.1:amd64 5.1.29-5
2013-05-24 05:22:07 install libpam-modules:amd64 <none> 1.1.3-7.1
2013-05-24 05:22:07 status half-installed libpam-modules:amd64 1.1.3-7.1
2013-05-24 05:22:08 status unpacked libpam-modules:amd64 1.1.3-7.1
2013-05-24 05:22:08 status unpacked libpam-modules:amd64 1.1.3-7.1
2013-05-24 05:22:08 install sensible-utils:all <none> 0.0.7
2013-05-24 05:22:08 status half-installed sensible-utils:all 0.0.7
2013-05-24 05:22:08 status unpacked sensible-utils:all 0.0.7
2013-05-24 05:22:08 status unpacked sensible-utils:all 0.0.7
2013-05-24 05:22:09 install debianutils:amd64 <none> 4.3.2
2013-05-24 05:22:09 status half-installed debianutils:amd64 4.3.2
2013-05-24 05:22:09 status unpacked debianutils:amd64 4.3.2
2013-05-24 05:22:09 status unpacked debianutils:amd64 4.3.2
2013-05-24 05:22:09 install libsemanage-common:all <none> 2.1.6-6
2013-05-24 05:22:09 status half-installed libsemanage-common:all 2.1.6-6
2013-05-24 05:22:09 status unpacked libsemanage-common:all 2.1.6-6
2013-05-24 05:22:09 status unpacked libsemanage-common:all 2.1.6-6
2013-05-24 05:22:10 install libustr-1.0-1:amd64 <none> 1.0.4-3
2013-05-24 05:22:10 status half-installed libustr-1.0-1:amd64 1.0.4-3
2013-05-24 05:22:10 status unpacked libustr-1.0-1:amd64 1.0.4-3
2013-05-24 05:22:10 status unpacked libustr-1.0-1:amd64 1.0.4-3
2013-05-24 05:22:11 install libsemanage1:amd64 <none> 2.1.6-6
2013-05-24 05:22:11 status half-installed libsemanage1:amd64 2.1.6-6
2013-05-24 05:22:11 status unpacked libsemanage1:amd64 2.1.6-6
2013-05-24 05:22:11 status unpacked libsemanage1:amd64 2.1.6-6
2013-05-24 05:22:11 install passwd:amd64 <none> 1:4.1.5.1-1
2013-05-24 05:22:11 status half-installed passwd:amd64 1:4.1.5.1-1
2013-05-24 05:22:12 status unpacked passwd:amd64 1:4.1.5.1-1
2013-05-24 05:22:12 status unpacked passwd:amd64 1:4.1.5.1-1
2013-05-24 05:22:12 install libtinfo5:amd64 <none> 5.9-10
2013-05-24 05:22:12 status half-installed libtinfo5:amd64 5.9-10
2013-05-24 05:22:13 status unpacked libtinfo5:amd64 5.9-10
2013-05-24 05:22:13 status unpacked libtinfo5:amd64 5.9-10
2013-05-24 05:22:13 install libuuid1:amd64 <none> 2.20.1-5.3
2013-05-24 05:22:13 status half-installed libuuid1:amd64 2.20.1-5.3
2013-05-24 05:22:13 status unpacked libuuid1:amd64 2.20.1-5.3
2013-05-24 05:22:13 status unpacked libuuid1:amd64 2.20.1-5.3
2013-05-24 05:22:14 install mawk:amd64 <none> 1.3.3-17
2013-05-24 05:22:14 status half-installed mawk:amd64 1.3.3-17
2013-05-24 05:22:14 status unpacked mawk:amd64 1.3.3-17
2013-05-24 05:22:14 status unpacked mawk:amd64 1.3.3-17
2013-05-24 05:22:14 install base-files:amd64 <none> 7.1
2013-05-24 05:22:14 status half-installed base-files:amd64 7.1
2013-05-24 05:22:14 status unpacked base-files:amd64 7.1
2013-05-24 05:22:14 status unpacked base-files:amd64 7.1
2013-05-24 05:22:15 install base-passwd:amd64 <none> 3.5.26
2013-05-24 05:22:15 status half-installed base-passwd:amd64 3.5.26
2013-05-24 05:22:17 status unpacked base-passwd:amd64 3.5.26
2013-05-24 05:22:18 status unpacked base-passwd:amd64 3.5.26
2013-05-24 05:22:18 install dash:amd64 <none> 0.5.7-3
2013-05-24 05:22:18 status half-installed dash:amd64 0.5.7-3
2013-05-24 05:22:19 status unpacked dash:amd64 0.5.7-3
2013-05-24 05:22:19 status unpacked dash:amd64 0.5.7-3
2013-05-24 05:22:19 install bash:amd64 <none> 4.2+dfsg-0.1
2013-05-24 05:22:19 status half-installed bash:amd64 4.2+dfsg-0.1
2013-05-24 05:22:20 status unpacked bash:amd64 4.2+dfsg-0.1
2013-05-24 05:22:20 status unpacked bash:amd64 4.2+dfsg-0.1
2013-05-24 05:22:20 install libncurses5:amd64 <none> 5.9-10
2013-05-24 05:22:20 status half-installed libncurses5:amd64 5.9-10
2013-05-24 05:22:21 status unpacked libncurses5:amd64 5.9-10
2013-05-24 05:22:21 status unpacked libncurses5:amd64 5.9-10
2013-05-24 05:22:21 install bsdutils:amd64 <none> 1:2.20.1-5.3
2013-05-24 05:22:21 status half-installed bsdutils:amd64 1:2.20.1-5.3
2013-05-24 05:22:21 status unpacked bsdutils:amd64 1:2.20.1-5.3
2013-05-24 05:22:21 status unpacked bsdutils:amd64 1:2.20.1-5.3
2013-05-24 05:22:22 install libattr1:amd64 <none> 1:2.4.46-8
2013-05-24 05:22:22 status half-installed libattr1:amd64 1:2.4.46-8
2013-05-24 05:22:22 status unpacked libattr1:amd64 1:2.4.46-8
2013-05-24 05:22:22 status unpacked libattr1:amd64 1:2.4.46-8
2013-05-24 05:22:23 install libacl1:amd64 <none> 2.2.51-8
2013-05-24 05:22:23 status half-installed libacl1:amd64 2.2.51-8
2013-05-24 05:22:23 status unpacked libacl1:amd64 2.2.51-8
2013-05-24 05:22:23 status unpacked libacl1:amd64 2.2.51-8
2013-05-24 05:22:24 install coreutils:amd64 <none> 8.13-3.5
2013-05-24 05:22:24 status half-installed coreutils:amd64 8.13-3.5
2013-05-24 05:22:25 status unpacked coreutils:amd64 8.13-3.5
2013-05-24 05:22:25 status unpacked coreutils:amd64 8.13-3.5
2013-05-24 05:22:25 install lsb-base:all <none> 4.1+Debian8
2013-05-24 05:22:25 status half-installed lsb-base:all 4.1+Debian8
2013-05-24 05:22:25 status unpacked lsb-base:all 4.1+Debian8
2013-05-24 05:22:26 status unpacked lsb-base:all 4.1+Debian8
2013-05-24 05:22:26 install libpam-runtime:all <none> 1.1.3-7.1
2013-05-24 05:22:26 status half-installed libpam-runtime:all 1.1.3-7.1
2013-05-24 05:22:26 status unpacked libpam-runtime:all 1.1.3-7.1
2013-05-24 05:22:26 status unpacked libpam-runtime:all 1.1.3-7.1
2013-05-24 05:22:27 install liblocale-gettext-perl:amd64 <none> 1.05-7+b1
2013-05-24 05:22:27 status half-installed liblocale-gettext-perl:amd64 1.05-7+b1
2013-05-24 05:22:27 status unpacked liblocale-gettext-perl:amd64 1.05-7+b1
2013-05-24 05:22:27 status unpacked liblocale-gettext-perl:amd64 1.05-7+b1
2013-05-24 05:22:27 install libtext-iconv-perl:amd64 <none> 1.7-5
2013-05-24 05:22:27 status half-installed libtext-iconv-perl:amd64 1.7-5
2013-05-24 05:22:27 status unpacked libtext-iconv-perl:amd64 1.7-5
2013-05-24 05:22:28 status unpacked libtext-iconv-perl:amd64 1.7-5
2013-05-24 05:22:28 install libtext-charwidth-perl:amd64 <none> 0.04-7+b1
2013-05-24 05:22:28 status half-installed libtext-charwidth-perl:amd64 0.04-7+b1
2013-05-24 05:22:28 status unpacked libtext-charwidth-perl:amd64 0.04-7+b1
2013-05-24 05:22:28 status unpacked libtext-charwidth-perl:amd64 0.04-7+b1
2013-05-24 05:22:28 install libtext-wrapi18n-perl:all <none> 0.06-7
2013-05-24 05:22:28 status half-installed libtext-wrapi18n-perl:all 0.06-7
2013-05-24 05:22:28 status unpacked libtext-wrapi18n-perl:all 0.06-7
2013-05-24 05:22:29 status unpacked libtext-wrapi18n-perl:all 0.06-7
2013-05-24 05:22:29 install debconf-i18n:all <none> 1.5.49
2013-05-24 05:22:29 status half-installed debconf-i18n:all 1.5.49
2013-05-24 05:22:29 status unpacked debconf-i18n:all 1.5.49
2013-05-24 05:22:29 status unpacked debconf-i18n:all 1.5.49
2013-05-24 05:22:29 install diffutils:amd64 <none> 1:3.2-6
2013-05-24 05:22:29 status half-installed diffutils:amd64 1:3.2-6
2013-05-24 05:22:30 status unpacked diffutils:amd64 1:3.2-6
2013-05-24 05:22:30 status unpacked diffutils:amd64 1:3.2-6
2013-05-24 05:22:30 install e2fslibs:amd64 <none> 1.42.5-1.1
2013-05-24 05:22:30 status half-installed e2fslibs:amd64 1.42.5-1.1
2013-05-24 05:22:30 status unpacked e2fslibs:amd64 1.42.5-1.1
2013-05-24 05:22:30 status unpacked e2fslibs:amd64 1.42.5-1.1
2013-05-24 05:22:31 install libblkid1:amd64 <none> 2.20.1-5.3
2013-05-24 05:22:31 status half-installed libblkid1:amd64 2.20.1-5.3
2013-05-24 05:22:31 status unpacked libblkid1:amd64 2.20.1-5.3
2013-05-24 05:22:31 status unpacked libblkid1:amd64 2.20.1-5.3
2013-05-24 05:22:32 install libcomerr2:amd64 <none> 1.42.5-1.1
2013-05-24 05:22:32 status half-installed libcomerr2:amd64 1.42.5-1.1
2013-05-24 05:22:32 status unpacked libcomerr2:amd64 1.42.5-1.1
2013-05-24 05:22:32 status unpacked libcomerr2:amd64 1.42.5-1.1
2013-05-24 05:22:33 install libss2:amd64 <none> 1.42.5-1.1
2013-05-24 05:22:33 status half-installed libss2:amd64 1.42.5-1.1
2013-05-24 05:22:33 status unpacked libss2:amd64 1.42.5-1.1
2013-05-24 05:22:33 status unpacked libss2:amd64 1.42.5-1.1
2013-05-24 05:22:33 install tzdata:all <none> 2013b-2
2013-05-24 05:22:33 status half-installed tzdata:all 2013b-2
2013-05-24 05:22:34 status unpacked tzdata:all 2013b-2
2013-05-24 05:22:34 status unpacked tzdata:all 2013b-2
2013-05-24 05:22:35 install libmount1:amd64 <none> 2.20.1-5.3
2013-05-24 05:22:35 status half-installed libmount1:amd64 2.20.1-5.3
2013-05-24 05:22:35 status unpacked libmount1:amd64 2.20.1-5.3
2013-05-24 05:22:35 status unpacked libmount1:amd64 2.20.1-5.3
2013-05-24 05:22:35 install mount:amd64 <none> 2.20.1-5.3
2013-05-24 05:22:35 status half-installed mount:amd64 2.20.1-5.3
2013-05-24 05:22:36 status unpacked mount:amd64 2.20.1-5.3
2013-05-24 05:22:36 status unpacked mount:amd64 2.20.1-5.3
2013-05-24 05:22:36 install sysvinit-utils:amd64 <none> 2.88dsf-41
2013-05-24 05:22:36 status half-installed sysvinit-utils:amd64 2.88dsf-41
2013-05-24 05:22:36 status unpacked sysvinit-utils:amd64 2.88dsf-41
2013-05-24 05:22:36 status unpacked sysvinit-utils:amd64 2.88dsf-41
2013-05-24 05:22:37 install insserv:amd64 <none> 1.14.0-5
2013-05-24 05:22:37 status half-installed insserv:amd64 1.14.0-5
2013-05-24 05:22:37 status unpacked insserv:amd64 1.14.0-5
2013-05-24 05:22:37 status unpacked insserv:amd64 1.14.0-5
2013-05-24 05:22:37 install sysv-rc:all <none> 2.88dsf-41
2013-05-24 05:22:37 status half-installed sysv-rc:all 2.88dsf-41
2013-05-24 05:22:38 status unpacked sysv-rc:all 2.88dsf-41
2013-05-24 05:22:38 status unpacked sysv-rc:all 2.88dsf-41
2013-05-24 05:22:38 install initscripts:amd64 <none> 2.88dsf-41
2013-05-24 05:22:38 status half-installed initscripts:amd64 2.88dsf-41
2013-05-24 05:22:38 status unpacked initscripts:amd64 2.88dsf-41
2013-05-24 05:22:39 status unpacked initscripts:amd64 2.88dsf-41
2013-05-24 05:22:39 install libslang2:amd64 <none> 2.2.4-15
2013-05-24 05:22:39 status half-installed libslang2:amd64 2.2.4-15
2013-05-24 05:22:39 status unpacked libslang2:amd64 2.2.4-15
2013-05-24 05:22:39 status unpacked libslang2:amd64 2.2.4-15
2013-05-24 05:22:40 install util-linux:amd64 <none> 2.20.1-5.3
2013-05-24 05:22:40 status half-installed util-linux:amd64 2.20.1-5.3
2013-05-24 05:22:40 status unpacked util-linux:amd64 2.20.1-5.3
2013-05-24 05:22:40 status unpacked util-linux:amd64 2.20.1-5.3
2013-05-24 05:22:41 install e2fsprogs:amd64 <none> 1.42.5-1.1
2013-05-24 05:22:41 status half-installed e2fsprogs:amd64 1.42.5-1.1
2013-05-24 05:22:41 status unpacked e2fsprogs:amd64 1.42.5-1.1
2013-05-24 05:22:41 status unpacked e2fsprogs:amd64 1.42.5-1.1
2013-05-24 05:22:41 install findutils:amd64 <none> 4.4.2-4
2013-05-24 05:22:41 status half-installed findutils:amd64 4.4.2-4
2013-05-24 05:22:42 status unpacked findutils:amd64 4.4.2-4
2013-05-24 05:22:42 status unpacked findutils:amd64 4.4.2-4
2013-05-24 05:22:42 install grep:amd64 <none> 2.12-2
2013-05-24 05:22:42 status half-installed grep:amd64 2.12-2
2013-05-24 05:22:42 status unpacked grep:amd64 2.12-2
2013-05-24 05:22:43 status unpacked grep:amd64 2.12-2
2013-05-24 05:22:43 install gzip:amd64 <none> 1.5-1.1
2013-05-24 05:22:43 status half-installed gzip:amd64 1.5-1.1
2013-05-24 05:22:43 status unpacked gzip:amd64 1.5-1.1
2013-05-24 05:22:43 status unpacked gzip:amd64 1.5-1.1
2013-05-24 05:22:43 install hostname:amd64 <none> 3.11
2013-05-24 05:22:43 status half-installed hostname:amd64 3.11
2013-05-24 05:22:44 status unpacked hostname:amd64 3.11
2013-05-24 05:22:44 status unpacked hostname:amd64 3.11
2013-05-24 05:22:44 install login:amd64 <none> 1:4.1.5.1-1
2013-05-24 05:22:44 status half-installed login:amd64 1:4.1.5.1-1
2013-05-24 05:22:44 status unpacked login:amd64 1:4.1.5.1-1
2013-05-24 05:22:45 status unpacked login:amd64 1:4.1.5.1-1
2013-05-24 05:22:45 install ncurses-base:all <none> 5.9-10
2013-05-24 05:22:45 status half-installed ncurses-base:all 5.9-10
2013-05-24 05:22:45 status unpacked ncurses-base:all 5.9-10
2013-05-24 05:22:45 status unpacked ncurses-base:all 5.9-10
2013-05-24 05:22:45 install ncurses-bin:amd64 <none> 5.9-10
2013-05-24 05:22:45 status half-installed ncurses-bin:amd64 5.9-10
2013-05-24 05:22:46 status unpacked ncurses-bin:amd64 5.9-10
2013-05-24 05:22:46 status unpacked ncurses-bin:amd64 5.9-10
2013-05-24 05:22:46 install sed:amd64 <none> 4.2.1-10
2013-05-24 05:22:46 status half-installed sed:amd64 4.2.1-10
2013-05-24 05:22:46 status unpacked sed:amd64 4.2.1-10
2013-05-24 05:22:46 status unpacked sed:amd64 4.2.1-10
2013-05-24 05:22:47 install sysvinit:amd64 <none> 2.88dsf-41
2013-05-24 05:22:47 status half-installed sysvinit:amd64 2.88dsf-41
2013-05-24 05:22:47 status unpacked sysvinit:amd64 2.88dsf-41
2013-05-24 05:22:47 status unpacked sysvinit:amd64 2.88dsf-41
2013-05-24 05:22:47 install xz-utils:amd64 <none> 5.1.1alpha+20120614-2
2013-05-24 05:22:47 status half-installed xz-utils:amd64 5.1.1alpha+20120614-2
2013-05-24 05:22:48 status unpacked xz-utils:amd64 5.1.1alpha+20120614-2
2013-05-24 05:22:48 status unpacked xz-utils:amd64 5.1.1alpha+20120614-2
2013-05-24 05:22:48 startup packages configure
2013-05-24 05:22:48 configure lsb-base:all 4.1+Debian8 <none>
2013-05-24 05:22:48 status unpacked lsb-base:all 4.1+Debian8
2013-05-24 05:22:48 status half-configured lsb-base:all 4.1+Debian8
2013-05-24 05:22:48 status installed lsb-base:all 4.1+Debian8
2013-05-24 05:22:48 configure ncurses-base:all 5.9-10 <none>
2013-05-24 05:22:48 status unpacked ncurses-base:all 5.9-10
2013-05-24 05:22:48 status unpacked ncurses-base:all 5.9-10
2013-05-24 05:22:49 status half-configured ncurses-base:all 5.9-10
2013-05-24 05:22:49 status installed ncurses-base:all 5.9-10
2013-05-24 05:22:49 configure sensible-utils:all 0.0.7 <none>
2013-05-24 05:22:49 status unpacked sensible-utils:all 0.0.7
2013-05-24 05:22:49 status half-configured sensible-utils:all 0.0.7
2013-05-24 05:22:49 status installed sensible-utils:all 0.0.7
2013-05-24 05:22:49 configure libsemanage-common:all 2.1.6-6 <none>
2013-05-24 05:22:49 status unpacked libsemanage-common:all 2.1.6-6
2013-05-24 05:22:49 status unpacked libsemanage-common:all 2.1.6-6
2013-05-24 05:22:49 status half-configured libsemanage-common:all 2.1.6-6
2013-05-24 05:22:49 status installed libsemanage-common:all 2.1.6-6
2013-05-24 05:22:49 configure gcc-4.7-base:amd64 4.7.2-5 <none>
2013-05-24 05:22:49 status unpacked gcc-4.7-base:amd64 4.7.2-5
2013-05-24 05:22:49 status half-configured gcc-4.7-base:amd64 4.7.2-5
2013-05-24 05:22:50 status installed gcc-4.7-base:amd64 4.7.2-5
2013-05-24 05:22:50 configure libc-bin:amd64 2.13-38 <none>
2013-05-24 05:22:50 status unpacked libc-bin:amd64 2.13-38
2013-05-24 05:22:50 status unpacked libc-bin:amd64 2.13-38
2013-05-24 05:22:50 status unpacked libc-bin:amd64 2.13-38
2013-05-24 05:22:50 status unpacked libc-bin:amd64 2.13-38
2013-05-24 05:22:50 status unpacked libc-bin:amd64 2.13-38
2013-05-24 05:22:50 status half-configured libc-bin:amd64 2.13-38
2013-05-24 05:22:50 status installed libc-bin:amd64 2.13-38
2013-05-24 05:22:50 configure libc6:amd64 2.13-38 <none>
2013-05-24 05:22:50 status unpacked libc6:amd64 2.13-38
2013-05-24 05:22:50 status unpacked libc6:amd64 2.13-38
2013-05-24 05:22:50 status half-configured libc6:amd64 2.13-38
2013-05-24 05:22:52 status installed libc6:amd64 2.13-38
2013-05-24 05:22:52 configure debianutils:amd64 4.3.2 <none>
2013-05-24 05:22:52 status unpacked debianutils:amd64 4.3.2
2013-05-24 05:22:52 status half-configured debianutils:amd64 4.3.2
2013-05-24 05:22:52 status installed debianutils:amd64 4.3.2
2013-05-24 05:22:52 configure bsdutils:amd64 1:2.20.1-5.3 <none>
2013-05-24 05:22:52 status unpacked bsdutils:amd64 1:2.20.1-5.3
2013-05-24 05:22:52 status half-configured bsdutils:amd64 1:2.20.1-5.3
2013-05-24 05:22:52 status installed bsdutils:amd64 1:2.20.1-5.3
2013-05-24 05:22:53 configure perl-base:amd64 5.14.2-21 <none>
2013-05-24 05:22:53 status unpacked perl-base:amd64 5.14.2-21
2013-05-24 05:22:53 status half-configured perl-base:amd64 5.14.2-21
2013-05-24 05:22:53 status installed perl-base:amd64 5.14.2-21
2013-05-24 05:22:53 configure diffutils:amd64 1:3.2-6 <none>
2013-05-24 05:22:53 status unpacked diffutils:amd64 1:3.2-6
2013-05-24 05:22:53 status half-configured diffutils:amd64 1:3.2-6
2013-05-24 05:22:53 status installed diffutils:amd64 1:3.2-6
2013-05-24 05:22:53 configure tar:amd64 1.26+dfsg-0.1 <none>
2013-05-24 05:22:53 status unpacked tar:amd64 1.26+dfsg-0.1
2013-05-24 05:22:53 status unpacked tar:amd64 1.26+dfsg-0.1
2013-05-24 05:22:53 status half-configured tar:amd64 1.26+dfsg-0.1
2013-05-24 05:22:54 status installed tar:amd64 1.26+dfsg-0.1
2013-05-24 05:22:54 configure libtext-iconv-perl:amd64 1.7-5 <none>
2013-05-24 05:22:54 status unpacked libtext-iconv-perl:amd64 1.7-5
2013-05-24 05:22:54 status half-configured libtext-iconv-perl:amd64 1.7-5
2013-05-24 05:22:54 status installed libtext-iconv-perl:amd64 1.7-5
2013-05-24 05:22:54 configure base-passwd:amd64 3.5.26 <none>
2013-05-24 05:22:54 status unpacked base-passwd:amd64 3.5.26
2013-05-24 05:22:54 status half-configured base-passwd:amd64 3.5.26
2013-05-24 05:22:54 status installed base-passwd:amd64 3.5.26
2013-05-24 05:22:54 configure mawk:amd64 1.3.3-17 <none>
2013-05-24 05:22:54 status unpacked mawk:amd64 1.3.3-17
2013-05-24 05:22:54 status half-configured mawk:amd64 1.3.3-17
2013-05-24 05:22:55 status installed mawk:amd64 1.3.3-17
2013-05-24 05:22:55 configure grep:amd64 2.12-2 <none>
2013-05-24 05:22:55 status unpacked grep:amd64 2.12-2
2013-05-24 05:22:55 status half-configured grep:amd64 2.12-2
2013-05-24 05:22:55 status installed grep:amd64 2.12-2
2013-05-24 05:22:55 configure hostname:amd64 3.11 <none>
2013-05-24 05:22:55 status unpacked hostname:amd64 3.11
2013-05-24 05:22:55 status half-configured hostname:amd64 3.11
2013-05-24 05:22:55 status installed hostname:amd64 3.11
2013-05-24 05:22:55 configure findutils:amd64 4.4.2-4 <none>
2013-05-24 05:22:55 status unpacked findutils:amd64 4.4.2-4
2013-05-24 05:22:55 status half-configured findutils:amd64 4.4.2-4
2013-05-24 05:22:55 status installed findutils:amd64 4.4.2-4
2013-05-24 05:22:55 configure insserv:amd64 1.14.0-5 <none>
2013-05-24 05:22:55 status unpacked insserv:amd64 1.14.0-5
2013-05-24 05:22:56 status unpacked insserv:amd64 1.14.0-5
2013-05-24 05:22:56 status unpacked insserv:amd64 1.14.0-5
2013-05-24 05:22:56 status half-configured insserv:amd64 1.14.0-5
2013-05-24 05:22:56 status installed insserv:amd64 1.14.0-5
2013-05-24 05:22:56 configure gzip:amd64 1.5-1.1 <none>
2013-05-24 05:22:56 status unpacked gzip:amd64 1.5-1.1
2013-05-24 05:22:56 status half-configured gzip:amd64 1.5-1.1
2013-05-24 05:22:56 status installed gzip:amd64 1.5-1.1
2013-05-24 05:22:56 configure liblocale-gettext-perl:amd64 1.05-7+b1 <none>
2013-05-24 05:22:56 status unpacked liblocale-gettext-perl:amd64 1.05-7+b1
2013-05-24 05:22:56 status half-configured liblocale-gettext-perl:amd64 1.05-7+b1
2013-05-24 05:22:56 status installed liblocale-gettext-perl:amd64 1.05-7+b1
2013-05-24 05:22:56 configure multiarch-support:amd64 2.13-38 <none>
2013-05-24 05:22:56 status unpacked multiarch-support:amd64 2.13-38
2013-05-24 05:22:57 status half-configured multiarch-support:amd64 2.13-38
2013-05-24 05:22:57 status installed multiarch-support:amd64 2.13-38
2013-05-24 05:22:57 configure libselinux1:amd64 2.1.9-5 <none>
2013-05-24 05:22:57 status unpacked libselinux1:amd64 2.1.9-5
2013-05-24 05:22:57 status half-configured libselinux1:amd64 2.1.9-5
2013-05-24 05:22:58 status installed libselinux1:amd64 2.1.9-5
2013-05-24 05:22:58 configure libtext-charwidth-perl:amd64 0.04-7+b1 <none>
2013-05-24 05:22:58 status unpacked libtext-charwidth-perl:amd64 0.04-7+b1
2013-05-24 05:22:58 status half-configured libtext-charwidth-perl:amd64 0.04-7+b1
2013-05-24 05:22:58 status installed libtext-charwidth-perl:amd64 0.04-7+b1
2013-05-24 05:22:58 configure libtext-wrapi18n-perl:all 0.06-7 <none>
2013-05-24 05:22:58 status unpacked libtext-wrapi18n-perl:all 0.06-7
2013-05-24 05:22:58 status half-configured libtext-wrapi18n-perl:all 0.06-7
2013-05-24 05:22:58 status installed libtext-wrapi18n-perl:all 0.06-7
2013-05-24 05:22:59 configure libustr-1.0-1:amd64 1.0.4-3 <none>
2013-05-24 05:22:59 status unpacked libustr-1.0-1:amd64 1.0.4-3
2013-05-24 05:22:59 status half-configured libustr-1.0-1:amd64 1.0.4-3
2013-05-24 05:22:59 status installed libustr-1.0-1:amd64 1.0.4-3
2013-05-24 05:22:59 configure debconf:all 1.5.49 <none>
2013-05-24 05:22:59 status unpacked debconf:all 1.5.49
2013-05-24 05:22:59 status unpacked debconf:all 1.5.49
2013-05-24 05:22:59 status unpacked debconf:all 1.5.49
2013-05-24 05:22:59 status unpacked debconf:all 1.5.49
2013-05-24 05:22:59 status half-configured debconf:all 1.5.49
2013-05-24 05:23:00 status installed debconf:all 1.5.49
2013-05-24 05:23:00 configure dash:amd64 0.5.7-3 <none>
2013-05-24 05:23:00 status unpacked dash:amd64 0.5.7-3
2013-05-24 05:23:00 status half-configured dash:amd64 0.5.7-3
2013-05-24 05:23:00 status installed dash:amd64 0.5.7-3
2013-05-24 05:23:00 configure libpam0g:amd64 1.1.3-7.1 <none>
2013-05-24 05:23:00 status unpacked libpam0g:amd64 1.1.3-7.1
2013-05-24 05:23:00 status half-configured libpam0g:amd64 1.1.3-7.1
2013-05-24 05:23:01 status installed libpam0g:amd64 1.1.3-7.1
2013-05-24 05:23:01 configure libsepol1:amd64 2.1.4-3 <none>
2013-05-24 05:23:01 status unpacked libsepol1:amd64 2.1.4-3
2013-05-24 05:23:01 status half-configured libsepol1:amd64 2.1.4-3
2013-05-24 05:23:02 status installed libsepol1:amd64 2.1.4-3
2013-05-24 05:23:02 configure tzdata:all 2013b-2 <none>
2013-05-24 05:23:02 status unpacked tzdata:all 2013b-2
2013-05-24 05:23:02 status half-configured tzdata:all 2013b-2
2013-05-24 05:23:03 status installed tzdata:all 2013b-2
2013-05-24 05:23:03 configure zlib1g:amd64 1:1.2.7.dfsg-13 <none>
2013-05-24 05:23:03 status unpacked zlib1g:amd64 1:1.2.7.dfsg-13
2013-05-24 05:23:03 status half-configured zlib1g:amd64 1:1.2.7.dfsg-13
2013-05-24 05:23:03 status installed zlib1g:amd64 1:1.2.7.dfsg-13
2013-05-24 05:23:03 configure libgcc1:amd64 1:4.7.2-5 <none>
2013-05-24 05:23:03 status unpacked libgcc1:amd64 1:4.7.2-5
2013-05-24 05:23:03 status half-configured libgcc1:amd64 1:4.7.2-5
2013-05-24 05:23:03 status installed libgcc1:amd64 1:4.7.2-5
2013-05-24 05:23:04 configure base-files:amd64 7.1 <none>
2013-05-24 05:23:04 status unpacked base-files:amd64 7.1
2013-05-24 05:23:04 status unpacked base-files:amd64 7.1
2013-05-24 05:23:04 status unpacked base-files:amd64 7.1
2013-05-24 05:23:04 status unpacked base-files:amd64 7.1
2013-05-24 05:23:04 status unpacked base-files:amd64 7.1
2013-05-24 05:23:04 status unpacked base-files:amd64 7.1
2013-05-24 05:23:04 status unpacked base-files:amd64 7.1
2013-05-24 05:23:04 status half-configured base-files:amd64 7.1
2013-05-24 05:23:04 status installed base-files:amd64 7.1
2013-05-24 05:23:04 configure libattr1:amd64 1:2.4.46-8 <none>
2013-05-24 05:23:04 status unpacked libattr1:amd64 1:2.4.46-8
2013-05-24 05:23:05 status half-configured libattr1:amd64 1:2.4.46-8
2013-05-24 05:23:05 status installed libattr1:amd64 1:2.4.46-8
2013-05-24 05:23:05 configure sed:amd64 4.2.1-10 <none>
2013-05-24 05:23:05 status unpacked sed:amd64 4.2.1-10
2013-05-24 05:23:05 status half-configured sed:amd64 4.2.1-10
2013-05-24 05:23:05 status installed sed:amd64 4.2.1-10
2013-05-24 05:23:05 configure e2fslibs:amd64 1.42.5-1.1 <none>
2013-05-24 05:23:05 status unpacked e2fslibs:amd64 1.42.5-1.1
2013-05-24 05:23:05 status half-configured e2fslibs:amd64 1.42.5-1.1
2013-05-24 05:23:05 status installed e2fslibs:amd64 1.42.5-1.1
2013-05-24 05:23:05 configure libcomerr2:amd64 1.42.5-1.1 <none>
2013-05-24 05:23:05 status unpacked libcomerr2:amd64 1.42.5-1.1
2013-05-24 05:23:05 status half-configured libcomerr2:amd64 1.42.5-1.1
2013-05-24 05:23:06 status installed libcomerr2:amd64 1.42.5-1.1
2013-05-24 05:23:06 configure debconf-i18n:all 1.5.49 <none>
2013-05-24 05:23:06 status unpacked debconf-i18n:all 1.5.49
2013-05-24 05:23:06 status half-configured debconf-i18n:all 1.5.49
2013-05-24 05:23:06 status installed debconf-i18n:all 1.5.49
2013-05-24 05:23:06 configure libacl1:amd64 2.2.51-8 <none>
2013-05-24 05:23:06 status unpacked libacl1:amd64 2.2.51-8
2013-05-24 05:23:06 status half-configured libacl1:amd64 2.2.51-8
2013-05-24 05:23:06 status installed libacl1:amd64 2.2.51-8
2013-05-24 05:23:06 configure libslang2:amd64 2.2.4-15 <none>
2013-05-24 05:23:06 status unpacked libslang2:amd64 2.2.4-15
2013-05-24 05:23:06 status half-configured libslang2:amd64 2.2.4-15
2013-05-24 05:23:06 status installed libslang2:amd64 2.2.4-15
2013-05-24 05:23:07 configure libss2:amd64 1.42.5-1.1 <none>
2013-05-24 05:23:07 status unpacked libss2:amd64 1.42.5-1.1
2013-05-24 05:23:07 status half-configured libss2:amd64 1.42.5-1.1
2013-05-24 05:23:07 status installed libss2:amd64 1.42.5-1.1
2013-05-24 05:23:07 configure libpam-modules-bin:amd64 1.1.3-7.1 <none>
2013-05-24 05:23:07 status unpacked libpam-modules-bin:amd64 1.1.3-7.1
2013-05-24 05:23:07 status half-configured libpam-modules-bin:amd64 1.1.3-7.1
2013-05-24 05:23:07 status installed libpam-modules-bin:amd64 1.1.3-7.1
2013-05-24 05:23:07 configure liblzma5:amd64 5.1.1alpha+20120614-2 <none>
2013-05-24 05:23:07 status unpacked liblzma5:amd64 5.1.1alpha+20120614-2
2013-05-24 05:23:07 status half-configured liblzma5:amd64 5.1.1alpha+20120614-2
2013-05-24 05:23:07 status installed liblzma5:amd64 5.1.1alpha+20120614-2
2013-05-24 05:23:07 configure libdb5.1:amd64 5.1.29-5 <none>
2013-05-24 05:23:07 status unpacked libdb5.1:amd64 5.1.29-5
2013-05-24 05:23:07 status half-configured libdb5.1:amd64 5.1.29-5
2013-05-24 05:23:08 status installed libdb5.1:amd64 5.1.29-5
2013-05-24 05:23:08 configure libbz2-1.0:amd64 1.0.6-4 <none>
2013-05-24 05:23:08 status unpacked libbz2-1.0:amd64 1.0.6-4
2013-05-24 05:23:08 status half-configured libbz2-1.0:amd64 1.0.6-4
2013-05-24 05:23:08 status installed libbz2-1.0:amd64 1.0.6-4
2013-05-24 05:23:08 configure libtinfo5:amd64 5.9-10 <none>
2013-05-24 05:23:08 status unpacked libtinfo5:amd64 5.9-10
2013-05-24 05:23:08 status half-configured libtinfo5:amd64 5.9-10
2013-05-24 05:23:08 status installed libtinfo5:amd64 5.9-10
2013-05-24 05:23:08 configure sysvinit-utils:amd64 2.88dsf-41 <none>
2013-05-24 05:23:08 status unpacked sysvinit-utils:amd64 2.88dsf-41
2013-05-24 05:23:08 status unpacked sysvinit-utils:amd64 2.88dsf-41
2013-05-24 05:23:09 status half-configured sysvinit-utils:amd64 2.88dsf-41
2013-05-24 05:23:09 status installed sysvinit-utils:amd64 2.88dsf-41
2013-05-24 05:23:09 configure bash:amd64 4.2+dfsg-0.1 <none>
2013-05-24 05:23:09 status unpacked bash:amd64 4.2+dfsg-0.1
2013-05-24 05:23:09 status unpacked bash:amd64 4.2+dfsg-0.1
2013-05-24 05:23:09 status unpacked bash:amd64 4.2+dfsg-0.1
2013-05-24 05:23:09 status unpacked bash:amd64 4.2+dfsg-0.1
2013-05-24 05:23:09 status unpacked bash:amd64 4.2+dfsg-0.1
2013-05-24 05:23:09 status half-configured bash:amd64 4.2+dfsg-0.1
2013-05-24 05:23:09 status installed bash:amd64 4.2+dfsg-0.1
2013-05-24 05:23:09 configure coreutils:amd64 8.13-3.5 <none>
2013-05-24 05:23:09 status unpacked coreutils:amd64 8.13-3.5
2013-05-24 05:23:09 status half-configured coreutils:amd64 8.13-3.5
2013-05-24 05:23:09 status installed coreutils:amd64 8.13-3.5
2013-05-24 05:23:10 configure ncurses-bin:amd64 5.9-10 <none>
2013-05-24 05:23:10 status unpacked ncurses-bin:amd64 5.9-10
2013-05-24 05:23:10 status half-configured ncurses-bin:amd64 5.9-10
2013-05-24 05:23:10 status installed ncurses-bin:amd64 5.9-10
2013-05-24 05:23:10 configure sysv-rc:all 2.88dsf-41 <none>
2013-05-24 05:23:10 status unpacked sysv-rc:all 2.88dsf-41
2013-05-24 05:23:10 status half-configured sysv-rc:all 2.88dsf-41
2013-05-24 05:23:10 status installed sysv-rc:all 2.88dsf-41
2013-05-24 05:23:10 configure libpam-modules:amd64 1.1.3-7.1 <none>
2013-05-24 05:23:10 status unpacked libpam-modules:amd64 1.1.3-7.1
2013-05-24 05:23:10 status unpacked libpam-modules:amd64 1.1.3-7.1
2013-05-24 05:23:10 status unpacked libpam-modules:amd64 1.1.3-7.1
2013-05-24 05:23:10 status unpacked libpam-modules:amd64 1.1.3-7.1
2013-05-24 05:23:10 status unpacked libpam-modules:amd64 1.1.3-7.1
2013-05-24 05:23:10 status unpacked libpam-modules:amd64 1.1.3-7.1
2013-05-24 05:23:11 status unpacked libpam-modules:amd64 1.1.3-7.1
2013-05-24 05:23:11 status unpacked libpam-modules:amd64 1.1.3-7.1
2013-05-24 05:23:11 status unpacked libpam-modules:amd64 1.1.3-7.1
2013-05-24 05:23:11 status half-configured libpam-modules:amd64 1.1.3-7.1
2013-05-24 05:23:11 status installed libpam-modules:amd64 1.1.3-7.1
2013-05-24 05:23:11 configure libsemanage1:amd64 2.1.6-6 <none>
2013-05-24 05:23:11 status unpacked libsemanage1:amd64 2.1.6-6
2013-05-24 05:23:11 status half-configured libsemanage1:amd64 2.1.6-6
2013-05-24 05:23:11 status installed libsemanage1:amd64 2.1.6-6
2013-05-24 05:23:11 configure libncurses5:amd64 5.9-10 <none>
2013-05-24 05:23:11 status unpacked libncurses5:amd64 5.9-10
2013-05-24 05:23:11 status half-configured libncurses5:amd64 5.9-10
2013-05-24 05:23:12 status installed libncurses5:amd64 5.9-10
2013-05-24 05:23:12 configure passwd:amd64 1:4.1.5.1-1 <none>
2013-05-24 05:23:12 status unpacked passwd:amd64 1:4.1.5.1-1
2013-05-24 05:23:12 status unpacked passwd:amd64 1:4.1.5.1-1
2013-05-24 05:23:12 status unpacked passwd:amd64 1:4.1.5.1-1
2013-05-24 05:23:12 status unpacked passwd:amd64 1:4.1.5.1-1
2013-05-24 05:23:12 status unpacked passwd:amd64 1:4.1.5.1-1
2013-05-24 05:23:12 status unpacked passwd:amd64 1:4.1.5.1-1
2013-05-24 05:23:12 status unpacked passwd:amd64 1:4.1.5.1-1
2013-05-24 05:23:12 status unpacked passwd:amd64 1:4.1.5.1-1
2013-05-24 05:23:12 status half-configured passwd:amd64 1:4.1.5.1-1
2013-05-24 05:23:13 status installed passwd:amd64 1:4.1.5.1-1
2013-05-24 05:23:13 configure libpam-runtime:all 1.1.3-7.1 <none>
2013-05-24 05:23:13 status unpacked libpam-runtime:all 1.1.3-7.1
2013-05-24 05:23:13 status unpacked libpam-runtime:all 1.1.3-7.1
2013-05-24 05:23:13 status unpacked libpam-runtime:all 1.1.3-7.1
2013-05-24 05:23:13 status half-configured libpam-runtime:all 1.1.3-7.1
2013-05-24 05:23:13 status installed libpam-runtime:all 1.1.3-7.1
2013-05-24 05:23:13 configure xz-utils:amd64 5.1.1alpha+20120614-2 <none>
2013-05-24 05:23:13 status unpacked xz-utils:amd64 5.1.1alpha+20120614-2
2013-05-24 05:23:14 status half-configured xz-utils:amd64 5.1.1alpha+20120614-2
2013-05-24 05:23:14 status installed xz-utils:amd64 5.1.1alpha+20120614-2
2013-05-24 05:23:14 configure login:amd64 1:4.1.5.1-1 <none>
2013-05-24 05:23:14 status unpacked login:amd64 1:4.1.5.1-1
2013-05-24 05:23:14 status unpacked login:amd64 1:4.1.5.1-1
2013-05-24 05:23:14 status unpacked login:amd64 1:4.1.5.1-1
2013-05-24 05:23:14 status unpacked login:amd64 1:4.1.5.1-1
2013-05-24 05:23:14 status unpacked login:amd64 1:4.1.5.1-1
2013-05-24 05:23:14 status half-configured login:amd64 1:4.1.5.1-1
2013-05-24 05:23:14 status installed login:amd64 1:4.1.5.1-1
2013-05-24 05:23:14 configure libuuid1:amd64 2.20.1-5.3 <none>
2013-05-24 05:23:14 status unpacked libuuid1:amd64 2.20.1-5.3
2013-05-24 05:23:14 status half-configured libuuid1:amd64 2.20.1-5.3
2013-05-24 05:23:15 status installed libuuid1:amd64 2.20.1-5.3
2013-05-24 05:23:15 configure libblkid1:amd64 2.20.1-5.3 <none>
2013-05-24 05:23:15 status unpacked libblkid1:amd64 2.20.1-5.3
2013-05-24 05:23:15 status half-configured libblkid1:amd64 2.20.1-5.3
2013-05-24 05:23:15 status installed libblkid1:amd64 2.20.1-5.3
2013-05-24 05:23:15 configure libmount1:amd64 2.20.1-5.3 <none>
2013-05-24 05:23:15 status unpacked libmount1:amd64 2.20.1-5.3
2013-05-24 05:23:15 status half-configured libmount1:amd64 2.20.1-5.3
2013-05-24 05:23:16 status installed libmount1:amd64 2.20.1-5.3
2013-05-24 05:23:16 configure mount:amd64 2.20.1-5.3 <none>
2013-05-24 05:23:16 status unpacked mount:amd64 2.20.1-5.3
2013-05-24 05:23:16 status half-configured mount:amd64 2.20.1-5.3
2013-05-24 05:23:16 status installed mount:amd64 2.20.1-5.3
2013-05-24 05:23:16 configure initscripts:amd64 2.88dsf-41 <none>
2013-05-24 05:23:16 status unpacked initscripts:amd64 2.88dsf-41
2013-05-24 05:23:16 status unpacked initscripts:amd64 2.88dsf-41
2013-05-24 05:23:16 status unpacked initscripts:amd64 2.88dsf-41
2013-05-24 05:23:16 status unpacked initscripts:amd64 2.88dsf-41
2013-05-24 05:23:16 status unpacked initscripts:amd64 2.88dsf-41
2013-05-24 05:23:16 status unpacked initscripts:amd64 2.88dsf-41
2013-05-24 05:23:16 status unpacked initscripts:amd64 2.88dsf-41
2013-05-24 05:23:16 status unpacked initscripts:amd64 2.88dsf-41
2013-05-24 05:23:16 status unpacked initscripts:amd64 2.88dsf-41
2013-05-24 05:23:17 status unpacked initscripts:amd64 2.88dsf-41
2013-05-24 05:23:17 status unpacked initscripts:amd64 2.88dsf-41
2013-05-24 05:23:17 status unpacked initscripts:amd64 2.88dsf-41
2013-05-24 05:23:17 status unpacked initscripts:amd64 2.88dsf-41
2013-05-24 05:23:17 status unpacked initscripts:amd64 2.88dsf-41
2013-05-24 05:23:17 status unpacked initscripts:amd64 2.88dsf-41
2013-05-24 05:23:17 status unpacked initscripts:amd64 2.88dsf-41
2013-05-24 05:23:17 status unpacked initscripts:amd64 2.88dsf-41
2013-05-24 05:23:17 status unpacked initscripts:amd64 2.88dsf-41
2013-05-24 05:23:17 status unpacked initscripts:amd64 2.88dsf-41
2013-05-24 05:23:17 status unpacked initscripts:amd64 2.88dsf-41
2013-05-24 05:23:18 status unpacked initscripts:amd64 2.88dsf-41
2013-05-24 05:23:18 status unpacked initscripts:amd64 2.88dsf-41
2013-05-24 05:23:18 status unpacked initscripts:amd64 2.88dsf-41
2013-05-24 05:23:18 status unpacked initscripts:amd64 2.88dsf-41
2013-05-24 05:23:18 status unpacked initscripts:amd64 2.88dsf-41
2013-05-24 05:23:18 status unpacked initscripts:amd64 2.88dsf-41
2013-05-24 05:23:18 status unpacked initscripts:amd64 2.88dsf-41
2013-05-24 05:23:18 status unpacked initscripts:amd64 2.88dsf-41
2013-05-24 05:23:18 status unpacked initscripts:amd64 2.88dsf-41
2013-05-24 05:23:18 status unpacked initscripts:amd64 2.88dsf-41
2013-05-24 05:23:18 status unpacked initscripts:amd64 2.88dsf-41
2013-05-24 05:23:18 status half-configured initscripts:amd64 2.88dsf-41
2013-05-24 05:23:19 status installed initscripts:amd64 2.88dsf-41
2013-05-24 05:23:20 configure util-linux:amd64 2.20.1-5.3 <none>
2013-05-24 05:23:20 status unpacked util-linux:amd64 2.20.1-5.3
2013-05-24 05:23:20 status unpacked util-linux:amd64 2.20.1-5.3
2013-05-24 05:23:20 status unpacked util-linux:amd64 2.20.1-5.3
2013-05-24 05:23:20 status half-configured util-linux:amd64 2.20.1-5.3
2013-05-24 05:23:20 status installed util-linux:amd64 2.20.1-5.3
2013-05-24 05:23:20 configure sysvinit:amd64 2.88dsf-41 <none>
2013-05-24 05:23:20 status unpacked sysvinit:amd64 2.88dsf-41
2013-05-24 05:23:20 status half-configured sysvinit:amd64 2.88dsf-41
2013-05-24 05:23:20 status installed sysvinit:amd64 2.88dsf-41
2013-05-24 05:23:20 configure e2fsprogs:amd64 1.42.5-1.1 <none>
2013-05-24 05:23:20 status unpacked e2fsprogs:amd64 1.42.5-1.1
2013-05-24 05:23:20 status unpacked e2fsprogs:amd64 1.42.5-1.1
2013-05-24 05:23:21 status half-configured e2fsprogs:amd64 1.42.5-1.1
2013-05-24 05:23:21 status installed e2fsprogs:amd64 1.42.5-1.1
2013-05-24 05:23:21 startup archives install
2013-05-24 05:23:21 upgrade gcc-4.7-base:amd64 4.7.2-5 4.7.2-5
2013-05-24 05:23:21 status half-configured gcc-4.7-base:amd64 4.7.2-5
2013-05-24 05:23:21 status unpacked gcc-4.7-base:amd64 4.7.2-5
2013-05-24 05:23:21 status half-installed gcc-4.7-base:amd64 4.7.2-5
2013-05-24 05:23:21 status half-installed gcc-4.7-base:amd64 4.7.2-5
2013-05-24 05:23:21 status unpacked gcc-4.7-base:amd64 4.7.2-5
2013-05-24 05:23:21 status unpacked gcc-4.7-base:amd64 4.7.2-5
2013-05-24 05:23:22 upgrade libgcc1:amd64 1:4.7.2-5 1:4.7.2-5
2013-05-24 05:23:22 status half-configured libgcc1:amd64 1:4.7.2-5
2013-05-24 05:23:22 status unpacked libgcc1:amd64 1:4.7.2-5
2013-05-24 05:23:22 status half-installed libgcc1:amd64 1:4.7.2-5
2013-05-24 05:23:22 status half-installed libgcc1:amd64 1:4.7.2-5
2013-05-24 05:23:23 status unpacked libgcc1:amd64 1:4.7.2-5
2013-05-24 05:23:23 status unpacked libgcc1:amd64 1:4.7.2-5
2013-05-24 05:23:23 upgrade libc6:amd64 2.13-38 2.13-38
2013-05-24 05:23:23 status half-configured libc6:amd64 2.13-38
2013-05-24 05:23:23 status unpacked libc6:amd64 2.13-38
2013-05-24 05:23:23 status half-installed libc6:amd64 2.13-38
2013-05-24 05:23:25 status half-installed libc6:amd64 2.13-38
2013-05-24 05:23:25 status unpacked libc6:amd64 2.13-38
2013-05-24 05:23:25 status unpacked libc6:amd64 2.13-38
2013-05-24 05:23:25 upgrade libbz2-1.0:amd64 1.0.6-4 1.0.6-4
2013-05-24 05:23:25 status half-configured libbz2-1.0:amd64 1.0.6-4
2013-05-24 05:23:25 status unpacked libbz2-1.0:amd64 1.0.6-4
2013-05-24 05:23:25 status half-installed libbz2-1.0:amd64 1.0.6-4
2013-05-24 05:23:26 status half-installed libbz2-1.0:amd64 1.0.6-4
2013-05-24 05:23:26 status unpacked libbz2-1.0:amd64 1.0.6-4
2013-05-24 05:23:26 status unpacked libbz2-1.0:amd64 1.0.6-4
2013-05-24 05:23:26 install libstdc++6:amd64 <none> 4.7.2-5
2013-05-24 05:23:26 status half-installed libstdc++6:amd64 4.7.2-5
2013-05-24 05:23:27 status unpacked libstdc++6:amd64 4.7.2-5
2013-05-24 05:23:27 status unpacked libstdc++6:amd64 4.7.2-5
2013-05-24 05:23:27 upgrade zlib1g:amd64 1:1.2.7.dfsg-13 1:1.2.7.dfsg-13
2013-05-24 05:23:27 status half-configured zlib1g:amd64 1:1.2.7.dfsg-13
2013-05-24 05:23:27 status unpacked zlib1g:amd64 1:1.2.7.dfsg-13
2013-05-24 05:23:27 status half-installed zlib1g:amd64 1:1.2.7.dfsg-13
2013-05-24 05:23:27 status half-installed zlib1g:amd64 1:1.2.7.dfsg-13
2013-05-24 05:23:28 status unpacked zlib1g:amd64 1:1.2.7.dfsg-13
2013-05-24 05:23:28 status unpacked zlib1g:amd64 1:1.2.7.dfsg-13
2013-05-24 05:23:28 install libapt-pkg4.12:amd64 <none> 0.9.7.8
2013-05-24 05:23:28 status half-installed libapt-pkg4.12:amd64 0.9.7.8
2013-05-24 05:23:29 status unpacked libapt-pkg4.12:amd64 0.9.7.8
2013-05-24 05:23:29 status unpacked libapt-pkg4.12:amd64 0.9.7.8
2013-05-24 05:23:29 install gpgv:amd64 <none> 1.4.12-7
2013-05-24 05:23:29 status half-installed gpgv:amd64 1.4.12-7
2013-05-24 05:23:29 status unpacked gpgv:amd64 1.4.12-7
2013-05-24 05:23:29 status unpacked gpgv:amd64 1.4.12-7
2013-05-24 05:23:30 install debian-archive-keyring:all <none> 2012.4
2013-05-24 05:23:30 status half-installed debian-archive-keyring:all 2012.4
2013-05-24 05:23:30 status unpacked debian-archive-keyring:all 2012.4
2013-05-24 05:23:30 status unpacked debian-archive-keyring:all 2012.4
2013-05-24 05:23:30 upgrade liblzma5:amd64 5.1.1alpha+20120614-2 5.1.1alpha+20120614-2
2013-05-24 05:23:30 status half-configured liblzma5:amd64 5.1.1alpha+20120614-2
2013-05-24 05:23:30 status unpacked liblzma5:amd64 5.1.1alpha+20120614-2
2013-05-24 05:23:31 status half-installed liblzma5:amd64 5.1.1alpha+20120614-2
2013-05-24 05:23:31 status half-installed liblzma5:amd64 5.1.1alpha+20120614-2
2013-05-24 05:23:31 status unpacked liblzma5:amd64 5.1.1alpha+20120614-2
2013-05-24 05:23:31 status unpacked liblzma5:amd64 5.1.1alpha+20120614-2
2013-05-24 05:23:31 upgrade libselinux1:amd64 2.1.9-5 2.1.9-5
2013-05-24 05:23:31 status half-configured libselinux1:amd64 2.1.9-5
2013-05-24 05:23:31 status unpacked libselinux1:amd64 2.1.9-5
2013-05-24 05:23:32 status half-installed libselinux1:amd64 2.1.9-5
2013-05-24 05:23:32 status half-installed libselinux1:amd64 2.1.9-5
2013-05-24 05:23:32 status unpacked libselinux1:amd64 2.1.9-5
2013-05-24 05:23:32 status unpacked libselinux1:amd64 2.1.9-5
2013-05-24 05:23:33 install readline-common:all <none> 6.2+dfsg-0.1
2013-05-24 05:23:33 status half-installed readline-common:all 6.2+dfsg-0.1
2013-05-24 05:23:33 status unpacked readline-common:all 6.2+dfsg-0.1
2013-05-24 05:23:33 status unpacked readline-common:all 6.2+dfsg-0.1
2013-05-24 05:23:33 upgrade libtinfo5:amd64 5.9-10 5.9-10
2013-05-24 05:23:33 status half-configured libtinfo5:amd64 5.9-10
2013-05-24 05:23:34 status unpacked libtinfo5:amd64 5.9-10
2013-05-24 05:23:34 status half-installed libtinfo5:amd64 5.9-10
2013-05-24 05:23:34 status half-installed libtinfo5:amd64 5.9-10
2013-05-24 05:23:34 status unpacked libtinfo5:amd64 5.9-10
2013-05-24 05:23:34 status unpacked libtinfo5:amd64 5.9-10
2013-05-24 05:23:35 install libreadline6:amd64 <none> 6.2+dfsg-0.1
2013-05-24 05:23:35 status half-installed libreadline6:amd64 6.2+dfsg-0.1
2013-05-24 05:23:35 status unpacked libreadline6:amd64 6.2+dfsg-0.1
2013-05-24 05:23:35 status unpacked libreadline6:amd64 6.2+dfsg-0.1
2013-05-24 05:23:35 install libusb-0.1-4:amd64 <none> 2:0.1.12-20+nmu1
2013-05-24 05:23:35 status half-installed libusb-0.1-4:amd64 2:0.1.12-20+nmu1
2013-05-24 05:23:36 status unpacked libusb-0.1-4:amd64 2:0.1.12-20+nmu1
2013-05-24 05:23:36 status unpacked libusb-0.1-4:amd64 2:0.1.12-20+nmu1
2013-05-24 05:23:36 install gnupg:amd64 <none> 1.4.12-7
2013-05-24 05:23:36 status half-installed gnupg:amd64 1.4.12-7
2013-05-24 05:23:37 status unpacked gnupg:amd64 1.4.12-7
2013-05-24 05:23:37 status unpacked gnupg:amd64 1.4.12-7
2013-05-24 05:23:38 install apt:amd64 <none> 0.9.7.8
2013-05-24 05:23:38 status half-installed apt:amd64 0.9.7.8
2013-05-24 05:23:38 status unpacked apt:amd64 0.9.7.8
2013-05-24 05:23:38 status unpacked apt:amd64 0.9.7.8
2013-05-24 05:23:38 configure gcc-4.7-base:amd64 4.7.2-5 4.7.2-5
2013-05-24 05:23:38 status unpacked gcc-4.7-base:amd64 4.7.2-5
2013-05-24 05:23:38 status half-configured gcc-4.7-base:amd64 4.7.2-5
2013-05-24 05:23:39 status installed gcc-4.7-base:amd64 4.7.2-5
2013-05-24 05:23:39 configure readline-common:all 6.2+dfsg-0.1 6.2+dfsg-0.1
2013-05-24 05:23:39 status unpacked readline-common:all 6.2+dfsg-0.1
2013-05-24 05:23:39 status half-configured readline-common:all 6.2+dfsg-0.1
2013-05-24 05:23:39 status installed readline-common:all 6.2+dfsg-0.1
2013-05-24 05:23:39 configure libc6:amd64 2.13-38 2.13-38
2013-05-24 05:23:39 status unpacked libc6:amd64 2.13-38
2013-05-24 05:23:39 status unpacked libc6:amd64 2.13-38
2013-05-24 05:23:39 status half-configured libc6:amd64 2.13-38
2013-05-24 05:23:41 status installed libc6:amd64 2.13-38
2013-05-24 05:23:41 configure libbz2-1.0:amd64 1.0.6-4 1.0.6-4
2013-05-24 05:23:41 status unpacked libbz2-1.0:amd64 1.0.6-4
2013-05-24 05:23:41 status half-configured libbz2-1.0:amd64 1.0.6-4
2013-05-24 05:23:41 status installed libbz2-1.0:amd64 1.0.6-4
2013-05-24 05:23:41 configure zlib1g:amd64 1:1.2.7.dfsg-13 1:1.2.7.dfsg-13
2013-05-24 05:23:41 status unpacked zlib1g:amd64 1:1.2.7.dfsg-13
2013-05-24 05:23:41 status half-configured zlib1g:amd64 1:1.2.7.dfsg-13
2013-05-24 05:23:41 status installed zlib1g:amd64 1:1.2.7.dfsg-13
2013-05-24 05:23:41 configure gpgv:amd64 1.4.12-7 1.4.12-7
2013-05-24 05:23:41 status unpacked gpgv:amd64 1.4.12-7
2013-05-24 05:23:41 status half-configured gpgv:amd64 1.4.12-7
2013-05-24 05:23:41 status installed gpgv:amd64 1.4.12-7
2013-05-24 05:23:41 configure debian-archive-keyring:all 2012.4 2012.4
2013-05-24 05:23:41 status unpacked debian-archive-keyring:all 2012.4
2013-05-24 05:23:42 status unpacked debian-archive-keyring:all 2012.4
2013-05-24 05:23:42 status unpacked debian-archive-keyring:all 2012.4
2013-05-24 05:23:42 status unpacked debian-archive-keyring:all 2012.4
2013-05-24 05:23:42 status unpacked debian-archive-keyring:all 2012.4
2013-05-24 05:23:42 status half-configured debian-archive-keyring:all 2012.4
2013-05-24 05:23:42 status installed debian-archive-keyring:all 2012.4
2013-05-24 05:23:42 configure liblzma5:amd64 5.1.1alpha+20120614-2 5.1.1alpha+20120614-2
2013-05-24 05:23:42 status unpacked liblzma5:amd64 5.1.1alpha+20120614-2
2013-05-24 05:23:42 status half-configured liblzma5:amd64 5.1.1alpha+20120614-2
2013-05-24 05:23:42 status installed liblzma5:amd64 5.1.1alpha+20120614-2
2013-05-24 05:23:42 configure libselinux1:amd64 2.1.9-5 2.1.9-5
2013-05-24 05:23:42 status unpacked libselinux1:amd64 2.1.9-5
2013-05-24 05:23:42 status half-configured libselinux1:amd64 2.1.9-5
2013-05-24 05:23:44 status installed libselinux1:amd64 2.1.9-5
2013-05-24 05:23:44 configure libtinfo5:amd64 5.9-10 5.9-10
2013-05-24 05:23:44 status unpacked libtinfo5:amd64 5.9-10
2013-05-24 05:23:44 status half-configured libtinfo5:amd64 5.9-10
2013-05-24 05:23:44 status installed libtinfo5:amd64 5.9-10
2013-05-24 05:23:44 configure libreadline6:amd64 6.2+dfsg-0.1 6.2+dfsg-0.1
2013-05-24 05:23:44 status unpacked libreadline6:amd64 6.2+dfsg-0.1
2013-05-24 05:23:44 status half-configured libreadline6:amd64 6.2+dfsg-0.1
2013-05-24 05:23:44 status installed libreadline6:amd64 6.2+dfsg-0.1
2013-05-24 05:23:44 configure libusb-0.1-4:amd64 2:0.1.12-20+nmu1 2:0.1.12-20+nmu1
2013-05-24 05:23:44 status unpacked libusb-0.1-4:amd64 2:0.1.12-20+nmu1
2013-05-24 05:23:44 status half-configured libusb-0.1-4:amd64 2:0.1.12-20+nmu1
2013-05-24 05:23:44 status installed libusb-0.1-4:amd64 2:0.1.12-20+nmu1
2013-05-24 05:23:45 configure gnupg:amd64 1.4.12-7 1.4.12-7
2013-05-24 05:23:45 status unpacked gnupg:amd64 1.4.12-7
2013-05-24 05:23:45 status half-configured gnupg:amd64 1.4.12-7
2013-05-24 05:23:45 status installed gnupg:amd64 1.4.12-7
2013-05-24 05:23:45 configure libgcc1:amd64 1:4.7.2-5 1:4.7.2-5
2013-05-24 05:23:45 status unpacked libgcc1:amd64 1:4.7.2-5
2013-05-24 05:23:45 status half-configured libgcc1:amd64 1:4.7.2-5
2013-05-24 05:23:45 status installed libgcc1:amd64 1:4.7.2-5
2013-05-24 05:23:45 configure libstdc++6:amd64 4.7.2-5 4.7.2-5
2013-05-24 05:23:45 status unpacked libstdc++6:amd64 4.7.2-5
2013-05-24 05:23:45 status half-configured libstdc++6:amd64 4.7.2-5
2013-05-24 05:23:45 status installed libstdc++6:amd64 4.7.2-5
2013-05-24 05:23:46 configure libapt-pkg4.12:amd64 0.9.7.8 0.9.7.8
2013-05-24 05:23:46 status unpacked libapt-pkg4.12:amd64 0.9.7.8
2013-05-24 05:23:46 status half-configured libapt-pkg4.12:amd64 0.9.7.8
2013-05-24 05:23:46 status installed libapt-pkg4.12:amd64 0.9.7.8
2013-05-24 05:23:46 configure apt:amd64 0.9.7.8 0.9.7.8
2013-05-24 05:23:46 status unpacked apt:amd64 0.9.7.8
2013-05-24 05:23:46 status unpacked apt:amd64 0.9.7.8
2013-05-24 05:23:46 status unpacked apt:amd64 0.9.7.8
2013-05-24 05:23:46 status unpacked apt:amd64 0.9.7.8
2013-05-24 05:23:46 status half-configured apt:amd64 0.9.7.8
2013-05-24 05:23:46 status installed apt:amd64 0.9.7.8
2013-05-24 05:23:47 startup archives install
2013-05-24 05:23:47 install cdebootstrap-helper-apt:all <none> 1
2013-05-24 05:23:47 status half-installed cdebootstrap-helper-apt:all 1
2013-05-24 05:23:47 status unpacked cdebootstrap-helper-apt:all 1
2013-05-24 05:23:47 status unpacked cdebootstrap-helper-apt:all 1
2013-05-24 05:23:47 configure cdebootstrap-helper-apt:all 1 1
2013-05-24 05:23:47 status unpacked cdebootstrap-helper-apt:all 1
2013-05-24 05:23:47 status half-configured cdebootstrap-helper-apt:all 1
2013-05-24 05:23:52 status installed cdebootstrap-helper-apt:all 1
2013-05-24 05:23:54 startup archives unpack
2013-05-24 05:23:55 install adduser:all <none> 3.113+nmu3
2013-05-24 05:23:55 status half-installed adduser:all 3.113+nmu3
2013-05-24 05:23:55 status unpacked adduser:all 3.113+nmu3
2013-05-24 05:23:55 status unpacked adduser:all 3.113+nmu3
2013-05-24 05:23:55 install cron:amd64 <none> 3.0pl1-124
2013-05-24 05:23:55 status half-installed cron:amd64 3.0pl1-124
2013-05-24 05:23:56 status unpacked cron:amd64 3.0pl1-124
2013-05-24 05:23:56 status unpacked cron:amd64 3.0pl1-124
2013-05-24 05:23:56 install iproute:amd64 <none> 20120521-3+b3
2013-05-24 05:23:56 status half-installed iproute:amd64 20120521-3+b3
2013-05-24 05:23:56 status unpacked iproute:amd64 20120521-3+b3
2013-05-24 05:23:57 status unpacked iproute:amd64 20120521-3+b3
2013-05-24 05:23:57 install ifupdown:amd64 <none> 0.7.8
2013-05-24 05:23:57 status half-installed ifupdown:amd64 0.7.8
2013-05-24 05:23:57 status unpacked ifupdown:amd64 0.7.8
2013-05-24 05:23:57 status unpacked ifupdown:amd64 0.7.8
2013-05-24 05:23:58 install libapt-inst1.5:amd64 <none> 0.9.7.8
2013-05-24 05:23:58 status half-installed libapt-inst1.5:amd64 0.9.7.8
2013-05-24 05:23:58 status unpacked libapt-inst1.5:amd64 0.9.7.8
2013-05-24 05:23:58 status unpacked libapt-inst1.5:amd64 0.9.7.8
2013-05-24 05:23:59 install install-info:amd64 <none> 4.13a.dfsg.1-10
2013-05-24 05:23:59 status half-installed install-info:amd64 4.13a.dfsg.1-10
2013-05-24 05:23:59 status unpacked install-info:amd64 4.13a.dfsg.1-10
2013-05-24 05:23:59 status unpacked install-info:amd64 4.13a.dfsg.1-10
2013-05-24 05:23:59 startup packages configure
2013-05-24 05:23:59 configure install-info:amd64 4.13a.dfsg.1-10 <none>
2013-05-24 05:23:59 status unpacked install-info:amd64 4.13a.dfsg.1-10
2013-05-24 05:23:59 status half-configured install-info:amd64 4.13a.dfsg.1-10
2013-05-24 05:23:59 status installed install-info:amd64 4.13a.dfsg.1-10
2013-05-24 05:24:00 startup archives unpack
2013-05-24 05:24:00 install libgdbm3:amd64 <none> 1.8.3-11
2013-05-24 05:24:00 status half-installed libgdbm3:amd64 1.8.3-11
2013-05-24 05:24:00 status triggers-pending install-info:amd64 4.13a.dfsg.1-10
2013-05-24 05:24:00 status half-installed libgdbm3:amd64 1.8.3-11
2013-05-24 05:24:00 status unpacked libgdbm3:amd64 1.8.3-11
2013-05-24 05:24:01 status unpacked libgdbm3:amd64 1.8.3-11
2013-05-24 05:24:01 install libkmod2:amd64 <none> 9-3
2013-05-24 05:24:01 status half-installed libkmod2:amd64 9-3
2013-05-24 05:24:01 status unpacked libkmod2:amd64 9-3
2013-05-24 05:24:01 status unpacked libkmod2:amd64 9-3
2013-05-24 05:24:02 install libncursesw5:amd64 <none> 5.9-10
2013-05-24 05:24:02 status half-installed libncursesw5:amd64 5.9-10
2013-05-24 05:24:02 status unpacked libncursesw5:amd64 5.9-10
2013-05-24 05:24:02 status unpacked libncursesw5:amd64 5.9-10
2013-05-24 05:24:03 install libnewt0.52:amd64 <none> 0.52.14-11.1
2013-05-24 05:24:03 status half-installed libnewt0.52:amd64 0.52.14-11.1
2013-05-24 05:24:03 status unpacked libnewt0.52:amd64 0.52.14-11.1
2013-05-24 05:24:03 status unpacked libnewt0.52:amd64 0.52.14-11.1
2013-05-24 05:24:03 install libpipeline1:amd64 <none> 1.2.1-1
2013-05-24 05:24:03 status half-installed libpipeline1:amd64 1.2.1-1
2013-05-24 05:24:04 status unpacked libpipeline1:amd64 1.2.1-1
2013-05-24 05:24:04 status unpacked libpipeline1:amd64 1.2.1-1
2013-05-24 05:24:04 install libpopt0:amd64 <none> 1.16-7
2013-05-24 05:24:04 status half-installed libpopt0:amd64 1.16-7
2013-05-24 05:24:04 status unpacked libpopt0:amd64 1.16-7
2013-05-24 05:24:05 status unpacked libpopt0:amd64 1.16-7
2013-05-24 05:24:05 install libprocps0:amd64 <none> 1:3.3.3-3
2013-05-24 05:24:05 status half-installed libprocps0:amd64 1:3.3.3-3
2013-05-24 05:24:05 status unpacked libprocps0:amd64 1:3.3.3-3
2013-05-24 05:24:05 status unpacked libprocps0:amd64 1:3.3.3-3
2013-05-24 05:24:06 install libsigc++-2.0-0c2a:amd64 <none> 2.2.10-0.2
2013-05-24 05:24:06 status half-installed libsigc++-2.0-0c2a:amd64 2.2.10-0.2
2013-05-24 05:24:06 status unpacked libsigc++-2.0-0c2a:amd64 2.2.10-0.2
2013-05-24 05:24:06 status unpacked libsigc++-2.0-0c2a:amd64 2.2.10-0.2
2013-05-24 05:24:07 install libssl1.0.0:amd64 <none> 1.0.1e-2
2013-05-24 05:24:07 status half-installed libssl1.0.0:amd64 1.0.1e-2
2013-05-24 05:24:08 status unpacked libssl1.0.0:amd64 1.0.1e-2
2013-05-24 05:24:08 status unpacked libssl1.0.0:amd64 1.0.1e-2
2013-05-24 05:24:08 install libudev0:amd64 <none> 175-7.2
2013-05-24 05:24:08 status half-installed libudev0:amd64 175-7.2
2013-05-24 05:24:09 status unpacked libudev0:amd64 175-7.2
2013-05-24 05:24:09 status unpacked libudev0:amd64 175-7.2
2013-05-24 05:24:09 install tasksel-data:all <none> 3.14+nmu2
2013-05-24 05:24:09 status half-installed tasksel-data:all 3.14+nmu2
2013-05-24 05:24:09 status unpacked tasksel-data:all 3.14+nmu2
2013-05-24 05:24:09 status unpacked tasksel-data:all 3.14+nmu2
2013-05-24 05:24:10 install tasksel:all <none> 3.14+nmu2
2013-05-24 05:24:10 status half-installed tasksel:all 3.14+nmu2
2013-05-24 05:24:10 status unpacked tasksel:all 3.14+nmu2
2013-05-24 05:24:10 status unpacked tasksel:all 3.14+nmu2
2013-05-24 05:24:11 install procps:amd64 <none> 1:3.3.3-3
2013-05-24 05:24:11 status half-installed procps:amd64 1:3.3.3-3
2013-05-24 05:24:11 status unpacked procps:amd64 1:3.3.3-3
2013-05-24 05:24:11 status unpacked procps:amd64 1:3.3.3-3
2013-05-24 05:24:12 install udev:amd64 <none> 175-7.2
2013-05-24 05:24:12 status half-installed udev:amd64 175-7.2
2013-05-24 05:24:12 status unpacked udev:amd64 175-7.2
2013-05-24 05:24:13 status unpacked udev:amd64 175-7.2
2013-05-24 05:24:13 install libgpg-error0:amd64 <none> 1.10-3.1
2013-05-24 05:24:13 status half-installed libgpg-error0:amd64 1.10-3.1
2013-05-24 05:24:13 status unpacked libgpg-error0:amd64 1.10-3.1
2013-05-24 05:24:13 status unpacked libgpg-error0:amd64 1.10-3.1
2013-05-24 05:24:14 install libgcrypt11:amd64 <none> 1.5.0-5
2013-05-24 05:24:14 status half-installed libgcrypt11:amd64 1.5.0-5
2013-05-24 05:24:14 status unpacked libgcrypt11:amd64 1.5.0-5
2013-05-24 05:24:14 status unpacked libgcrypt11:amd64 1.5.0-5
2013-05-24 05:24:15 install libp11-kit0:amd64 <none> 0.12-3
2013-05-24 05:24:15 status half-installed libp11-kit0:amd64 0.12-3
2013-05-24 05:24:15 status unpacked libp11-kit0:amd64 0.12-3
2013-05-24 05:24:15 status unpacked libp11-kit0:amd64 0.12-3
2013-05-24 05:24:15 install libtasn1-3:amd64 <none> 2.13-2
2013-05-24 05:24:15 status half-installed libtasn1-3:amd64 2.13-2
2013-05-24 05:24:16 status unpacked libtasn1-3:amd64 2.13-2
2013-05-24 05:24:16 status unpacked libtasn1-3:amd64 2.13-2
2013-05-24 05:24:16 install libgnutls26:amd64 <none> 2.12.20-6
2013-05-24 05:24:16 status half-installed libgnutls26:amd64 2.12.20-6
2013-05-24 05:24:17 status unpacked libgnutls26:amd64 2.12.20-6
2013-05-24 05:24:17 status unpacked libgnutls26:amd64 2.12.20-6
2013-05-24 05:24:17 install libidn11:amd64 <none> 1.25-2
2013-05-24 05:24:17 status half-installed libidn11:amd64 1.25-2
2013-05-24 05:24:17 status unpacked libidn11:amd64 1.25-2
2013-05-24 05:24:17 status unpacked libidn11:amd64 1.25-2
2013-05-24 05:24:18 install libsqlite3-0:amd64 <none> 3.7.13-1+deb7u1
2013-05-24 05:24:18 status half-installed libsqlite3-0:amd64 3.7.13-1+deb7u1
2013-05-24 05:24:18 status unpacked libsqlite3-0:amd64 3.7.13-1+deb7u1
2013-05-24 05:24:18 status unpacked libsqlite3-0:amd64 3.7.13-1+deb7u1
2013-05-24 05:24:18 install apt-utils:amd64 <none> 0.9.7.8
2013-05-24 05:24:18 status half-installed apt-utils:amd64 0.9.7.8
2013-05-24 05:24:19 status unpacked apt-utils:amd64 0.9.7.8
2013-05-24 05:24:19 status unpacked apt-utils:amd64 0.9.7.8
2013-05-24 05:24:19 install aptitude-common:all <none> 0.6.8.2-1
2013-05-24 05:24:19 status half-installed aptitude-common:all 0.6.8.2-1
2013-05-24 05:24:20 status unpacked aptitude-common:all 0.6.8.2-1
2013-05-24 05:24:20 status unpacked aptitude-common:all 0.6.8.2-1
2013-05-24 05:24:21 install libboost-iostreams1.49.0:amd64 <none> 1.49.0-3.2
2013-05-24 05:24:21 status half-installed libboost-iostreams1.49.0:amd64 1.49.0-3.2
2013-05-24 05:24:21 status unpacked libboost-iostreams1.49.0:amd64 1.49.0-3.2
2013-05-24 05:24:21 status unpacked libboost-iostreams1.49.0:amd64 1.49.0-3.2
2013-05-24 05:24:21 install libcwidget3:amd64 <none> 0.5.16-3.4
2013-05-24 05:24:21 status half-installed libcwidget3:amd64 0.5.16-3.4
2013-05-24 05:24:22 status unpacked libcwidget3:amd64 0.5.16-3.4
2013-05-24 05:24:22 status unpacked libcwidget3:amd64 0.5.16-3.4
2013-05-24 05:24:22 install libxapian22:amd64 <none> 1.2.12-2
2013-05-24 05:24:22 status half-installed libxapian22:amd64 1.2.12-2
2013-05-24 05:24:24 status unpacked libxapian22:amd64 1.2.12-2
2013-05-24 05:24:24 status unpacked libxapian22:amd64 1.2.12-2
2013-05-24 05:24:24 install libept1.4.12:amd64 <none> 1.0.9
2013-05-24 05:24:24 status half-installed libept1.4.12:amd64 1.0.9
2013-05-24 05:24:25 status unpacked libept1.4.12:amd64 1.0.9
2013-05-24 05:24:25 status unpacked libept1.4.12:amd64 1.0.9
2013-05-24 05:24:25 install aptitude:amd64 <none> 0.6.8.2-1
2013-05-24 05:24:25 status half-installed aptitude:amd64 0.6.8.2-1
2013-05-24 05:24:26 status unpacked aptitude:amd64 0.6.8.2-1
2013-05-24 05:24:26 status unpacked aptitude:amd64 0.6.8.2-1
2013-05-24 05:24:26 install bsdmainutils:amd64 <none> 9.0.3
2013-05-24 05:24:26 status half-installed bsdmainutils:amd64 9.0.3
2013-05-24 05:24:27 status unpacked bsdmainutils:amd64 9.0.3
2013-05-24 05:24:27 status unpacked bsdmainutils:amd64 9.0.3
2013-05-24 05:24:27 install cpio:amd64 <none> 2.11+dfsg-0.1
2013-05-24 05:24:27 status half-installed cpio:amd64 2.11+dfsg-0.1
2013-05-24 05:24:28 status unpacked cpio:amd64 2.11+dfsg-0.1
2013-05-24 05:24:28 status unpacked cpio:amd64 2.11+dfsg-0.1
2013-05-24 05:24:28 install dmidecode:amd64 <none> 2.11-9
2013-05-24 05:24:28 status half-installed dmidecode:amd64 2.11-9
2013-05-24 05:24:28 status unpacked dmidecode:amd64 2.11-9
2013-05-24 05:24:28 status unpacked dmidecode:amd64 2.11-9
2013-05-24 05:24:29 install groff-base:amd64 <none> 1.21-9
2013-05-24 05:24:29 status half-installed groff-base:amd64 1.21-9
2013-05-24 05:24:29 status unpacked groff-base:amd64 1.21-9
2013-05-24 05:24:29 status unpacked groff-base:amd64 1.21-9
2013-05-24 05:24:30 install info:amd64 <none> 4.13a.dfsg.1-10
2013-05-24 05:24:30 status half-installed info:amd64 4.13a.dfsg.1-10
2013-05-24 05:24:30 status unpacked info:amd64 4.13a.dfsg.1-10
2013-05-24 05:24:30 status unpacked info:amd64 4.13a.dfsg.1-10
2013-05-24 05:24:30 install libnfnetlink0:amd64 <none> 1.0.0-1.1
2013-05-24 05:24:30 status half-installed libnfnetlink0:amd64 1.0.0-1.1
2013-05-24 05:24:31 status unpacked libnfnetlink0:amd64 1.0.0-1.1
2013-05-24 05:24:31 status unpacked libnfnetlink0:amd64 1.0.0-1.1
2013-05-24 05:24:31 install iptables:amd64 <none> 1.4.14-3.1
2013-05-24 05:24:31 status half-installed iptables:amd64 1.4.14-3.1
2013-05-24 05:24:31 status unpacked iptables:amd64 1.4.14-3.1
2013-05-24 05:24:32 status unpacked iptables:amd64 1.4.14-3.1
2013-05-24 05:24:32 install iputils-ping:amd64 <none> 3:20101006-1+b1
2013-05-24 05:24:32 status half-installed iputils-ping:amd64 3:20101006-1+b1
2013-05-24 05:24:32 status unpacked iputils-ping:amd64 3:20101006-1+b1
2013-05-24 05:24:32 status unpacked iputils-ping:amd64 3:20101006-1+b1
2013-05-24 05:24:32 install isc-dhcp-common:amd64 <none> 4.2.2.dfsg.1-5+deb70u3
2013-05-24 05:24:32 status half-installed isc-dhcp-common:amd64 4.2.2.dfsg.1-5+deb70u3
2013-05-24 05:24:33 status unpacked isc-dhcp-common:amd64 4.2.2.dfsg.1-5+deb70u3
2013-05-24 05:24:33 status unpacked isc-dhcp-common:amd64 4.2.2.dfsg.1-5+deb70u3
2013-05-24 05:24:33 install isc-dhcp-client:amd64 <none> 4.2.2.dfsg.1-5+deb70u3
2013-05-24 05:24:33 status half-installed isc-dhcp-client:amd64 4.2.2.dfsg.1-5+deb70u3
2013-05-24 05:24:34 status unpacked isc-dhcp-client:amd64 4.2.2.dfsg.1-5+deb70u3
2013-05-24 05:24:34 status unpacked isc-dhcp-client:amd64 4.2.2.dfsg.1-5+deb70u3
2013-05-24 05:24:34 install kmod:amd64 <none> 9-3
2013-05-24 05:24:34 status half-installed kmod:amd64 9-3
2013-05-24 05:24:35 status unpacked kmod:amd64 9-3
2013-05-24 05:24:35 status unpacked kmod:amd64 9-3
2013-05-24 05:24:35 install logrotate:amd64 <none> 3.8.1-4
2013-05-24 05:24:35 status half-installed logrotate:amd64 3.8.1-4
2013-05-24 05:24:35 status unpacked logrotate:amd64 3.8.1-4
2013-05-24 05:24:35 status unpacked logrotate:amd64 3.8.1-4
2013-05-24 05:24:36 install man-db:amd64 <none> 2.6.2-1
2013-05-24 05:24:36 status half-installed man-db:amd64 2.6.2-1
2013-05-24 05:24:37 status unpacked man-db:amd64 2.6.2-1
2013-05-24 05:24:37 status unpacked man-db:amd64 2.6.2-1
2013-05-24 05:24:37 install manpages:all <none> 3.44-1
2013-05-24 05:24:37 status half-installed manpages:all 3.44-1
2013-05-24 05:24:37 status unpacked manpages:all 3.44-1
2013-05-24 05:24:37 status unpacked manpages:all 3.44-1
2013-05-24 05:24:38 install nano:amd64 <none> 2.2.6-1+b1
2013-05-24 05:24:38 status half-installed nano:amd64 2.2.6-1+b1
2013-05-24 05:24:39 status half-installed nano:amd64 2.2.6-1+b1
2013-05-24 05:24:39 status unpacked nano:amd64 2.2.6-1+b1
2013-05-24 05:24:39 status unpacked nano:amd64 2.2.6-1+b1
2013-05-24 05:24:39 install net-tools:amd64 <none> 1.60-24.2
2013-05-24 05:24:39 status half-installed net-tools:amd64 1.60-24.2
2013-05-24 05:24:40 status unpacked net-tools:amd64 1.60-24.2
2013-05-24 05:24:40 status unpacked net-tools:amd64 1.60-24.2
2013-05-24 05:24:40 install netbase:all <none> 5.0
2013-05-24 05:24:40 status half-installed netbase:all 5.0
2013-05-24 05:24:40 status unpacked netbase:all 5.0
2013-05-24 05:24:40 status unpacked netbase:all 5.0
2013-05-24 05:24:41 install netcat-traditional:amd64 <none> 1.10-40
2013-05-24 05:24:41 status half-installed netcat-traditional:amd64 1.10-40
2013-05-24 05:24:41 status unpacked netcat-traditional:amd64 1.10-40
2013-05-24 05:24:41 status unpacked netcat-traditional:amd64 1.10-40
2013-05-24 05:24:42 install rsyslog:amd64 <none> 5.8.11-3
2013-05-24 05:24:42 status half-installed rsyslog:amd64 5.8.11-3
2013-05-24 05:24:42 status unpacked rsyslog:amd64 5.8.11-3
2013-05-24 05:24:42 status unpacked rsyslog:amd64 5.8.11-3
2013-05-24 05:24:42 install traceroute:amd64 <none> 1:2.0.18-3
2013-05-24 05:24:42 status half-installed traceroute:amd64 1:2.0.18-3
2013-05-24 05:24:43 status unpacked traceroute:amd64 1:2.0.18-3
2013-05-24 05:24:43 status unpacked traceroute:amd64 1:2.0.18-3
2013-05-24 05:24:43 install vim-common:amd64 <none> 2:7.3.547-7
2013-05-24 05:24:43 status half-installed vim-common:amd64 2:7.3.547-7
2013-05-24 05:24:43 status unpacked vim-common:amd64 2:7.3.547-7
2013-05-24 05:24:44 status unpacked vim-common:amd64 2:7.3.547-7
2013-05-24 05:24:44 install vim-tiny:amd64 <none> 2:7.3.547-7
2013-05-24 05:24:44 status half-installed vim-tiny:amd64 2:7.3.547-7
2013-05-24 05:24:44 status unpacked vim-tiny:amd64 2:7.3.547-7
2013-05-24 05:24:44 status unpacked vim-tiny:amd64 2:7.3.547-7
2013-05-24 05:24:45 install wget:amd64 <none> 1.13.4-3
2013-05-24 05:24:45 status half-installed wget:amd64 1.13.4-3
2013-05-24 05:24:45 status half-installed wget:amd64 1.13.4-3
2013-05-24 05:24:45 status unpacked wget:amd64 1.13.4-3
2013-05-24 05:24:45 status unpacked wget:amd64 1.13.4-3
2013-05-24 05:24:45 install whiptail:amd64 <none> 0.52.14-11.1
2013-05-24 05:24:45 status half-installed whiptail:amd64 0.52.14-11.1
2013-05-24 05:24:46 status unpacked whiptail:amd64 0.52.14-11.1
2013-05-24 05:24:46 status unpacked whiptail:amd64 0.52.14-11.1
2013-05-24 05:24:46 trigproc install-info:amd64 4.13a.dfsg.1-10 4.13a.dfsg.1-10
2013-05-24 05:24:46 status half-configured install-info:amd64 4.13a.dfsg.1-10
2013-05-24 05:24:46 status installed install-info:amd64 4.13a.dfsg.1-10
2013-05-24 05:24:46 startup packages configure
2013-05-24 05:24:46 configure adduser:all 3.113+nmu3 <none>
2013-05-24 05:24:46 status unpacked adduser:all 3.113+nmu3
2013-05-24 05:24:46 status unpacked adduser:all 3.113+nmu3
2013-05-24 05:24:46 status half-configured adduser:all 3.113+nmu3
2013-05-24 05:24:47 status installed adduser:all 3.113+nmu3
2013-05-24 05:24:47 configure cron:amd64 3.0pl1-124 <none>
2013-05-24 05:24:47 status unpacked cron:amd64 3.0pl1-124
2013-05-24 05:24:47 status unpacked cron:amd64 3.0pl1-124
2013-05-24 05:24:47 status unpacked cron:amd64 3.0pl1-124
2013-05-24 05:24:47 status unpacked cron:amd64 3.0pl1-124
2013-05-24 05:24:47 status unpacked cron:amd64 3.0pl1-124
2013-05-24 05:24:47 status unpacked cron:amd64 3.0pl1-124
2013-05-24 05:24:47 status unpacked cron:amd64 3.0pl1-124
2013-05-24 05:24:47 status unpacked cron:amd64 3.0pl1-124
2013-05-24 05:24:48 status unpacked cron:amd64 3.0pl1-124
2013-05-24 05:24:48 status unpacked cron:amd64 3.0pl1-124
2013-05-24 05:24:48 status half-configured cron:amd64 3.0pl1-124
2013-05-24 05:24:48 status installed cron:amd64 3.0pl1-124
2013-05-24 05:24:48 configure iproute:amd64 20120521-3+b3 <none>
2013-05-24 05:24:48 status unpacked iproute:amd64 20120521-3+b3
2013-05-24 05:24:48 status unpacked iproute:amd64 20120521-3+b3
2013-05-24 05:24:48 status unpacked iproute:amd64 20120521-3+b3
2013-05-24 05:24:49 status unpacked iproute:amd64 20120521-3+b3
2013-05-24 05:24:49 status unpacked iproute:amd64 20120521-3+b3
2013-05-24 05:24:49 status unpacked iproute:amd64 20120521-3+b3
2013-05-24 05:24:49 status unpacked iproute:amd64 20120521-3+b3
2013-05-24 05:24:49 status unpacked iproute:amd64 20120521-3+b3
2013-05-24 05:24:49 status half-configured iproute:amd64 20120521-3+b3
2013-05-24 05:24:49 status installed iproute:amd64 20120521-3+b3
2013-05-24 05:24:49 configure ifupdown:amd64 0.7.8 <none>
2013-05-24 05:24:49 status unpacked ifupdown:amd64 0.7.8
2013-05-24 05:24:49 status unpacked ifupdown:amd64 0.7.8
2013-05-24 05:24:49 status unpacked ifupdown:amd64 0.7.8
2013-05-24 05:24:49 status unpacked ifupdown:amd64 0.7.8
2013-05-24 05:24:49 status unpacked ifupdown:amd64 0.7.8
2013-05-24 05:24:49 status unpacked ifupdown:amd64 0.7.8
2013-05-24 05:24:50 status unpacked ifupdown:amd64 0.7.8
2013-05-24 05:24:50 status unpacked ifupdown:amd64 0.7.8
2013-05-24 05:24:50 status unpacked ifupdown:amd64 0.7.8
2013-05-24 05:24:50 status half-configured ifupdown:amd64 0.7.8
2013-05-24 05:24:50 status installed ifupdown:amd64 0.7.8
2013-05-24 05:24:50 configure libapt-inst1.5:amd64 0.9.7.8 <none>
2013-05-24 05:24:50 status unpacked libapt-inst1.5:amd64 0.9.7.8
2013-05-24 05:24:50 status half-configured libapt-inst1.5:amd64 0.9.7.8
2013-05-24 05:24:50 status installed libapt-inst1.5:amd64 0.9.7.8
2013-05-24 05:24:50 configure libgdbm3:amd64 1.8.3-11 <none>
2013-05-24 05:24:50 status unpacked libgdbm3:amd64 1.8.3-11
2013-05-24 05:24:50 status half-configured libgdbm3:amd64 1.8.3-11
2013-05-24 05:24:51 status installed libgdbm3:amd64 1.8.3-11
2013-05-24 05:24:51 configure libkmod2:amd64 9-3 <none>
2013-05-24 05:24:51 status unpacked libkmod2:amd64 9-3
2013-05-24 05:24:51 status half-configured libkmod2:amd64 9-3
2013-05-24 05:24:51 status installed libkmod2:amd64 9-3
2013-05-24 05:24:51 configure libncursesw5:amd64 5.9-10 <none>
2013-05-24 05:24:51 status unpacked libncursesw5:amd64 5.9-10
2013-05-24 05:24:51 status half-configured libncursesw5:amd64 5.9-10
2013-05-24 05:24:51 status installed libncursesw5:amd64 5.9-10
2013-05-24 05:24:51 configure libnewt0.52:amd64 0.52.14-11.1 <none>
2013-05-24 05:24:51 status unpacked libnewt0.52:amd64 0.52.14-11.1
2013-05-24 05:24:51 status half-configured libnewt0.52:amd64 0.52.14-11.1
2013-05-24 05:24:51 status installed libnewt0.52:amd64 0.52.14-11.1
2013-05-24 05:24:52 configure libpipeline1:amd64 1.2.1-1 <none>
2013-05-24 05:24:52 status unpacked libpipeline1:amd64 1.2.1-1
2013-05-24 05:24:52 status half-configured libpipeline1:amd64 1.2.1-1
2013-05-24 05:24:52 status installed libpipeline1:amd64 1.2.1-1
2013-05-24 05:24:52 configure libpopt0:amd64 1.16-7 <none>
2013-05-24 05:24:52 status unpacked libpopt0:amd64 1.16-7
2013-05-24 05:24:52 status half-configured libpopt0:amd64 1.16-7
2013-05-24 05:24:52 status installed libpopt0:amd64 1.16-7
2013-05-24 05:24:52 configure libprocps0:amd64 1:3.3.3-3 <none>
2013-05-24 05:24:52 status unpacked libprocps0:amd64 1:3.3.3-3
2013-05-24 05:24:52 status half-configured libprocps0:amd64 1:3.3.3-3
2013-05-24 05:24:52 status installed libprocps0:amd64 1:3.3.3-3
2013-05-24 05:24:53 configure libsigc++-2.0-0c2a:amd64 2.2.10-0.2 <none>
2013-05-24 05:24:53 status unpacked libsigc++-2.0-0c2a:amd64 2.2.10-0.2
2013-05-24 05:24:53 status half-configured libsigc++-2.0-0c2a:amd64 2.2.10-0.2
2013-05-24 05:24:53 status installed libsigc++-2.0-0c2a:amd64 2.2.10-0.2
2013-05-24 05:24:53 configure libssl1.0.0:amd64 1.0.1e-2 <none>
2013-05-24 05:24:53 status unpacked libssl1.0.0:amd64 1.0.1e-2
2013-05-24 05:24:53 status half-configured libssl1.0.0:amd64 1.0.1e-2
2013-05-24 05:24:53 status installed libssl1.0.0:amd64 1.0.1e-2
2013-05-24 05:24:53 configure libudev0:amd64 175-7.2 <none>
2013-05-24 05:24:53 status unpacked libudev0:amd64 175-7.2
2013-05-24 05:24:53 status half-configured libudev0:amd64 175-7.2
2013-05-24 05:24:54 status installed libudev0:amd64 175-7.2
2013-05-24 05:24:54 configure procps:amd64 1:3.3.3-3 <none>
2013-05-24 05:24:54 status unpacked procps:amd64 1:3.3.3-3
2013-05-24 05:24:54 status unpacked procps:amd64 1:3.3.3-3
2013-05-24 05:24:54 status unpacked procps:amd64 1:3.3.3-3
2013-05-24 05:24:54 status unpacked procps:amd64 1:3.3.3-3
2013-05-24 05:24:54 status half-configured procps:amd64 1:3.3.3-3
2013-05-24 05:24:54 status installed procps:amd64 1:3.3.3-3
2013-05-24 05:24:54 configure udev:amd64 175-7.2 <none>
2013-05-24 05:24:54 status unpacked udev:amd64 175-7.2
2013-05-24 05:24:54 status unpacked udev:amd64 175-7.2
2013-05-24 05:24:54 status unpacked udev:amd64 175-7.2
2013-05-24 05:24:55 status unpacked udev:amd64 175-7.2
2013-05-24 05:24:55 status unpacked udev:amd64 175-7.2
2013-05-24 05:24:55 status unpacked udev:amd64 175-7.2
2013-05-24 05:24:55 status unpacked udev:amd64 175-7.2
2013-05-24 05:24:55 status unpacked udev:amd64 175-7.2
2013-05-24 05:24:55 status unpacked udev:amd64 175-7.2
2013-05-24 05:24:55 status unpacked udev:amd64 175-7.2
2013-05-24 05:24:55 status unpacked udev:amd64 175-7.2
2013-05-24 05:24:55 status half-configured udev:amd64 175-7.2
2013-05-24 05:24:55 status installed udev:amd64 175-7.2
2013-05-24 05:24:55 configure libgpg-error0:amd64 1.10-3.1 <none>
2013-05-24 05:24:55 status unpacked libgpg-error0:amd64 1.10-3.1
2013-05-24 05:24:55 status half-configured libgpg-error0:amd64 1.10-3.1
2013-05-24 05:24:56 status installed libgpg-error0:amd64 1.10-3.1
2013-05-24 05:24:56 configure libgcrypt11:amd64 1.5.0-5 <none>
2013-05-24 05:24:56 status unpacked libgcrypt11:amd64 1.5.0-5
2013-05-24 05:24:56 status half-configured libgcrypt11:amd64 1.5.0-5
2013-05-24 05:24:56 status installed libgcrypt11:amd64 1.5.0-5
2013-05-24 05:24:56 configure libp11-kit0:amd64 0.12-3 <none>
2013-05-24 05:24:56 status unpacked libp11-kit0:amd64 0.12-3
2013-05-24 05:24:56 status half-configured libp11-kit0:amd64 0.12-3
2013-05-24 05:24:56 status installed libp11-kit0:amd64 0.12-3
2013-05-24 05:24:56 configure libtasn1-3:amd64 2.13-2 <none>
2013-05-24 05:24:56 status unpacked libtasn1-3:amd64 2.13-2
2013-05-24 05:24:56 status half-configured libtasn1-3:amd64 2.13-2
2013-05-24 05:24:57 status installed libtasn1-3:amd64 2.13-2
2013-05-24 05:24:57 configure libgnutls26:amd64 2.12.20-6 <none>
2013-05-24 05:24:57 status unpacked libgnutls26:amd64 2.12.20-6
2013-05-24 05:24:57 status half-configured libgnutls26:amd64 2.12.20-6
2013-05-24 05:24:57 status installed libgnutls26:amd64 2.12.20-6
2013-05-24 05:24:57 configure libidn11:amd64 1.25-2 <none>
2013-05-24 05:24:57 status unpacked libidn11:amd64 1.25-2
2013-05-24 05:24:57 status half-configured libidn11:amd64 1.25-2
2013-05-24 05:24:57 status installed libidn11:amd64 1.25-2
2013-05-24 05:24:57 configure libsqlite3-0:amd64 3.7.13-1+deb7u1 <none>
2013-05-24 05:24:57 status unpacked libsqlite3-0:amd64 3.7.13-1+deb7u1
2013-05-24 05:24:57 status half-configured libsqlite3-0:amd64 3.7.13-1+deb7u1
2013-05-24 05:24:58 status installed libsqlite3-0:amd64 3.7.13-1+deb7u1
2013-05-24 05:24:58 configure apt-utils:amd64 0.9.7.8 <none>
2013-05-24 05:24:58 status unpacked apt-utils:amd64 0.9.7.8
2013-05-24 05:24:58 status half-configured apt-utils:amd64 0.9.7.8
2013-05-24 05:24:58 status installed apt-utils:amd64 0.9.7.8
2013-05-24 05:24:58 configure aptitude-common:all 0.6.8.2-1 <none>
2013-05-24 05:24:58 status unpacked aptitude-common:all 0.6.8.2-1
2013-05-24 05:24:58 status half-configured aptitude-common:all 0.6.8.2-1
2013-05-24 05:24:58 status installed aptitude-common:all 0.6.8.2-1
2013-05-24 05:24:58 configure libboost-iostreams1.49.0:amd64 1.49.0-3.2 <none>
2013-05-24 05:24:58 status unpacked libboost-iostreams1.49.0:amd64 1.49.0-3.2
2013-05-24 05:24:58 status half-configured libboost-iostreams1.49.0:amd64 1.49.0-3.2
2013-05-24 05:24:58 status installed libboost-iostreams1.49.0:amd64 1.49.0-3.2
2013-05-24 05:24:59 configure libcwidget3:amd64 0.5.16-3.4 <none>
2013-05-24 05:24:59 status unpacked libcwidget3:amd64 0.5.16-3.4
2013-05-24 05:24:59 status half-configured libcwidget3:amd64 0.5.16-3.4
2013-05-24 05:24:59 status installed libcwidget3:amd64 0.5.16-3.4
2013-05-24 05:24:59 configure libxapian22:amd64 1.2.12-2 <none>
2013-05-24 05:24:59 status unpacked libxapian22:amd64 1.2.12-2
2013-05-24 05:24:59 status half-configured libxapian22:amd64 1.2.12-2
2013-05-24 05:24:59 status installed libxapian22:amd64 1.2.12-2
2013-05-24 05:24:59 configure libept1.4.12:amd64 1.0.9 <none>
2013-05-24 05:24:59 status unpacked libept1.4.12:amd64 1.0.9
2013-05-24 05:24:59 status half-configured libept1.4.12:amd64 1.0.9
2013-05-24 05:24:59 status installed libept1.4.12:amd64 1.0.9
2013-05-24 05:24:59 configure aptitude:amd64 0.6.8.2-1 <none>
2013-05-24 05:24:59 status unpacked aptitude:amd64 0.6.8.2-1
2013-05-24 05:25:00 status unpacked aptitude:amd64 0.6.8.2-1
2013-05-24 05:25:00 status unpacked aptitude:amd64 0.6.8.2-1
2013-05-24 05:25:00 status half-configured aptitude:amd64 0.6.8.2-1
2013-05-24 05:25:00 status installed aptitude:amd64 0.6.8.2-1
2013-05-24 05:25:00 configure bsdmainutils:amd64 9.0.3 <none>
2013-05-24 05:25:00 status unpacked bsdmainutils:amd64 9.0.3
2013-05-24 05:25:00 status unpacked bsdmainutils:amd64 9.0.3
2013-05-24 05:25:00 status unpacked bsdmainutils:amd64 9.0.3
2013-05-24 05:25:00 status unpacked bsdmainutils:amd64 9.0.3
2013-05-24 05:25:00 status half-configured bsdmainutils:amd64 9.0.3
2013-05-24 05:25:00 status installed bsdmainutils:amd64 9.0.3
2013-05-24 05:25:00 configure cpio:amd64 2.11+dfsg-0.1 <none>
2013-05-24 05:25:00 status unpacked cpio:amd64 2.11+dfsg-0.1
2013-05-24 05:25:01 status half-configured cpio:amd64 2.11+dfsg-0.1
2013-05-24 05:25:01 status installed cpio:amd64 2.11+dfsg-0.1
2013-05-24 05:25:01 configure dmidecode:amd64 2.11-9 <none>
2013-05-24 05:25:01 status unpacked dmidecode:amd64 2.11-9
2013-05-24 05:25:01 status half-configured dmidecode:amd64 2.11-9
2013-05-24 05:25:01 status installed dmidecode:amd64 2.11-9
2013-05-24 05:25:01 configure groff-base:amd64 1.21-9 <none>
2013-05-24 05:25:01 status unpacked groff-base:amd64 1.21-9
2013-05-24 05:25:01 status unpacked groff-base:amd64 1.21-9
2013-05-24 05:25:01 status unpacked groff-base:amd64 1.21-9
2013-05-24 05:25:01 status half-configured groff-base:amd64 1.21-9
2013-05-24 05:25:01 status installed groff-base:amd64 1.21-9
2013-05-24 05:25:01 configure info:amd64 4.13a.dfsg.1-10 <none>
2013-05-24 05:25:01 status unpacked info:amd64 4.13a.dfsg.1-10
2013-05-24 05:25:02 status half-configured info:amd64 4.13a.dfsg.1-10
2013-05-24 05:25:02 status installed info:amd64 4.13a.dfsg.1-10
2013-05-24 05:25:02 configure libnfnetlink0:amd64 1.0.0-1.1 <none>
2013-05-24 05:25:02 status unpacked libnfnetlink0:amd64 1.0.0-1.1
2013-05-24 05:25:02 status half-configured libnfnetlink0:amd64 1.0.0-1.1
2013-05-24 05:25:02 status installed libnfnetlink0:amd64 1.0.0-1.1
2013-05-24 05:25:02 configure iptables:amd64 1.4.14-3.1 <none>
2013-05-24 05:25:02 status unpacked iptables:amd64 1.4.14-3.1
2013-05-24 05:25:02 status half-configured iptables:amd64 1.4.14-3.1
2013-05-24 05:25:02 status installed iptables:amd64 1.4.14-3.1
2013-05-24 05:25:02 configure iputils-ping:amd64 3:20101006-1+b1 <none>
2013-05-24 05:25:02 status unpacked iputils-ping:amd64 3:20101006-1+b1
2013-05-24 05:25:03 status half-configured iputils-ping:amd64 3:20101006-1+b1
2013-05-24 05:25:03 status installed iputils-ping:amd64 3:20101006-1+b1
2013-05-24 05:25:03 configure isc-dhcp-common:amd64 4.2.2.dfsg.1-5+deb70u3 <none>
2013-05-24 05:25:03 status unpacked isc-dhcp-common:amd64 4.2.2.dfsg.1-5+deb70u3
2013-05-24 05:25:03 status half-configured isc-dhcp-common:amd64 4.2.2.dfsg.1-5+deb70u3
2013-05-24 05:25:03 status installed isc-dhcp-common:amd64 4.2.2.dfsg.1-5+deb70u3
2013-05-24 05:25:03 configure isc-dhcp-client:amd64 4.2.2.dfsg.1-5+deb70u3 <none>
2013-05-24 05:25:03 status unpacked isc-dhcp-client:amd64 4.2.2.dfsg.1-5+deb70u3
2013-05-24 05:25:03 status unpacked isc-dhcp-client:amd64 4.2.2.dfsg.1-5+deb70u3
2013-05-24 05:25:03 status unpacked isc-dhcp-client:amd64 4.2.2.dfsg.1-5+deb70u3
2013-05-24 05:25:03 status unpacked isc-dhcp-client:amd64 4.2.2.dfsg.1-5+deb70u3
2013-05-24 05:25:03 status unpacked isc-dhcp-client:amd64 4.2.2.dfsg.1-5+deb70u3
2013-05-24 05:25:03 status half-configured isc-dhcp-client:amd64 4.2.2.dfsg.1-5+deb70u3
2013-05-24 05:25:03 status installed isc-dhcp-client:amd64 4.2.2.dfsg.1-5+deb70u3
2013-05-24 05:25:04 configure kmod:amd64 9-3 <none>
2013-05-24 05:25:04 status unpacked kmod:amd64 9-3
2013-05-24 05:25:04 status unpacked kmod:amd64 9-3
2013-05-24 05:25:04 status half-configured kmod:amd64 9-3
2013-05-24 05:25:04 status installed kmod:amd64 9-3
2013-05-24 05:25:04 configure logrotate:amd64 3.8.1-4 <none>
2013-05-24 05:25:04 status unpacked logrotate:amd64 3.8.1-4
2013-05-24 05:25:04 status unpacked logrotate:amd64 3.8.1-4
2013-05-24 05:25:04 status unpacked logrotate:amd64 3.8.1-4
2013-05-24 05:25:04 status half-configured logrotate:amd64 3.8.1-4
2013-05-24 05:25:04 status installed logrotate:amd64 3.8.1-4
2013-05-24 05:25:04 configure man-db:amd64 2.6.2-1 <none>
2013-05-24 05:25:04 status unpacked man-db:amd64 2.6.2-1
2013-05-24 05:25:04 status unpacked man-db:amd64 2.6.2-1
2013-05-24 05:25:04 status unpacked man-db:amd64 2.6.2-1
2013-05-24 05:25:05 status unpacked man-db:amd64 2.6.2-1
2013-05-24 05:25:05 status half-configured man-db:amd64 2.6.2-1
2013-05-24 05:25:18 status installed man-db:amd64 2.6.2-1
2013-05-24 05:25:18 configure manpages:all 3.44-1 <none>
2013-05-24 05:25:18 status unpacked manpages:all 3.44-1
2013-05-24 05:25:18 status half-configured manpages:all 3.44-1
2013-05-24 05:25:18 status installed manpages:all 3.44-1
2013-05-24 05:25:18 configure nano:amd64 2.2.6-1+b1 <none>
2013-05-24 05:25:18 status unpacked nano:amd64 2.2.6-1+b1
2013-05-24 05:25:18 status unpacked nano:amd64 2.2.6-1+b1
2013-05-24 05:25:18 status half-configured nano:amd64 2.2.6-1+b1
2013-05-24 05:25:18 status installed nano:amd64 2.2.6-1+b1
2013-05-24 05:25:19 configure net-tools:amd64 1.60-24.2 <none>
2013-05-24 05:25:19 status unpacked net-tools:amd64 1.60-24.2
2013-05-24 05:25:19 status half-configured net-tools:amd64 1.60-24.2
2013-05-24 05:25:19 status installed net-tools:amd64 1.60-24.2
2013-05-24 05:25:19 configure netbase:all 5.0 <none>
2013-05-24 05:25:19 status unpacked netbase:all 5.0
2013-05-24 05:25:19 status unpacked netbase:all 5.0
2013-05-24 05:25:19 status unpacked netbase:all 5.0
2013-05-24 05:25:19 status unpacked netbase:all 5.0
2013-05-24 05:25:19 status half-configured netbase:all 5.0
2013-05-24 05:25:19 status installed netbase:all 5.0
2013-05-24 05:25:19 configure netcat-traditional:amd64 1.10-40 <none>
2013-05-24 05:25:19 status unpacked netcat-traditional:amd64 1.10-40
2013-05-24 05:25:20 status half-configured netcat-traditional:amd64 1.10-40
2013-05-24 05:25:20 status installed netcat-traditional:amd64 1.10-40
2013-05-24 05:25:20 configure rsyslog:amd64 5.8.11-3 <none>
2013-05-24 05:25:20 status unpacked rsyslog:amd64 5.8.11-3
2013-05-24 05:25:20 status unpacked rsyslog:amd64 5.8.11-3
2013-05-24 05:25:20 status unpacked rsyslog:amd64 5.8.11-3
2013-05-24 05:25:20 status unpacked rsyslog:amd64 5.8.11-3
2013-05-24 05:25:20 status unpacked rsyslog:amd64 5.8.11-3
2013-05-24 05:25:20 status unpacked rsyslog:amd64 5.8.11-3
2013-05-24 05:25:20 status half-configured rsyslog:amd64 5.8.11-3
2013-05-24 05:25:21 status installed rsyslog:amd64 5.8.11-3
2013-05-24 05:25:21 configure traceroute:amd64 1:2.0.18-3 <none>
2013-05-24 05:25:21 status unpacked traceroute:amd64 1:2.0.18-3
2013-05-24 05:25:21 status half-configured traceroute:amd64 1:2.0.18-3
2013-05-24 05:25:21 status installed traceroute:amd64 1:2.0.18-3
2013-05-24 05:25:21 configure vim-common:amd64 2:7.3.547-7 <none>
2013-05-24 05:25:21 status unpacked vim-common:amd64 2:7.3.547-7
2013-05-24 05:25:21 status unpacked vim-common:amd64 2:7.3.547-7
2013-05-24 05:25:21 status half-configured vim-common:amd64 2:7.3.547-7
2013-05-24 05:25:22 status installed vim-common:amd64 2:7.3.547-7
2013-05-24 05:25:22 configure vim-tiny:amd64 2:7.3.547-7 <none>
2013-05-24 05:25:22 status unpacked vim-tiny:amd64 2:7.3.547-7
2013-05-24 05:25:22 status unpacked vim-tiny:amd64 2:7.3.547-7
2013-05-24 05:25:22 status half-configured vim-tiny:amd64 2:7.3.547-7
2013-05-24 05:25:22 status installed vim-tiny:amd64 2:7.3.547-7
2013-05-24 05:25:22 configure wget:amd64 1.13.4-3 <none>
2013-05-24 05:25:22 status unpacked wget:amd64 1.13.4-3
2013-05-24 05:25:23 status unpacked wget:amd64 1.13.4-3
2013-05-24 05:25:23 status half-configured wget:amd64 1.13.4-3
2013-05-24 05:25:23 status installed wget:amd64 1.13.4-3
2013-05-24 05:25:23 configure whiptail:amd64 0.52.14-11.1 <none>
2013-05-24 05:25:23 status unpacked whiptail:amd64 0.52.14-11.1
2013-05-24 05:25:23 status half-configured whiptail:amd64 0.52.14-11.1
2013-05-24 05:25:23 status installed whiptail:amd64 0.52.14-11.1
2013-05-24 05:25:23 configure tasksel-data:all 3.14+nmu2 <none>
2013-05-24 05:25:23 status unpacked tasksel-data:all 3.14+nmu2
2013-05-24 05:25:23 status half-configured tasksel-data:all 3.14+nmu2
2013-05-24 05:25:23 status installed tasksel-data:all 3.14+nmu2
2013-05-24 05:25:23 configure tasksel:all 3.14+nmu2 <none>
2013-05-24 05:25:23 status unpacked tasksel:all 3.14+nmu2
2013-05-24 05:25:23 status half-configured tasksel:all 3.14+nmu2
2013-05-24 05:25:24 status installed tasksel:all 3.14+nmu2
2013-05-24 05:25:25 startup packages purge
2013-05-24 05:25:25 status installed cdebootstrap-helper-apt:all 1
2013-05-24 05:25:26 remove cdebootstrap-helper-apt:all 1 <none>
2013-05-24 05:25:26 status half-configured cdebootstrap-helper-apt:all 1
2013-05-24 05:25:26 status half-installed cdebootstrap-helper-apt:all 1
2013-05-24 05:25:26 status config-files cdebootstrap-helper-apt:all 1
2013-05-24 05:25:26 purge cdebootstrap-helper-apt:all 1 <none>
2013-05-24 05:25:26 status config-files cdebootstrap-helper-apt:all 1
2013-05-24 05:25:26 status config-files cdebootstrap-helper-apt:all 1
2013-05-24 05:25:26 status config-files cdebootstrap-helper-apt:all 1
2013-05-24 05:25:27 status config-files cdebootstrap-helper-apt:all 1
2013-05-24 05:25:27 status config-files cdebootstrap-helper-apt:all 1
2013-05-24 05:25:27 status not-installed cdebootstrap-helper-apt:all <none>
2013-05-24 05:25:27 startup packages purge
2013-05-24 05:25:27 status installed cdebootstrap-helper-rc.d:all 1
2013-05-24 05:25:27 remove cdebootstrap-helper-rc.d:all 1 <none>
2013-05-24 05:25:27 status half-configured cdebootstrap-helper-rc.d:all 1
2013-05-24 05:25:27 status half-installed cdebootstrap-helper-rc.d:all 1
2013-05-24 05:25:28 status config-files cdebootstrap-helper-rc.d:all 1
2013-05-24 05:25:28 status config-files cdebootstrap-helper-rc.d:all 1
2013-05-24 05:25:28 status config-files cdebootstrap-helper-rc.d:all 1
2013-05-24 05:25:28 status not-installed cdebootstrap-helper-rc.d:all <none>
2013-05-24 05:25:28 startup packages purge
2013-05-24 05:25:28 status installed cdebootstrap-helper-makedev:all 1
2013-05-24 05:25:28 remove cdebootstrap-helper-makedev:all 1 <none>
2013-05-24 05:25:28 status half-configured cdebootstrap-helper-makedev:all 1
2013-05-24 05:25:28 status half-installed cdebootstrap-helper-makedev:all 1
2013-05-24 05:25:28 status config-files cdebootstrap-helper-makedev:all 1
2013-05-24 05:25:29 purge cdebootstrap-helper-makedev:all 1 <none>
2013-05-24 05:25:29 status config-files cdebootstrap-helper-makedev:all 1
2013-05-24 05:25:29 status config-files cdebootstrap-helper-makedev:all 1
2013-05-24 05:25:29 status config-files cdebootstrap-helper-makedev:all 1
2013-05-24 05:25:29 status config-files cdebootstrap-helper-makedev:all 1
2013-05-24 05:25:29 status config-files cdebootstrap-helper-makedev:all 1
2013-05-24 05:25:29 status not-installed cdebootstrap-helper-makedev:all <none>
